Log file open, 07/07/17 12:55:39
LogInit:Display: Running engine for game: BuildingEscape
LogPlatformFile: Not using cached read wrapper
LogInit:Display: RandInit(-806778400) SRandInit(-806778400).
LogTaskGraph: Started task graph with 5 named threads and 10 total threads with 1 sets of task threads.
LogStats: Stats thread started at 0.100596
LogInit: Using libcurl 7.47.1
LogInit:  - built for x86_64-pc-win32
LogInit:  - supports SSL with OpenSSL/1.0.2g
LogInit:  - supports HTTP deflate (compression) using libz 1.2.8
LogInit:  - other features:
LogInit:      CURL_VERSION_SSL
LogInit:      CURL_VERSION_LIBZ
LogInit:      CURL_VERSION_IPV6
LogInit:      CURL_VERSION_ASYNCHDNS
LogInit:      CURL_VERSION_LARGEFILE
LogInit:      CURL_VERSION_IDN
LogInit:  CurlRequestOptions (configurable via config and command line):
LogInit:  - bVerifyPeer = false  - Libcurl will NOT verify peer certificate
LogInit:  - bUseHttpProxy = false  - Libcurl will NOT use HTTP proxy
LogInit:  - bDontReuseConnections = false  - Libcurl will reuse connections
LogInit:  - CertBundlePath = nullptr  - Libcurl will use whatever was configured at build time.
LogInit: Build: ++UE4+Release-4.16-CL-3514769
LogInit: Engine Version: 4.16.2-3514769+++UE4+Release-4.16
LogInit: Compatible Engine Version: 4.16.0-3452394+++UE4+Release-4.16
LogInit: Net CL: 3452394
LogDevObjectVersion: Number of dev versions registered: 16
LogDevObjectVersion:   Dev-Blueprints (B0D832E4-1F89-4F0D-ACCF-7EB736FD4AA2): 9
LogDevObjectVersion:   Dev-Build (E1C64328-A22C-4D53-A36C-8E866417BD8C): 0
LogDevObjectVersion:   Dev-Core (375EC13C-06E4-48FB-B500-84F0262A717E): 2
LogDevObjectVersion:   Dev-Editor (E4B068ED-F494-42E9-A231-DA0B2E46BB41): 17
LogDevObjectVersion:   Dev-Framework (CFFC743F-43B0-4480-9391-14DF171D2073): 23
LogDevObjectVersion:   Dev-Mobile (B02B49B5-BB20-44E9-A304-32B752E40360): 0
LogDevObjectVersion:   Dev-Networking (A4E4105C-59A1-49B5-A7C5-40C4547EDFEE): 0
LogDevObjectVersion:   Dev-Online (39C831C9-5AE6-47DC-9A44-9C173E1C8E7C): 0
LogDevObjectVersion:   Dev-Physics (78F01B33-EBEA-4F98-B9B4-84EACCB95AA2): 0
LogDevObjectVersion:   Dev-Platform (6631380F-2D4D-43E0-8009-CF276956A95A): 0
LogDevObjectVersion:   Dev-Rendering (12F88B9F-8875-4AFC-A67C-D90C383ABD29): 15
LogDevObjectVersion:   Dev-Sequencer (7B5AE74C-D270-4C10-A958-57980B212A5A): 4
LogDevObjectVersion:   Dev-VR (D7296918-1DD6-4BDD-9DE2-64A83CC13884): 0
LogDevObjectVersion:   Dev-LoadTimes (C2A15278-BFE7-4AFE-6C17-90FF531DF755): 1
LogDevObjectVersion:   Private-Geometry (6EACA3D4-40EC-4CC1-B786-8BED09428FC5): 1
LogDevObjectVersion:   Dev-AnimPhys (29E575DD-E0A3-4627-9D10-D276232CDCEA): 3
LogInit: Compiled (64-bit): Jun 29 2017 02:03:24
LogInit: Compiled with Visual C++: 19.00.24215.01
LogInit: Build Configuration: Development
LogInit: Branch Name: ++UE4+Release-4.16
LogInit: Command line:  
LogInit: Base directory: F:/Program Files/Epic Games/UE_4.16/Engine/Binaries/Win64/
LogInit: Installed Engine Build: 1
LogInit: Presizing for max 8388607 objects, including 0 objects not considered by GC, pre-allocating 0 bytes for permanent pool.
LogInit: Object subsystem initialized
[2017.07.07-11.55.39:961][  0]LogInit: Selected Device Profile: [Windows]
[2017.07.07-11.55.39:961][  0]LogInit: Applying CVar settings loaded from the selected device profile: [Windows]
[2017.07.07-11.55.39:968][  0]LogInit: Computer: NIAL
[2017.07.07-11.55.39:968][  0]LogInit: User: Nial
[2017.07.07-11.55.39:968][  0]LogInit: CPU Page size=4096, Cores=6
[2017.07.07-11.55.39:968][  0]LogInit: High frequency timer resolution =3.221724 MHz
[2017.07.07-11.55.39:968][  0]LogMemory: Memory total: Physical=19.9GB (20GB approx)
[2017.07.07-11.55.39:968][  0]LogMemory: Platform Memory Stats for Windows
[2017.07.07-11.55.39:968][  0]LogMemory: Process Physical Memory: 272.86 MB used, 272.86 MB peak
[2017.07.07-11.55.39:968][  0]LogMemory: Process Virtual Memory: 267.13 MB used, 267.13 MB peak
[2017.07.07-11.55.39:968][  0]LogMemory: Physical Memory: 6669.35 MB used,  13736.21 MB free, 20405.55 MB total
[2017.07.07-11.55.39:968][  0]LogMemory: Virtual Memory: 647.91 MB used,  13736.21 MB free, 134217728.00 MB total
[2017.07.07-11.55.40:056][  0]LogInit: Using OS detected language (en-GB).
[2017.07.07-11.55.40:056][  0]LogInit: Using OS detected locale (en-GB).
[2017.07.07-11.55.40:069][  0]LogTextLocalizationManager: No specific localization for 'en-GB' exists, so the 'en' localization will be used.
[2017.07.07-11.55.40:857][  0]LogD3D11RHI: D3D11 adapters:
[2017.07.07-11.55.41:457][  0]LogD3D11RHI:    0. 'NVIDIA GeForce GTX 1080' (Feature Level 11_0)
[2017.07.07-11.55.41:457][  0]LogD3D11RHI:       8110/0/10202 MB DedicatedVideo/DedicatedSystem/SharedSystem, Outputs:3, VendorId:0x10de
[2017.07.07-11.55.41:470][  0]LogD3D11RHI:    1. 'Microsoft Basic Render Driver' (Feature Level 11_0)
[2017.07.07-11.55.41:470][  0]LogD3D11RHI:       0/0/10202 MB DedicatedVideo/DedicatedSystem/SharedSystem, Outputs:0, VendorId:0x1414
[2017.07.07-11.55.41:470][  0]LogD3D11RHI: Chosen D3D11 Adapter: 0
[2017.07.07-11.55.41:475][  0]LogD3D11RHI: Creating new Direct3DDevice
[2017.07.07-11.55.41:475][  0]LogD3D11RHI:     GPU DeviceId: 0x1b80 (for the marketing name, search the web for "GPU Device Id")
[2017.07.07-11.55.41:475][  0]LogWindows: EnumDisplayDevices:
[2017.07.07-11.55.41:475][  0]LogWindows:    0. 'NVIDIA GeForce GTX 1080' (P:1 D:1)
[2017.07.07-11.55.41:475][  0]LogWindows:    1. 'NVIDIA GeForce GTX 1080' (P:0 D:1)
[2017.07.07-11.55.41:475][  0]LogWindows:    2. 'NVIDIA GeForce GTX 1080' (P:0 D:1)
[2017.07.07-11.55.41:475][  0]LogWindows:    3. 'NVIDIA GeForce GTX 1080' (P:0 D:0)
[2017.07.07-11.55.41:475][  0]LogWindows: DebugString: FoundDriverCount:4 
[2017.07.07-11.55.41:475][  0]LogD3D11RHI:     Adapter Name: NVIDIA GeForce GTX 1080
[2017.07.07-11.55.41:475][  0]LogD3D11RHI:   Driver Version: 382.05 (internal:22.21.13.8205, unified:382.05)
[2017.07.07-11.55.41:475][  0]LogD3D11RHI:      Driver Date: 5-1-2017
[2017.07.07-11.55.41:475][  0]LogRHI: Texture pool is 1361 MB (70% of 1945 MB)
[2017.07.07-11.55.42:027][  0]LogD3D11RHI: Async texture creation enabled
[2017.07.07-11.55.42:140][  0]LogD3D11RHI: GPU Timing Frequency: 1000.000000 (Debug: 2 1)
[2017.07.07-11.55.42:279][  0]LogShaderCompilers: Guid format shader working directory is -8 characters bigger than the processId version (../../../../../../Udemy/Unreal/LearnUnreal/BuildingEscape/Intermediate/Shaders/WorkingDirectory/9352/).
[2017.07.07-11.55.42:279][  0]LogShaderCompilers: Cleaned the shader compiler working directory 'C:/Users/Johannes/AppData/Local/Temp/UnrealShaderWorkingDir/ED2A6CF04DD43FDA510CB8B3AB4E9416/'.
[2017.07.07-11.55.42:280][  0]LogShaderCompilers:Display: Using Local Shader Compiler.
[2017.07.07-11.55.43:271][  0]LogTemp:Display: Loaded TP AllDesktopTargetPlatform
[2017.07.07-11.55.43:304][  0]LogTemp:Display: Loaded TP MacClientTargetPlatform
[2017.07.07-11.55.43:337][  0]LogTemp:Display: Loaded TP MacNoEditorTargetPlatform
[2017.07.07-11.55.43:370][  0]LogTemp:Display: Loaded TP MacServerTargetPlatform
[2017.07.07-11.55.43:404][  0]LogTemp:Display: Loaded TP MacTargetPlatform
[2017.07.07-11.55.43:437][  0]LogTemp:Display: Loaded TP WindowsClientTargetPlatform
[2017.07.07-11.55.43:471][  0]LogTemp:Display: Loaded TP WindowsNoEditorTargetPlatform
[2017.07.07-11.55.43:504][  0]LogTemp:Display: Loaded TP WindowsServerTargetPlatform
[2017.07.07-11.55.43:533][  0]LogTemp:Display: Loaded TP WindowsTargetPlatform
[2017.07.07-11.55.43:566][  0]LogTemp:Display: Loaded TP AndroidTargetPlatform
[2017.07.07-11.55.43:599][  0]LogTemp:Display: Loaded TP Android_ASTCTargetPlatform
[2017.07.07-11.55.43:632][  0]LogTemp:Display: Loaded TP Android_ATCTargetPlatform
[2017.07.07-11.55.43:665][  0]LogTemp:Display: Loaded TP Android_DXTTargetPlatform
[2017.07.07-11.55.43:698][  0]LogTemp:Display: Loaded TP Android_ETC1TargetPlatform
[2017.07.07-11.55.43:731][  0]LogTemp:Display: Loaded TP Android_ETC2TargetPlatform
[2017.07.07-11.55.43:797][  0]LogTemp:Display: Loaded TP Android_MultiTargetPlatform
[2017.07.07-11.55.43:797][  0]LogTemp:Display: Loaded TP Android_PVRTCTargetPlatform
[2017.07.07-11.55.43:822][  0]LogTemp:Display: Loaded TP HTML5TargetPlatform
[2017.07.07-11.55.43:889][  0]LogTemp:Display: Loaded TP IOSTargetPlatform
[2017.07.07-11.55.43:908][  0]LogTemp:Display: Loaded TP TVOSTargetPlatform
[2017.07.07-11.55.43:940][  0]LogTemp:Display: Loaded TP LinuxClientTargetPlatform
[2017.07.07-11.55.43:973][  0]LogTemp:Display: Loaded TP LinuxNoEditorTargetPlatform
[2017.07.07-11.55.44:006][  0]LogTemp:Display: Loaded TP LinuxServerTargetPlatform
[2017.07.07-11.55.44:040][  0]LogTemp:Display: Loaded TP LinuxTargetPlatform
[2017.07.07-11.55.44:040][  0]LogTargetPlatformManager:Display: Building Assets For Windows
[2017.07.07-11.55.44:333][  0]LogDerivedDataCache:Display: Max Cache Size: 512 MB
[2017.07.07-11.55.44:420][  0]LogDerivedDataCache: Loaded boot cache 0.09s 90MB C:/Users/Johannes/AppData/Local/UnrealEngine/4.16/DerivedDataCache/Boot.ddc.
[2017.07.07-11.55.44:420][  0]LogDerivedDataCache:Display: Loaded Boot cache: C:/Users/Johannes/AppData/Local/UnrealEngine/4.16/DerivedDataCache/Boot.ddc
[2017.07.07-11.55.44:420][  0]LogDerivedDataCache: FDerivedDataBackendGraph:  Pak pak cache file ../../../../../../Udemy/Unreal/LearnUnreal/BuildingEscape/DerivedDataCache/DDC.ddp not found, will not use a pak cache.
[2017.07.07-11.55.44:420][  0]LogDerivedDataCache: Unable to find inner node Pak for hierarchical cache Hierarchy.
[2017.07.07-11.55.44:420][  0]LogDerivedDataCache: FDerivedDataBackendGraph:  CompressedPak pak cache file ../../../../../../Udemy/Unreal/LearnUnreal/BuildingEscape/DerivedDataCache/Compressed.ddp not found, will not use a pak cache.
[2017.07.07-11.55.44:420][  0]LogDerivedDataCache: Unable to find inner node CompressedPak for hierarchical cache Hierarchy.
[2017.07.07-11.55.44:434][  0]LogDerivedDataCache:Display: Pak cache opened for reading ../../../Engine/DerivedDataCache/Compressed.ddp.
[2017.07.07-11.55.44:446][  0]LogDerivedDataCache: Using Local data cache path C:/Users/Johannes/AppData/Local/UnrealEngine/Common/DerivedDataCache: Writable
[2017.07.07-11.55.44:454][  0]LogMaterial: Verifying Global Shaders for PCD3D_SM5
[2017.07.07-11.55.44:455][  0]LogSlate: Using Freetype 2.6.0
[2017.07.07-11.55.44:455][  0]LogSlate: SlateFontCache - WITH_FREETYPE: 1, WITH_HARFBUZZ: 1
[2017.07.07-11.55.44:455][  0]LogSlate: SlateFontCache - WITH_FREETYPE: 1, WITH_HARFBUZZ: 1
[2017.07.07-11.55.44:717][  0]LogInit: Selected Device Profile: [Windows]
[2017.07.07-11.55.44:795][  0]LogContentStreaming: Texture pool size is 0.00 MB
[2017.07.07-11.55.44:913][  0]LogMeshUtilities: Using QuadricMeshReduction for automatic static mesh reduction
[2017.07.07-11.55.44:940][  0]LogSimplygon: Simplygon DLL not present - disabling.
[2017.07.07-11.55.44:970][  0]LogMeshUtilities: Using SimplygonSwarm for distributed automatic mesh merging
[2017.07.07-11.55.44:970][  0]LogMeshUtilities: No automatic skeletal mesh reduction module available
[2017.07.07-11.55.44:970][  0]LogMeshUtilities: No automatic mesh merging module available
[2017.07.07-11.55.45:407][  0]LogNetVersion: BuildingEscape , NetCL: 3452394, EngineNetVer: 2, GameNetVer: 0 (Checksum: 784502225)
[2017.07.07-11.55.45:455][  0]LogAssetRegistry: FAssetRegistry took 0.0242 seconds to start up
[2017.07.07-11.55.45:488][  0]LogPackageLocalizationCache: Processed 4 localized package path(s) for 2 prioritized culture(s) in 0.019939 seconds
[2017.07.07-11.55.45:491][  0]LogUObjectArray: 34194 objects as part of root set at end of initial load.
[2017.07.07-11.55.45:491][  0]LogUObjectAllocator: 7260424 out of 0 bytes used by permanent object pool.
[2017.07.07-11.55.45:491][  0]LogUObjectArray: CloseDisregardForGC: 0/0 objects in disregard for GC pool
[2017.07.07-11.55.45:526][  0]LogInit: WinSock: version 1.1 (2.2), MaxSocks=32767, MaxUdp=65467
[2017.07.07-11.55.47:324][  0]LogTcpMessaging: Initializing TcpMessaging bridge
[2017.07.07-11.55.47:352][  0]LogUdpMessaging: Initializing bridge on interface 0.0.0.0:0 to multicast group 230.0.0.1:6666.
[2017.07.07-11.55.47:736][  0]LogMaterial: Uniform references updated for custom material expression Custom.
[2017.07.07-11.55.48:000][  0]SourceControl: Info Source control is disabled
[2017.07.07-11.55.48:051][  0]SourceControl: Info Source control is disabled
[2017.07.07-11.55.48:081][  0]SourceControl: Info Source control is disabled
[2017.07.07-11.55.48:110][  0]SourceControl: Info Source control is disabled
[2017.07.07-11.55.48:528][  0]LogAndroidPermission: UAndroidPermissionCallbackProxy::GetInstance
[2017.07.07-11.55.48:904][  0]LogEngine: Initializing Engine...
[2017.07.07-11.55.48:911][  0]LogHMD: Failed to initialize OpenVR with code 108
[2017.07.07-11.55.49:079][  0]LogStats: UGameplayTagsManager::ConstructGameplayTagTree: Construct from data asset -  0.000 s
[2017.07.07-11.55.49:079][  0]LogStats: UGameplayTagsManager::ConstructGameplayTagTree: GameplayTagTreeChangedEvent.Broadcast -  0.000 s
[2017.07.07-11.55.49:164][  0]LogAIModule: Creating AISystem for world Untitled
[2017.07.07-11.55.49:180][  0]LogInit: XAudio2 using 'Speakers (Realtek High Definition Audio)' : 2 channels at 48 kHz using 32 bits per sample (channel mask 0x3)
[2017.07.07-11.55.49:194][  0]LogInit: FAudioDevice initialized.
[2017.07.07-11.55.49:233][  0]LogDerivedDataCache: Saved boot cache 0.04s 90MB C:/Users/Johannes/AppData/Local/UnrealEngine/4.16/DerivedDataCache/Boot.ddc.
[2017.07.07-11.55.49:244][  0]LogInit: Texture streaming: Enabled
[2017.07.07-11.55.49:301][  0]LogEngineSessionManager: EngineSessionManager initialized
[2017.07.07-11.55.49:437][  0]LogInit: Transaction tracking system initialized
[2017.07.07-11.55.49:626][  0]BlueprintLog: New page: Editor Load
[2017.07.07-11.55.50:191][  0]LocalizationService: Info Localization service is disabled
[2017.07.07-11.55.50:615][  0]LogConsoleResponse:Display: 
[2017.07.07-11.55.50:720][  0]LogCook:Display: Max memory allowance for cook 16384mb min free memory 0mb
[2017.07.07-11.55.50:720][  0]LogCook:Display: Mobile HDR setting 1
[2017.07.07-11.55.50:959][  0]LogFileCache: Scanning file cache for directory 'F:/Udemy/Unreal/LearnUnreal/BuildingEscape/Content/' took 0.01s
[2017.07.07-11.55.51:348][  0]SourceControl: Info Source control is disabled
[2017.07.07-11.55.51:348][  0]Cmd: MAP LOAD FILE="../../../../../../Udemy/Unreal/LearnUnreal/BuildingEscape/Content/NewMap.umap" TEMPLATE=0 SHOWPROGRESS=1 FEATURELEVEL=3
[2017.07.07-11.55.51:349][  0]LightingResults: New page: Lighting Build
[2017.07.07-11.55.51:375][  0]MapCheck: New page: Map Check
[2017.07.07-11.55.51:375][  0]LightingResults: New page: Lighting Build
[2017.07.07-11.55.51:567][  0]LogAIModule: Creating AISystem for world NewMap
[2017.07.07-11.55.51:571][  0]LogEditorServer: Finished looking for orphan Actors (0.000 secs)
[2017.07.07-11.55.51:578][  0]Cmd: MAP CHECKDEP NOCLEARLOG
[2017.07.07-11.55.51:618][  0]MapCheck: Info Map check complete: 0 Error(s), 0 Warning(s), took 39.729ms to complete.
[2017.07.07-11.55.51:618][  0]LogFileHelpers: Loading map 'NewMap' took 0.270
[2017.07.07-11.55.51:808][  0]LogCollectionManager: Loaded 0 collections in 0.000749 seconds
[2017.07.07-11.55.51:884][  0]LogFileCache: Scanning file cache for directory 'F:/Udemy/Unreal/LearnUnreal/BuildingEscape/Saved/Collections/' took 0.01s
[2017.07.07-11.55.51:884][  0]LogFileCache: Scanning file cache for directory 'F:/Udemy/Unreal/LearnUnreal/BuildingEscape/Content/Developers/Nial/Collections/' took 0.01s
[2017.07.07-11.55.51:884][  0]LogFileCache: Scanning file cache for directory 'F:/Udemy/Unreal/LearnUnreal/BuildingEscape/Content/Collections/' took 0.01s
[2017.07.07-11.55.51:884][  0]LogCollectionManager: Rebuilt the GUID cache for 0 collections in 0.000002 seconds
[2017.07.07-11.55.51:892][  0]LogContentBrowser: Native class hierarchy populated in 0.0080 seconds. Added 2331 classes and 495 folders.
[2017.07.07-11.55.51:931][  0]LogContentBrowser: Native class hierarchy updated for 'WidgetCarousel' in 0.0010 seconds. Added 0 classes and 0 folders.
[2017.07.07-11.55.51:966][  0]LogContentBrowser: Native class hierarchy updated for 'AddContentDialog' in 0.0010 seconds. Added 0 classes and 0 folders.
[2017.07.07-11.55.51:992][  0]LogCrashTracker: Crashtracker disabled due to settings.
[2017.07.07-11.55.51:995][  0]LogSlate: Took 0.000194 seconds to synchronously load lazily loaded font '../../../Engine/Content/Slate/Fonts/Roboto-Regular.ttf' (155K)
[2017.07.07-11.55.51:998][  0]LogSlate: Took 0.000187 seconds to synchronously load lazily loaded font '../../../Engine/Content/Slate/Fonts/Roboto-Bold.ttf' (160K)
[2017.07.07-11.55.52:001][  0]LogSlate: Took 0.000156 seconds to synchronously load lazily loaded font '../../../Engine/Content/Editor/Slate/Fonts/FontAwesome.ttf' (139K)
[2017.07.07-11.55.52:064][  0]LogRenderer: Reallocating scene render targets to support 1028x924 NumSamples 1 (Frame:1).
[2017.07.07-11.55.52:132][  0]LogSlate: Took 0.000154 seconds to synchronously load lazily loaded font '../../../Engine/Content/Slate/Fonts/Roboto-Light.ttf' (159K)
[2017.07.07-11.55.52:174][  0]LogUObjectGlobals:Warning: Failed to find object 'Class None.'
[2017.07.07-11.55.52:223][  0]LogContentBrowser: Native class hierarchy updated for 'HierarchicalLODOutliner' in 0.0011 seconds. Added 1 classes and 2 folders.
[2017.07.07-11.55.52:224][  0]LogLoad: (Engine Initialization) Total time: 13.58 seconds
[2017.07.07-11.55.52:224][  0]LogLoad: (Engine Initialization) Total Blueprint compile time: 0.06 seconds
[2017.07.07-11.55.52:224][  0]LogExternalProfiler: Found external profiler: VSPerf
[2017.07.07-11.55.52:224][  0]LogExternalProfiler: Using external profiler: VSPerf
[2017.07.07-11.55.52:233][  0]LogWindowsTextInputMethodSystem:Display: IME system now deactivated.
[2017.07.07-11.55.52:234][  0]LogOcInput: OculusInput pre-init called
[2017.07.07-11.55.52:234][  0]LogHMD: Starting GearVRController plugin
[2017.07.07-11.55.52:246][  0]LogAssetRegistry: Asset discovery search completed in 6.8121 seconds
[2017.07.07-11.55.52:248][  0]LogCollectionManager: Rebuilt the object cache for 0 collections in 0.000001 seconds (found 0 objects)
[2017.07.07-11.55.52:248][  0]LogCollectionManager: Fixed up redirectors for 0 collections in 0.000019 seconds (updated 0 objects)
[2017.07.07-11.55.52:250][  0]LogContentStreaming: Texture pool size now 1000 MB
[2017.07.07-11.56.40:388][803]LogSlate: Took 0.000176 seconds to synchronously load lazily loaded font '../../../Engine/Content/Slate/Fonts/Roboto-Light.ttf' (159K)
[2017.07.07-11.57.03:218][717]LogEditorViewport: Clicking on Actor (LMB): StaticMeshActor (SM_Chair)
[2017.07.07-11.57.29:345][819]LogSlate: Took 0.000255 seconds to synchronously load lazily loaded font '../../../Engine/Content/Slate/Fonts/Roboto-Light.ttf' (159K)
[2017.07.07-11.57.32:248][166]LogContentBrowser:Verbose: The majority of assets in the view are of type: World
[2017.07.07-11.57.54:725][404]LogRenderer: Reallocating scene render targets to support 1032x924 NumSamples 1 (Frame:8171).
[2017.07.07-11.57.54:762][405]LogRenderer: Reallocating scene render targets to support 1036x924 NumSamples 1 (Frame:8173).
[2017.07.07-11.58.47:453][357]LogEditorViewport: Clicking on Actor (LMB): StaticMeshActor (SM_Chair)
[2017.07.07-11.58.48:358][460]LogSlate: Took 0.000230 seconds to synchronously load lazily loaded font '../../../Engine/Content/Editor/Slate/Fonts/Roboto-Italic.ttf' (157K)
[2017.07.07-11.58.50:680][729]LogSlate: Took 0.016844 seconds to synchronously load lazily loaded font '../../../Engine/Content/Editor/Slate/Fonts/Roboto-BoldCondensed.ttf' (158K)
[2017.07.07-11.59.14:431][729]Running F:/Program Files/Epic Games/UE_4.16/Engine/Binaries/DotNET/UnrealBuildTool.exe  -projectfiles -project="F:/Udemy/Unreal/LearnUnreal/BuildingEscape/BuildingEscape.uproject" -game -rocket -progress
[2017.07.07-11.59.14:774][729]Discovering modules, targets and source code for project...
[2017.07.07-11.59.16:580][729]LogSlate: Took 0.000221 seconds to synchronously load lazily loaded font '../../../Engine/Content/Slate/Fonts/Roboto-Regular.ttf' (155K)
[2017.07.07-11.59.17:492][729]LogVSAccessor:Warning: Couldn't access Visual Studio
[2017.07.07-11.59.17:510][729]Candidate modules for hot reload:
[2017.07.07-11.59.17:510][729]  BuildingEscape
[2017.07.07-11.59.17:510][729]Launching UnrealBuildTool... [F:/Program Files/Epic Games/UE_4.16/Engine/Binaries/DotNET/UnrealBuildTool.exe BuildingEscape -ModuleWithSuffix BuildingEscape 2462 Win64 Development -editorrecompile -canskiplink "F:/Udemy/Unreal/LearnUnreal/BuildingEscape/BuildingEscape.uproject" ]
[2017.07.07-12.00.23:950][729]CompilerResultsLog: New page: Compilation - 7 Jul 2017 14:00:23
[2017.07.07-12.00.23:950][729]CompilerResultsLog: Info Performing full C++ include scan (hot reloading a new target)
[2017.07.07-12.00.23:950][729]CompilerResultsLog: Info Compiling game modules for hot reload
[2017.07.07-12.00.23:950][729]CompilerResultsLog: Info Parsing headers for BuildingEscapeEditor
[2017.07.07-12.00.23:950][729]CompilerResultsLog: Info   Running UnrealHeaderTool "F:\Udemy\Unreal\LearnUnreal\BuildingEscape\BuildingEscape.uproject" "F:\Udemy\Unreal\LearnUnreal\BuildingEscape\Intermediate\Build\Win64\BuildingEscapeEditor\Development\BuildingEscapeEditor.uhtmanifest" -LogCmds="loginit warning, logexit warning, logdatabase error" -Unattended -WarningsAsErrors -installed
[2017.07.07-12.00.23:950][729]CompilerResultsLog: Info Reflection code generated for BuildingEscapeEditor in 4.2386296 seconds
[2017.07.07-12.00.23:950][729]CompilerResultsLog: Info Performing 4 actions (9 in parallel)
[2017.07.07-12.00.23:950][729]CompilerResultsLog: Info BuildingEscape.generated.cpp
[2017.07.07-12.00.23:950][729]CompilerResultsLog: Info PositionReport.cpp
[2017.07.07-12.00.23:950][729]CompilerResultsLog: Info [3/4] Link UE4Editor-BuildingEscape-2462.dll
[2017.07.07-12.00.23:950][729]CompilerResultsLog: Info [4/4] Link UE4Editor-BuildingEscape-2462.lib
[2017.07.07-12.00.23:950][729]CompilerResultsLog: Info    Creating library F:\Udemy\Unreal\LearnUnreal\BuildingEscape\Intermediate\Build\Win64\UE4Editor\Development\UE4Editor-BuildingEscape-2462.lib and object F:\Udemy\Unreal\LearnUnreal\BuildingEscape\Intermediate\Build\Win64\UE4Editor\Development\UE4Editor-BuildingEscape-2462.exp
[2017.07.07-12.00.23:950][729]CompilerResultsLog: Info    Creating library F:\Udemy\Unreal\LearnUnreal\BuildingEscape\Intermediate\Build\Win64\UE4Editor\Development\UE4Editor-BuildingEscape-2462.suppressed.lib and object F:\Udemy\Unreal\LearnUnreal\BuildingEscape\Intermediate\Build\Win64\UE4Editor\Development\UE4Editor-BuildingEscape-2462.suppressed.exp
[2017.07.07-12.00.23:950][729]CompilerResultsLog: Info Total build time: 66.14 seconds (Local executor: 58.27 seconds)
[2017.07.07-12.00.23:950][729]LogMainFrame: MainFrame: Module compiling took 66.459 seconds
[2017.07.07-12.00.23:989][729]LogClass: Could not find existing class PositionReport in package /Script/BuildingEscape for HotReload, assuming new class
[2017.07.07-12.00.23:991][729]LogContentBrowser: Native class hierarchy updated for 'BuildingEscape' in 0.0011 seconds. Added 2 classes and 2 folders.
[2017.07.07-12.00.23:991][729]Display: HotReload successful (0 functions remapped  0 scriptstructs remapped)
[2017.07.07-12.00.24:071][729]LogContentBrowser: Native class hierarchy populated in 0.0095 seconds. Added 2333 classes and 497 folders.
[2017.07.07-12.00.24:071][729]Display: HotReload took 66.6s.
[2017.07.07-12.00.24:072][729]Warning: HotReload operation took 66.6s.
[2017.07.07-12.00.24:275][731]LogHotReload: New module detected: UE4Editor-BuildingEscape-2462.dll
[2017.07.07-12.00.24:300][732]LogHotReload: Starting Hot-Reload from IDE
[2017.07.07-12.00.24:375][732]LogContentBrowser: Native class hierarchy updated for 'BuildingEscape' in 0.0012 seconds. Added 2 classes and 2 folders.
[2017.07.07-12.00.24:376][732]Display: HotReload successful (0 functions remapped  0 scriptstructs remapped)
[2017.07.07-12.00.24:386][732]LogContentBrowser: Native class hierarchy populated in 0.0083 seconds. Added 2333 classes and 497 folders.
[2017.07.07-12.00.24:405][732]Display: HotReload took  0.1s.
[2017.07.07-12.00.42:155][524]LogVSAccessor:Warning: Couldn't goto line number '0' in 'F:/Udemy/Unreal/LearnUnreal/BuildingEscape/Source/BuildingEscape/PositionReport.h'
[2017.07.07-12.00.42:261][524]LogVSAccessor:Warning: Couldn't goto line number '0' in 'F:/Udemy/Unreal/LearnUnreal/BuildingEscape/Source/BuildingEscape/PositionReport.cpp'
[2017.07.07-12.02.31:242][131]LogSlate: Only BGRA pngs, bmps or icos are supported in by External Image Picker
[2017.07.07-12.02.31:314][136]LogTemp: Executing iPhonePackager certificates Engine -bundlename com.YourCompany.BuildingEscape
[2017.07.07-12.02.31:314][136]LogTemp: CWD: F:\Program Files\Epic Games\UE_4.16\Engine\Binaries\DotNET\IOS
[2017.07.07-12.02.31:314][136]LogTemp: Initial Dir: F:\Program Files\Epic Games\UE_4.16
[2017.07.07-12.02.31:314][136]LogTemp: Env CWD: F:\Program Files\Epic Games\UE_4.16\Engine\Binaries\DotNET\IOS
[2017.07.07-12.02.31:314][136]LogTemp: BranchPath = NIAL/F/Program Files/Epic Games/UE_4.16/Engine/Binaries --- GameBranchPath = NIAL/F/Program Files/Epic Games/UE_4.16/Engine/Binaries
[2017.07.07-12.02.31:323][137]LogTemp: IPP ERROR: Could not find provision directory 'C:\Users\Johannes\AppData\Local/Apple Computer/MobileDevice/Provisioning Profiles/'.
[2017.07.07-12.05.30:194][170]Cmd: OBJ SAVEPACKAGE PACKAGE="/Game/NewMap" FILE="../../../../../../Udemy/Unreal/LearnUnreal/BuildingEscape/Content/NewMap.umap" SILENT=true AUTOSAVING=false KEEPDIRTY=false
[2017.07.07-12.05.30:229][170]LogSavePackage: Save=26.63ms
[2017.07.07-12.05.30:229][170]LogSavePackage: Moving '../../../../../../Udemy/Unreal/LearnUnreal/BuildingEscape/Saved/NewMap5F341F9841D84F251681B1A2AB388C24.tmp' to '../../../../../../Udemy/Unreal/LearnUnreal/BuildingEscape/Content/NewMap.umap'
[2017.07.07-12.05.30:230][170]LogSavePackage:Display: Finished SavePackage ../../../../../../Udemy/Unreal/LearnUnreal/BuildingEscape/Content/NewMap.umap
[2017.07.07-12.05.30:242][170]LogFileHelpers: Saving map 'NewMap' took 0.105
[2017.07.07-12.05.30:277][170]LogWindowsTextInputMethodSystem:Display: IME system now deactivated.
[2017.07.07-12.05.30:433][171]Cmd: QUIT_EDITOR
[2017.07.07-12.05.30:454][171]LogExit: Preparing to exit.
[2017.07.07-12.05.30:664][171]LogDirectoryWatcher: A directory notification for 'F:/Udemy/Unreal/LearnUnreal/BuildingEscape/Content/' was aborted.
[2017.07.07-12.05.30:676][171]LogExit: Editor shut down
[2017.07.07-12.05.30:680][171]LogExit: Transaction tracking system shut down
[2017.07.07-12.05.30:728][171]LogObj: Freed 0b from 0 cluster array pools.
[2017.07.07-12.05.30:728][171]LogExit: Object subsystem successfully closed.
[2017.07.07-12.05.30:744][171]LogD3D11RHI: Shutdown
[2017.07.07-12.05.30:744][171]LogD3D11RHI: CleanupD3DDevice
[2017.07.07-12.05.30:794][171]LogD3D11RHI: ~FD3D11DynamicRHI
[2017.07.07-12.05.30:800][171]LogModuleManager: Shutting down and abandoning module ExternalImagePicker (530)
[2017.07.07-12.05.30:800][171]LogModuleManager: Shutting down and abandoning module BuildingEscape (528)
[2017.07.07-12.05.30:800][171]LogModuleManager: Shutting down and abandoning module HierarchicalLODOutliner (526)
[2017.07.07-12.05.30:800][171]LogModuleManager: Shutting down and abandoning module CrashTracker (524)
[2017.07.07-12.05.30:800][171]LogModuleManager: Shutting down and abandoning module AddContentDialog (522)
[2017.07.07-12.05.30:801][171]LogDirectoryWatcher: A directory notification for 'F:/Program Files/Epic Games/UE_4.16/FeaturePacks/' was aborted.
[2017.07.07-12.05.30:801][171]LogModuleManager: Shutting down and abandoning module WidgetCarousel (521)
[2017.07.07-12.05.30:801][171]LogModuleManager: Shutting down and abandoning module EditorWidgets (518)
[2017.07.07-12.05.30:801][171]LogModuleManager: Shutting down and abandoning module CollectionManager (516)
[2017.07.07-12.05.30:801][171]LogDirectoryWatcher: A directory notification for 'F:/Udemy/Unreal/LearnUnreal/BuildingEscape/Content/Collections/' was aborted.
[2017.07.07-12.05.30:801][171]LogDirectoryWatcher: A directory notification for 'F:/Udemy/Unreal/LearnUnreal/BuildingEscape/Content/Developers/Nial/Collections/' was aborted.
[2017.07.07-12.05.30:801][171]LogDirectoryWatcher: A directory notification for 'F:/Udemy/Unreal/LearnUnreal/BuildingEscape/Saved/Collections/' was aborted.
[2017.07.07-12.05.30:802][171]LogModuleManager: Shutting down and abandoning module SceneOutliner (514)
[2017.07.07-12.05.30:802][171]LogModuleManager: Shutting down and abandoning module StatsViewer (512)
[2017.07.07-12.05.30:802][171]LogModuleManager: Shutting down and abandoning module FoliageEdit (510)
[2017.07.07-12.05.30:802][171]LogModuleManager: Shutting down and abandoning module LandscapeEditor (508)
[2017.07.07-12.05.30:802][171]LogModuleManager: Shutting down and abandoning module MeshPaintMode (506)
[2017.07.07-12.05.30:802][171]LogModuleManager: Shutting down and abandoning module SceneDepthPickerMode (504)
[2017.07.07-12.05.30:802][171]LogModuleManager: Shutting down and abandoning module ActorPickerMode (502)
[2017.07.07-12.05.30:802][171]LogModuleManager: Shutting down and abandoning module GeometryMode (500)
[2017.07.07-12.05.30:802][171]LogModuleManager: Shutting down and abandoning module TextureAlignMode (498)
[2017.07.07-12.05.30:802][171]LogModuleManager: Shutting down and abandoning module BspMode (496)
[2017.07.07-12.05.30:802][171]LogModuleManager: Shutting down and abandoning module HardwareSurvey (494)
[2017.07.07-12.05.30:802][171]LogModuleManager: Shutting down and abandoning module SequenceRecorderSections (492)
[2017.07.07-12.05.30:802][171]LogModuleManager: Shutting down and abandoning module AutomationWorker (490)
[2017.07.07-12.05.30:802][171]LogModuleManager: Shutting down and abandoning module MatineeToLevelSequence (488)
[2017.07.07-12.05.30:802][171]LogModuleManager: Shutting down and abandoning module LevelSequenceEditor (486)
[2017.07.07-12.05.30:802][171]LogModuleManager: Shutting down and abandoning module PlacementMode (485)
[2017.07.07-12.05.30:802][171]LogModuleManager: Shutting down and abandoning module WmfMediaFactory (482)
[2017.07.07-12.05.30:802][171]LogModuleManager: Shutting down and abandoning module WmfMediaEditor (480)
[2017.07.07-12.05.30:802][171]LogModuleManager: Shutting down and abandoning module AvfMediaFactory (478)
[2017.07.07-12.05.30:802][171]LogModuleManager: Shutting down and abandoning module AvfMediaEditor (476)
[2017.07.07-12.05.30:802][171]LogModuleManager: Shutting down and abandoning module AndroidMediaFactory (474)
[2017.07.07-12.05.30:802][171]LogModuleManager: Shutting down and abandoning module Media (473)
[2017.07.07-12.05.30:802][171]LogModuleManager: Shutting down and abandoning module AndroidMediaEditor (470)
[2017.07.07-12.05.30:802][171]LogModuleManager: Shutting down and abandoning module CharacterAI (468)
[2017.07.07-12.05.30:802][171]LogModuleManager: Shutting down and abandoning module AudioCapture (466)
[2017.07.07-12.05.30:802][171]LogModuleManager: Shutting down and abandoning module SequenceRecorder (465)
[2017.07.07-12.05.30:802][171]LogModuleManager: Shutting down and abandoning module SmartSnapping (462)
[2017.07.07-12.05.30:802][171]LogModuleManager: Shutting down and abandoning module SessionServices (460)
[2017.07.07-12.05.30:802][171]LogModuleManager: Shutting down and abandoning module ViewportSnapping (458)
[2017.07.07-12.05.30:802][171]LogModuleManager: Shutting down and abandoning module ViewportInteraction (456)
[2017.07.07-12.05.30:802][171]LogModuleManager: Shutting down and abandoning module ClothPainter (454)
[2017.07.07-12.05.30:802][171]LogModuleManager: Shutting down and abandoning module LogVisualizer (452)
[2017.07.07-12.05.30:802][171]LogModuleManager: Shutting down and abandoning module IntroTutorials (450)
[2017.07.07-12.05.30:802][171]LogModuleManager: Shutting down and abandoning module GameProjectGeneration (449)
[2017.07.07-12.05.30:802][171]LogModuleManager: Shutting down and abandoning module EditorLiveStreaming (446)
[2017.07.07-12.05.30:802][171]LogModuleManager: Shutting down and abandoning module IOSPlatformEditor (444)
[2017.07.07-12.05.30:802][171]LogModuleManager: Shutting down and abandoning module HTML5PlatformEditor (442)
[2017.07.07-12.05.30:802][171]LogModuleManager: Shutting down and abandoning module AndroidPlatformEditor (440)
[2017.07.07-12.05.30:802][171]LogModuleManager: Shutting down and abandoning module AndroidDeviceDetection (439)
[2017.07.07-12.05.31:595][171]LogModuleManager: Shutting down and abandoning module IOSRuntimeSettings (436)
[2017.07.07-12.05.31:595][171]LogModuleManager: Shutting down and abandoning module AndroidRuntimeSettings (434)
[2017.07.07-12.05.31:595][171]LogModuleManager: Shutting down and abandoning module InputBindingEditor (432)
[2017.07.07-12.05.31:595][171]LogModuleManager: Shutting down and abandoning module MergeActors (430)
[2017.07.07-12.05.31:595][171]LogModuleManager: Shutting down and abandoning module SizeMap (428)
[2017.07.07-12.05.31:595][171]LogModuleManager: Shutting down and abandoning module TreeMap (426)
[2017.07.07-12.05.31:595][171]LogModuleManager: Shutting down and abandoning module ReferenceViewer (424)
[2017.07.07-12.05.31:595][171]LogModuleManager: Shutting down and abandoning module LocalizationDashboard (422)
[2017.07.07-12.05.31:595][171]LogModuleManager: Shutting down and abandoning module LocalizationService (421)
[2017.07.07-12.05.31:595][171]LogModuleManager: Shutting down and abandoning module HardwareTargeting (418)
[2017.07.07-12.05.31:595][171]LogModuleManager: Shutting down and abandoning module DeviceProfileEditor (416)
[2017.07.07-12.05.31:595][171]LogModuleManager: Shutting down and abandoning module UndoHistory (414)
[2017.07.07-12.05.31:595][171]LogModuleManager: Shutting down and abandoning module UserFeedback (412)
[2017.07.07-12.05.31:595][171]LogModuleManager: Shutting down and abandoning module XmlParser (410)
[2017.07.07-12.05.31:595][171]LogModuleManager: Shutting down and abandoning module Blutility (408)
[2017.07.07-12.05.31:595][171]LogModuleManager: Shutting down and abandoning module ProjectSettingsViewer (406)
[2017.07.07-12.05.31:595][171]LogModuleManager: Shutting down and abandoning module ProjectTargetPlatformEditor (405)
[2017.07.07-12.05.31:596][171]LogModuleManager: Shutting down and abandoning module EditorSettingsViewer (402)
[2017.07.07-12.05.31:596][171]LogModuleManager: Shutting down and abandoning module SettingsEditor (400)
[2017.07.07-12.05.31:596][171]LogModuleManager: Shutting down and abandoning module ProjectLauncher (398)
[2017.07.07-12.05.31:596][171]LogModuleManager: Shutting down and abandoning module SessionFrontend (396)
[2017.07.07-12.05.31:596][171]LogModuleManager: Shutting down and abandoning module ProfilerClient (394)
[2017.07.07-12.05.31:596][171]LogModuleManager: Shutting down and abandoning module DeviceManager (392)
[2017.07.07-12.05.31:596][171]LogModuleManager: Shutting down and abandoning module TargetDeviceServices (391)
[2017.07.07-12.05.31:658][171]LogModuleManager: Shutting down and abandoning module AutomationController (388)
[2017.07.07-12.05.31:658][171]LogModuleManager: Shutting down and abandoning module AutomationWindow (386)
[2017.07.07-12.05.31:658][171]LogModuleManager: Shutting down and abandoning module Layers (384)
[2017.07.07-12.05.31:658][171]LogModuleManager: Shutting down and abandoning module ComponentVisualizers (382)
[2017.07.07-12.05.31:658][171]LogModuleManager: Shutting down and abandoning module DetailCustomizations (380)
[2017.07.07-12.05.31:658][171]LogModuleManager: Shutting down and abandoning module PackagesDialog (378)
[2017.07.07-12.05.31:658][171]LogModuleManager: Shutting down and abandoning module Persona (376)
[2017.07.07-12.05.31:658][171]LogModuleManager: Shutting down and abandoning module AdvancedPreviewScene (375)
[2017.07.07-12.05.31:658][171]LogModuleManager: Shutting down and abandoning module AnimGraph (373)
[2017.07.07-12.05.31:658][171]LogModuleManager: Shutting down and abandoning module Kismet (370)
[2017.07.07-12.05.31:659][171]LogModuleManager: Shutting down and abandoning module ClassViewer (368)
[2017.07.07-12.05.31:660][171]LogModuleManager: Shutting down and abandoning module Toolbox (366)
[2017.07.07-12.05.31:660][171]LogModuleManager: Shutting down and abandoning module ModuleUI (364)
[2017.07.07-12.05.31:660][171]LogModuleManager: Shutting down and abandoning module MovieSceneTools (362)
[2017.07.07-12.05.31:660][171]LogModuleManager: Shutting down and abandoning module OutputLog (360)
[2017.07.07-12.05.31:660][171]LogModuleManager: Shutting down and abandoning module GammaUI (358)
[2017.07.07-12.05.31:660][171]LogModuleManager: Shutting down and abandoning module Documentation (356)
[2017.07.07-12.05.31:660][171]LogModuleManager: Shutting down and abandoning module MovieSceneTracks (354)
[2017.07.07-12.05.31:660][171]LogModuleManager: Shutting down and abandoning module MovieScene (352)
[2017.07.07-12.05.31:660][171]LogModuleManager: Shutting down and abandoning module Niagara (350)
[2017.07.07-12.05.31:660][171]LogModuleManager: Shutting down and abandoning module NiagaraEditor (349)
[2017.07.07-12.05.31:660][171]LogModuleManager: Shutting down and abandoning module StreamingPauseRendering (346)
[2017.07.07-12.05.31:660][171]LogModuleManager: Shutting down and abandoning module AnalyticsET (344)
[2017.07.07-12.05.31:660][171]LogModuleManager: Shutting down and abandoning module PortalServices (342)
[2017.07.07-12.05.31:660][171]LogModuleManager: Shutting down and abandoning module PortalRpc (340)
[2017.07.07-12.05.31:660][171]LogModuleManager: Shutting down and abandoning module MessagingRpc (338)
[2017.07.07-12.05.31:660][171]LogModuleManager: Shutting down and abandoning module AIModule (336)
[2017.07.07-12.05.31:660][171]LogModuleManager: Shutting down and abandoning module GameplayDebugger (335)
[2017.07.07-12.05.31:660][171]LogModuleManager: Shutting down and abandoning module AITestSuite (333)
[2017.07.07-12.05.31:660][171]LogModuleManager: Shutting down and abandoning module ProfilerService (330)
[2017.07.07-12.05.31:664][171]LogModuleManager: Shutting down and abandoning module TaskGraph (328)
[2017.07.07-12.05.31:664][171]LogModuleManager: Shutting down and abandoning module SteamVRController (326)
[2017.07.07-12.05.31:664][171]LogModuleManager: Shutting down and abandoning module SteamVR (324)
[2017.07.07-12.05.31:664][171]LogModuleManager: Shutting down and abandoning module ProceduralMeshComponentEditor (322)
[2017.07.07-12.05.31:664][171]LogModuleManager: Shutting down and abandoning module ProceduralMeshComponent (320)
[2017.07.07-12.05.31:664][171]LogModuleManager: Shutting down and abandoning module OculusLibrary (318)
[2017.07.07-12.05.31:664][171]LogModuleManager: Shutting down and abandoning module OculusInput (316)
[2017.07.07-12.05.31:664][171]LogModuleManager: Shutting down and abandoning module MobilePatchingUtils (314)
[2017.07.07-12.05.31:664][171]LogModuleManager: Shutting down and abandoning module CustomMeshComponent (312)
[2017.07.07-12.05.31:664][171]LogModuleManager: Shutting down and abandoning module CableComponent (310)
[2017.07.07-12.05.31:664][171]LogModuleManager: Shutting down and abandoning module ArchVisCharacter (308)
[2017.07.07-12.05.31:664][171]LogModuleManager: Shutting down and abandoning module AndroidPermission (306)
[2017.07.07-12.05.31:664][171]LogModuleManager: Shutting down and abandoning module MediaPlayerEditor (302)
[2017.07.07-12.05.31:664][171]LogModuleManager: Shutting down and abandoning module HTML5Networking (300)
[2017.07.07-12.05.31:664][171]LogModuleManager: Shutting down and abandoning module AlembicImporter (298)
[2017.07.07-12.05.31:664][171]LogModuleManager: Shutting down and abandoning module AlembicLibrary (297)
[2017.07.07-12.05.31:664][171]LogModuleManager: Shutting down and abandoning module GeometryCache (296)
[2017.07.07-12.05.31:664][171]LogModuleManager: Shutting down and abandoning module GeometryCacheEd (295)
[2017.07.07-12.05.31:664][171]LogModuleManager: Shutting down and abandoning module SuperSearchEditor (290)
[2017.07.07-12.05.31:664][171]LogModuleManager: Shutting down and abandoning module SuperSearch (289)
[2017.07.07-12.05.31:664][171]LogModuleManager: Shutting down and abandoning module SpeedTreeImporter (286)
[2017.07.07-12.05.31:664][171]LogModuleManager: Shutting down and abandoning module PluginBrowser (284)
[2017.07.07-12.05.31:664][171]LogModuleManager: Shutting down and abandoning module MobileLauncherProfileWizard (282)
[2017.07.07-12.05.31:664][171]LogModuleManager: Shutting down and abandoning module VisualStudioSourceCodeAccess (280)
[2017.07.07-12.05.31:664][171]LogModuleManager: Shutting down and abandoning module DesktopPlatform (279)
[2017.07.07-12.05.31:664][171]LogModuleManager: Shutting down and abandoning module UObjectPlugin (276)
[2017.07.07-12.05.31:664][171]LogModuleManager: Shutting down and abandoning module SubversionSourceControl (274)
[2017.07.07-12.05.31:664][171]LogModuleManager: Shutting down and abandoning module PerforceSourceControl (272)
[2017.07.07-12.05.31:664][171]LogModuleManager: Shutting down and abandoning module GitSourceControl (270)
[2017.07.07-12.05.31:664][171]LogModuleManager: Shutting down and abandoning module SourceControl (269)
[2017.07.07-12.05.31:664][171]LogModuleManager: Shutting down and abandoning module LightPropagationVolumeEditor (266)
[2017.07.07-12.05.31:664][171]LogModuleManager: Shutting down and abandoning module PaperTiledImporter (264)
[2017.07.07-12.05.31:664][171]LogModuleManager: Shutting down and abandoning module PaperSpriteSheetImporter (262)
[2017.07.07-12.05.31:664][171]LogModuleManager: Shutting down and abandoning module Paper2DEditor (260)
[2017.07.07-12.05.31:664][171]LogModuleManager: Shutting down and abandoning module MeshPaint (259)
[2017.07.07-12.05.31:664][171]LogModuleManager: Shutting down and abandoning module LevelEditor (257)
[2017.07.07-12.05.31:665][171]LogModuleManager: Shutting down and abandoning module PixelInspectorModule (256)
[2017.07.07-12.05.31:665][171]LogModuleManager: Shutting down and abandoning module MainFrame (254)
[2017.07.07-12.05.31:665][171]LogModuleManager: Shutting down and abandoning module HotReload (253)
[2017.07.07-12.05.31:665][171]LogDirectoryWatcher: A directory notification for 'F:/Udemy/Unreal/LearnUnreal/BuildingEscape/Binaries/Win64' was aborted.
[2017.07.07-12.05.31:665][171]LogModuleManager: Shutting down and abandoning module PhysXVehiclesEditor (246)
[2017.07.07-12.05.31:666][171]LogModuleManager: Shutting down and abandoning module PhysXVehicles (244)
[2017.07.07-12.05.31:666][171]LogModuleManager: Shutting down and abandoning module LocationServicesBPLibrary (242)
[2017.07.07-12.05.31:666][171]LogModuleManager: Shutting down and abandoning module ImmediatePhysicsEditor (240)
[2017.07.07-12.05.31:666][171]LogModuleManager: Shutting down and abandoning module ImmediatePhysics (238)
[2017.07.07-12.05.31:666][171]LogModuleManager: Shutting down and abandoning module UdpMessaging (236)
[2017.07.07-12.05.31:767][171]LogModuleManager: Shutting down and abandoning module TcpMessaging (234)
[2017.07.07-12.05.31:867][171]LogModuleManager: Shutting down and abandoning module GameplayTagsEditor (232)
[2017.07.07-12.05.31:867][171]LogModuleManager: Shutting down and abandoning module FacialAnimationEditor (230)
[2017.07.07-12.05.31:867][171]LogModuleManager: Shutting down and abandoning module FacialAnimation (228)
[2017.07.07-12.05.31:867][171]LogModuleManager: Shutting down and abandoning module AssetManagerEditor (226)
[2017.07.07-12.05.31:867][171]LogModuleManager: Shutting down and abandoning module GraphEditor (225)
[2017.07.07-12.05.31:867][171]LogModuleManager: Shutting down and abandoning module ContentBrowser (223)
[2017.07.07-12.05.31:868][171]LogModuleManager: Shutting down and abandoning module LightPropagationVolumeRuntime (220)
[2017.07.07-12.05.31:868][171]LogModuleManager: Shutting down and abandoning module Paper2D (218)
[2017.07.07-12.05.31:868][171]LogModuleManager: Shutting down and abandoning module WindowsMoviePlayer (216)
[2017.07.07-12.05.31:868][171]LogModuleManager: Shutting down and abandoning module WmfMedia (214)
[2017.07.07-12.05.31:868][171]LogModuleManager: Shutting down and abandoning module ClothingSystemEditor (212)
[2017.07.07-12.05.31:868][171]LogModuleManager: Shutting down and abandoning module ClothingSystemRuntime (210)
[2017.07.07-12.05.31:868][171]LogModuleManager: Shutting down and abandoning module MediaAssets (208)
[2017.07.07-12.05.31:868][171]LogModuleManager: Shutting down and abandoning module GameLiveStreaming (206)
[2017.07.07-12.05.31:868][171]LogModuleManager: Shutting down and abandoning module VREditor (204)
[2017.07.07-12.05.31:868][171]LogModuleManager: Shutting down and abandoning module StringTableEditor (202)
[2017.07.07-12.05.31:868][171]LogModuleManager: Shutting down and abandoning module GameplayTasksEditor (200)
[2017.07.07-12.05.31:868][171]LogModuleManager: Shutting down and abandoning module BehaviorTreeEditor (198)
[2017.07.07-12.05.31:868][171]LogModuleManager: Shutting down and abandoning module FunctionalTesting (196)
[2017.07.07-12.05.31:868][171]LogModuleManager: Shutting down and abandoning module CollisionAnalyzer (194)
[2017.07.07-12.05.31:868][171]LogModuleManager: Shutting down and abandoning module UMG (192)
[2017.07.07-12.05.31:868][171]LogModuleManager: Shutting down and abandoning module UMGEditor (191)
[2017.07.07-12.05.31:868][171]LogModuleManager: Shutting down and abandoning module Sequencer (190)
[2017.07.07-12.05.31:868][171]LogModuleManager: Shutting down and abandoning module AssetTools (188)
[2017.07.07-12.05.31:868][171]LogModuleManager: Shutting down and abandoning module MessageLog (187)
[2017.07.07-12.05.31:868][171]LogModuleManager: Shutting down and abandoning module WorkspaceMenuStructure (186)
[2017.07.07-12.05.31:868][171]LogModuleManager: Shutting down and abandoning module SlateReflector (180)
[2017.07.07-12.05.31:868][171]LogModuleManager: Shutting down and abandoning module Slate (178)
[2017.07.07-12.05.31:868][171]LogModuleManager: Shutting down and abandoning module EditorStyle (176)
[2017.07.07-12.05.31:870][171]LogModuleManager: Shutting down and abandoning module SourceCodeAccess (174)
[2017.07.07-12.05.31:870][171]LogModuleManager: Shutting down and abandoning module HeadMountedDisplay (172)
[2017.07.07-12.05.31:870][171]LogModuleManager: Shutting down and abandoning module XAudio2 (170)
[2017.07.07-12.05.31:870][171]LogModuleManager: Shutting down and abandoning module Networking (168)
[2017.07.07-12.05.31:870][171]LogModuleManager: Shutting down and abandoning module Core (164)
[2017.07.07-12.05.31:870][171]LogModuleManager: Shutting down and abandoning module AssetRegistry (162)
[2017.07.07-12.05.32:044][171]LogDirectoryWatcher: A directory notification for '../../../Engine/Content/' was aborted.
[2017.07.07-12.05.32:044][171]LogDirectoryWatcher: A directory notification for '../../../../../../Udemy/Unreal/LearnUnreal/BuildingEscape/Content/' was aborted.
[2017.07.07-12.05.32:044][171]LogDirectoryWatcher: A directory notification for '../../../Engine/Plugins/2D/Paper2D/Content/' was aborted.
[2017.07.07-12.05.32:044][171]LogDirectoryWatcher: A directory notification for '../../../Engine/Plugins/Runtime/GearVR/Content/' was aborted.
[2017.07.07-12.05.32:046][171]LogModuleManager: Shutting down and abandoning module DirectoryWatcher (161)
[2017.07.07-12.05.32:047][171]LogModuleManager: Shutting down and abandoning module KismetCompiler (158)
[2017.07.07-12.05.32:047][171]LogModuleManager: Shutting down and abandoning module LevelSequence (156)
[2017.07.07-12.05.32:047][171]LogModuleManager: Shutting down and abandoning module PhysXFormats (154)
[2017.07.07-12.05.32:047][171]LogModuleManager: Shutting down and abandoning module MeshUtilities (152)
[2017.07.07-12.05.32:047][171]LogModuleManager: Shutting down and abandoning module SimplygonSwarm (151)
[2017.07.07-12.05.32:047][171]LogModuleManager: Shutting down and abandoning module SimplygonMeshReduction (149)
[2017.07.07-12.05.32:047][171]LogModuleManager: Shutting down and abandoning module QuadricMeshReduction (147)
[2017.07.07-12.05.32:047][171]LogModuleManager: Shutting down and abandoning module DerivedDataCache (144)
[2017.07.07-12.05.32:073][171]LogDerivedDataCache: Shutdown
[2017.07.07-12.05.32:073][171]LogModuleManager: Shutting down and abandoning module TargetPlatform (142)
[2017.07.07-12.05.32:073][171]LogModuleManager: Shutting down and abandoning module VulkanShaderFormat (141)
[2017.07.07-12.05.32:073][171]LogModuleManager: Shutting down and abandoning module ShaderFormatVectorVM (139)
[2017.07.07-12.05.32:073][171]LogModuleManager: Shutting down and abandoning module ShaderFormatOpenGL (137)
[2017.07.07-12.05.32:073][171]LogModuleManager: Shutting down and abandoning module ShaderFormatD3D (135)
[2017.07.07-12.05.32:073][171]LogModuleManager: Shutting down and abandoning module MetalShaderFormat (133)
[2017.07.07-12.05.32:073][171]LogModuleManager: Shutting down and abandoning module TextureFormatUncompressed (131)
[2017.07.07-12.05.32:073][171]LogModuleManager: Shutting down and abandoning module TextureFormatPVR (129)
[2017.07.07-12.05.32:073][171]LogModuleManager: Shutting down and abandoning module TextureFormatDXT (127)
[2017.07.07-12.05.32:073][171]LogModuleManager: Shutting down and abandoning module TextureFormatIntelISPCTexComp (125)
[2017.07.07-12.05.32:073][171]LogModuleManager: Shutting down and abandoning module TextureFormatASTC (123)
[2017.07.07-12.05.32:073][171]LogModuleManager: Shutting down and abandoning module ImageWrapper (122)
[2017.07.07-12.05.32:073][171]LogModuleManager: Shutting down and abandoning module TextureFormatAndroid (119)
[2017.07.07-12.05.32:073][171]LogModuleManager: Shutting down and abandoning module AudioFormatOpus (117)
[2017.07.07-12.05.32:073][171]LogModuleManager: Shutting down and abandoning module AudioFormatOgg (115)
[2017.07.07-12.05.32:073][171]LogModuleManager: Shutting down and abandoning module AudioFormatADPCM (113)
[2017.07.07-12.05.32:073][171]LogModuleManager: Shutting down and abandoning module LinuxTargetPlatform (111)
[2017.07.07-12.05.32:073][171]LogModuleManager: Shutting down and abandoning module LinuxServerTargetPlatform (109)
[2017.07.07-12.05.32:073][171]LogModuleManager: Shutting down and abandoning module LinuxNoEditorTargetPlatform (107)
[2017.07.07-12.05.32:073][171]LogModuleManager: Shutting down and abandoning module LinuxClientTargetPlatform (105)
[2017.07.07-12.05.32:073][171]LogModuleManager: Shutting down and abandoning module TVOSTargetPlatform (103)
[2017.07.07-12.05.32:073][171]LogModuleManager: Shutting down and abandoning module Messaging (101)
[2017.07.07-12.05.32:073][171]LogModuleManager: Shutting down and abandoning module IOSTargetPlatform (99)
[2017.07.07-12.05.32:073][171]LogModuleManager: Shutting down and abandoning module HTML5TargetPlatform (97)
[2017.07.07-12.05.32:073][171]LogModuleManager: Shutting down and abandoning module Android_PVRTCTargetPlatform (95)
[2017.07.07-12.05.32:073][171]LogModuleManager: Shutting down and abandoning module Android_MultiTargetPlatform (93)
[2017.07.07-12.05.32:073][171]LogModuleManager: Shutting down and abandoning module Android_ETC2TargetPlatform (91)
[2017.07.07-12.05.32:073][171]LogModuleManager: Shutting down and abandoning module Android_ETC1TargetPlatform (89)
[2017.07.07-12.05.32:073][171]LogModuleManager: Shutting down and abandoning module Android_DXTTargetPlatform (87)
[2017.07.07-12.05.32:073][171]LogModuleManager: Shutting down and abandoning module Android_ATCTargetPlatform (85)
[2017.07.07-12.05.32:073][171]LogModuleManager: Shutting down and abandoning module Android_ASTCTargetPlatform (83)
[2017.07.07-12.05.32:073][171]LogModuleManager: Shutting down and abandoning module AndroidTargetPlatform (81)
[2017.07.07-12.05.32:073][171]LogModuleManager: Shutting down and abandoning module WindowsTargetPlatform (79)
[2017.07.07-12.05.32:073][171]LogModuleManager: Shutting down and abandoning module WindowsServerTargetPlatform (77)
[2017.07.07-12.05.32:073][171]LogModuleManager: Shutting down and abandoning module WindowsNoEditorTargetPlatform (75)
[2017.07.07-12.05.32:073][171]LogModuleManager: Shutting down and abandoning module WindowsClientTargetPlatform (73)
[2017.07.07-12.05.32:073][171]LogModuleManager: Shutting down and abandoning module MacTargetPlatform (71)
[2017.07.07-12.05.32:073][171]LogModuleManager: Shutting down and abandoning module MacServerTargetPlatform (69)
[2017.07.07-12.05.32:073][171]LogModuleManager: Shutting down and abandoning module MacNoEditorTargetPlatform (67)
[2017.07.07-12.05.32:073][171]LogModuleManager: Shutting down and abandoning module MacClientTargetPlatform (65)
[2017.07.07-12.05.32:073][171]LogModuleManager: Shutting down and abandoning module AllDesktopTargetPlatform (63)
[2017.07.07-12.05.32:073][171]LogModuleManager: Shutting down and abandoning module InputCore (60)
[2017.07.07-12.05.32:073][171]LogModuleManager: Shutting down and abandoning module Settings (58)
[2017.07.07-12.05.32:073][171]LogModuleManager: Shutting down and abandoning module OculusRift (56)
[2017.07.07-12.05.32:073][171]LogModuleManager: Shutting down and abandoning module GearVRController (54)
[2017.07.07-12.05.32:073][171]LogModuleManager: Shutting down and abandoning module GearVR (52)
[2017.07.07-12.05.32:073][171]LogModuleManager: Shutting down and abandoning module ExampleDeviceProfileSelector (50)
[2017.07.07-12.05.32:073][171]LogModuleManager: Shutting down and abandoning module OnlineBlueprintSupport (48)
[2017.07.07-12.05.32:073][171]LogModuleManager: Shutting down and abandoning module OnlineSubsystem (44)
[2017.07.07-12.05.32:073][171]LogOnline:Display: Unloading online subsystem: NULL
[2017.07.07-12.05.32:073][171]LogModuleManager: Shutting down and abandoning module XMPP (43)
[2017.07.07-12.05.32:073][171]LogModuleManager: Shutting down and abandoning module HTTP (41)
[2017.07.07-12.05.32:073][171]LogHttp:Display: Http module shutting down, but needs to wait on 1 outstanding Http requests:
[2017.07.07-12.05.32:073][171]LogHttp:Display: 	verb=[POST] url=[https://datarouter.ol.epicgames.com/datarouter/api/v1/public/data?SessionID=%7B21AB1198-4081-4E5B-E270-6592FE4C58D0%7D&AppID=UEEditor.Rocket.Release&AppVersion=4.16.2-3514769%2B%2B%2BUE4%2BRelease-4.16&UserID=da22addb45dbf246ba89d3bb8512caa0%7Cac3a6a9ec5994764aaf4a8e42b8e8634%7C1fa4ed1c-3eb9-407e-b2b0-903e4a27e1b1&AppEnvironment=datacollector-binary&UploadType=eteventstream] status=Processing
[2017.07.07-12.05.32:094][171]LogModuleManager: Shutting down and abandoning module SSL (40)
[2017.07.07-12.05.32:096][171]LogModuleManager: Shutting down and abandoning module HTTPChunkInstaller (36)
[2017.07.07-12.05.32:096][171]LogModuleManager: Shutting down and abandoning module AnimationModifiers (34)
[2017.07.07-12.05.32:096][171]LogModuleManager: Shutting down and abandoning module PropertyEditor (33)
[2017.07.07-12.05.32:096][171]LogModuleManager: Shutting down and abandoning module AudioEditor (30)
[2017.07.07-12.05.32:096][171]LogModuleManager: Shutting down and abandoning module TextureCompressor (28)
[2017.07.07-12.05.32:096][171]LogModuleManager: Shutting down and abandoning module ShaderCore (26)
[2017.07.07-12.05.32:096][171]LogModuleManager: Shutting down and abandoning module Landscape (24)
[2017.07.07-12.05.32:096][171]LogModuleManager: Shutting down and abandoning module SlateRHIRenderer (22)
[2017.07.07-12.05.32:097][171]LogModuleManager: Shutting down and abandoning module OpenGLDrv (20)
[2017.07.07-12.05.32:097][171]LogModuleManager: Shutting down and abandoning module D3D11RHI (18)
[2017.07.07-12.05.32:097][171]LogModuleManager: Shutting down and abandoning module AnimGraphRuntime (16)
[2017.07.07-12.05.32:097][171]LogModuleManager: Shutting down and abandoning module Renderer (14)
[2017.07.07-12.05.32:097][171]LogModuleManager: Shutting down and abandoning module Engine (12)
[2017.07.07-12.05.32:097][171]LogModuleManager: Shutting down and abandoning module CoreUObject (10)
[2017.07.07-12.05.32:097][171]LogModuleManager: Shutting down and abandoning module NetworkFile (8)
[2017.07.07-12.05.32:097][171]LogModuleManager: Shutting down and abandoning module StreamingFile (6)
[2017.07.07-12.05.32:097][171]LogModuleManager: Shutting down and abandoning module SandboxFile (4)
[2017.07.07-12.05.32:097][171]LogModuleManager: Shutting down and abandoning module PakFile (2)
[2017.07.07-12.05.32:098][171]LogExit: Exiting.
[2017.07.07-12.05.32:105][171]Log file closed, 07/07/17 13:05:32
