Log file open, 07/07/17 11:16:43
LogInit:Display: Running engine for game: BuildingEscape
LogPlatformFile: Not using cached read wrapper
LogInit:Display: RandInit(1547012016) SRandInit(1547012016).
LogTaskGraph: Started task graph with 5 named threads and 10 total threads with 1 sets of task threads.
LogStats: Stats thread started at 0.103875
LogInit: Using libcurl 7.47.1
LogInit:  - built for x86_64-pc-win32
LogInit:  - supports SSL with OpenSSL/1.0.2g
LogInit:  - supports HTTP deflate (compression) using libz 1.2.8
LogInit:  - other features:
LogInit:      CURL_VERSION_SSL
LogInit:      CURL_VERSION_LIBZ
LogInit:      CURL_VERSION_IPV6
LogInit:      CURL_VERSION_ASYNCHDNS
LogInit:      CURL_VERSION_LARGEFILE
LogInit:      CURL_VERSION_IDN
LogInit:  CurlRequestOptions (configurable via config and command line):
LogInit:  - bVerifyPeer = false  - Libcurl will NOT verify peer certificate
LogInit:  - bUseHttpProxy = false  - Libcurl will NOT use HTTP proxy
LogInit:  - bDontReuseConnections = false  - Libcurl will reuse connections
LogInit:  - CertBundlePath = nullptr  - Libcurl will use whatever was configured at build time.
LogInit: Build: ++UE4+Release-4.16-CL-3514769
LogInit: Engine Version: 4.16.2-3514769+++UE4+Release-4.16
LogInit: Compatible Engine Version: 4.16.0-3452394+++UE4+Release-4.16
LogInit: Net CL: 3452394
LogDevObjectVersion: Number of dev versions registered: 16
LogDevObjectVersion:   Dev-Blueprints (B0D832E4-1F89-4F0D-ACCF-7EB736FD4AA2): 9
LogDevObjectVersion:   Dev-Build (E1C64328-A22C-4D53-A36C-8E866417BD8C): 0
LogDevObjectVersion:   Dev-Core (375EC13C-06E4-48FB-B500-84F0262A717E): 2
LogDevObjectVersion:   Dev-Editor (E4B068ED-F494-42E9-A231-DA0B2E46BB41): 17
LogDevObjectVersion:   Dev-Framework (CFFC743F-43B0-4480-9391-14DF171D2073): 23
LogDevObjectVersion:   Dev-Mobile (B02B49B5-BB20-44E9-A304-32B752E40360): 0
LogDevObjectVersion:   Dev-Networking (A4E4105C-59A1-49B5-A7C5-40C4547EDFEE): 0
LogDevObjectVersion:   Dev-Online (39C831C9-5AE6-47DC-9A44-9C173E1C8E7C): 0
LogDevObjectVersion:   Dev-Physics (78F01B33-EBEA-4F98-B9B4-84EACCB95AA2): 0
LogDevObjectVersion:   Dev-Platform (6631380F-2D4D-43E0-8009-CF276956A95A): 0
LogDevObjectVersion:   Dev-Rendering (12F88B9F-8875-4AFC-A67C-D90C383ABD29): 15
LogDevObjectVersion:   Dev-Sequencer (7B5AE74C-D270-4C10-A958-57980B212A5A): 4
LogDevObjectVersion:   Dev-VR (D7296918-1DD6-4BDD-9DE2-64A83CC13884): 0
LogDevObjectVersion:   Dev-LoadTimes (C2A15278-BFE7-4AFE-6C17-90FF531DF755): 1
LogDevObjectVersion:   Private-Geometry (6EACA3D4-40EC-4CC1-B786-8BED09428FC5): 1
LogDevObjectVersion:   Dev-AnimPhys (29E575DD-E0A3-4627-9D10-D276232CDCEA): 3
LogInit: Compiled (64-bit): Jun 29 2017 02:03:24
LogInit: Compiled with Visual C++: 19.00.24215.01
LogInit: Build Configuration: Development
LogInit: Branch Name: ++UE4+Release-4.16
LogInit: Command line:  
LogInit: Base directory: F:/Program Files/Epic Games/UE_4.16/Engine/Binaries/Win64/
LogInit: Installed Engine Build: 1
LogInit: Presizing for max 8388607 objects, including 0 objects not considered by GC, pre-allocating 0 bytes for permanent pool.
LogInit: Object subsystem initialized
[2017.07.07-10.16.43:744][  0]LogInit: Selected Device Profile: [Windows]
[2017.07.07-10.16.43:744][  0]LogInit: Applying CVar settings loaded from the selected device profile: [Windows]
[2017.07.07-10.16.43:793][  0]LogInit: Computer: NIAL
[2017.07.07-10.16.43:793][  0]LogInit: User: Nial
[2017.07.07-10.16.43:793][  0]LogInit: CPU Page size=4096, Cores=6
[2017.07.07-10.16.43:793][  0]LogInit: High frequency timer resolution =3.221724 MHz
[2017.07.07-10.16.43:793][  0]LogMemory: Memory total: Physical=19.9GB (20GB approx)
[2017.07.07-10.16.43:793][  0]LogMemory: Platform Memory Stats for Windows
[2017.07.07-10.16.43:793][  0]LogMemory: Process Physical Memory: 274.22 MB used, 274.22 MB peak
[2017.07.07-10.16.43:793][  0]LogMemory: Process Virtual Memory: 267.28 MB used, 267.28 MB peak
[2017.07.07-10.16.43:793][  0]LogMemory: Physical Memory: 5158.16 MB used,  15247.39 MB free, 20405.55 MB total
[2017.07.07-10.16.43:793][  0]LogMemory: Virtual Memory: 647.91 MB used,  15247.39 MB free, 134217728.00 MB total
[2017.07.07-10.16.43:855][  0]LogInit: Using OS detected language (en-GB).
[2017.07.07-10.16.43:855][  0]LogInit: Using OS detected locale (en-GB).
[2017.07.07-10.16.43:975][  0]LogTextLocalizationManager: No specific localization for 'en-GB' exists, so the 'en' localization will be used.
[2017.07.07-10.16.45:677][  0]LogD3D11RHI: D3D11 adapters:
[2017.07.07-10.16.46:269][  0]LogD3D11RHI:    0. 'NVIDIA GeForce GTX 1080' (Feature Level 11_0)
[2017.07.07-10.16.46:269][  0]LogD3D11RHI:       8110/0/10202 MB DedicatedVideo/DedicatedSystem/SharedSystem, Outputs:3, VendorId:0x10de
[2017.07.07-10.16.46:284][  0]LogD3D11RHI:    1. 'Microsoft Basic Render Driver' (Feature Level 11_0)
[2017.07.07-10.16.46:284][  0]LogD3D11RHI:       0/0/10202 MB DedicatedVideo/DedicatedSystem/SharedSystem, Outputs:0, VendorId:0x1414
[2017.07.07-10.16.46:284][  0]LogD3D11RHI: Chosen D3D11 Adapter: 0
[2017.07.07-10.16.46:289][  0]LogD3D11RHI: Creating new Direct3DDevice
[2017.07.07-10.16.46:289][  0]LogD3D11RHI:     GPU DeviceId: 0x1b80 (for the marketing name, search the web for "GPU Device Id")
[2017.07.07-10.16.46:289][  0]LogWindows: EnumDisplayDevices:
[2017.07.07-10.16.46:289][  0]LogWindows:    0. 'NVIDIA GeForce GTX 1080' (P:1 D:1)
[2017.07.07-10.16.46:289][  0]LogWindows:    1. 'NVIDIA GeForce GTX 1080' (P:0 D:1)
[2017.07.07-10.16.46:289][  0]LogWindows:    2. 'NVIDIA GeForce GTX 1080' (P:0 D:1)
[2017.07.07-10.16.46:289][  0]LogWindows:    3. 'NVIDIA GeForce GTX 1080' (P:0 D:0)
[2017.07.07-10.16.46:289][  0]LogWindows: DebugString: FoundDriverCount:4 
[2017.07.07-10.16.46:289][  0]LogD3D11RHI:     Adapter Name: NVIDIA GeForce GTX 1080
[2017.07.07-10.16.46:289][  0]LogD3D11RHI:   Driver Version: 382.05 (internal:22.21.13.8205, unified:382.05)
[2017.07.07-10.16.46:289][  0]LogD3D11RHI:      Driver Date: 5-1-2017
[2017.07.07-10.16.46:289][  0]LogRHI: Texture pool is 1361 MB (70% of 1945 MB)
[2017.07.07-10.16.46:852][  0]LogD3D11RHI: Async texture creation enabled
[2017.07.07-10.16.47:133][  0]LogD3D11RHI: GPU Timing Frequency: 1000.000000 (Debug: 2 1)
[2017.07.07-10.16.47:272][  0]LogShaderCompilers: Guid format shader working directory is -9 characters bigger than the processId version (../../../../../../Udemy/Unreal/LearnUnreal/BuildingEscape/Intermediate/Shaders/WorkingDirectory/15260/).
[2017.07.07-10.16.47:273][  0]LogShaderCompilers: Cleaned the shader compiler working directory 'C:/Users/Johannes/AppData/Local/Temp/UnrealShaderWorkingDir/C2204C164FDA95D15BDFC6AF3E02A9BA/'.
[2017.07.07-10.16.47:273][  0]LogShaderCompilers:Display: Using Local Shader Compiler.
[2017.07.07-10.16.48:790][  0]LogTemp:Display: Loaded TP AllDesktopTargetPlatform
[2017.07.07-10.16.48:823][  0]LogTemp:Display: Loaded TP MacClientTargetPlatform
[2017.07.07-10.16.48:856][  0]LogTemp:Display: Loaded TP MacNoEditorTargetPlatform
[2017.07.07-10.16.48:889][  0]LogTemp:Display: Loaded TP MacServerTargetPlatform
[2017.07.07-10.16.48:938][  0]LogTemp:Display: Loaded TP MacTargetPlatform
[2017.07.07-10.16.48:971][  0]LogTemp:Display: Loaded TP WindowsClientTargetPlatform
[2017.07.07-10.16.49:004][  0]LogTemp:Display: Loaded TP WindowsNoEditorTargetPlatform
[2017.07.07-10.16.49:037][  0]LogTemp:Display: Loaded TP WindowsServerTargetPlatform
[2017.07.07-10.16.49:066][  0]LogTemp:Display: Loaded TP WindowsTargetPlatform
[2017.07.07-10.16.49:107][  0]LogTemp:Display: Loaded TP AndroidTargetPlatform
[2017.07.07-10.16.49:140][  0]LogTemp:Display: Loaded TP Android_ASTCTargetPlatform
[2017.07.07-10.16.49:172][  0]LogTemp:Display: Loaded TP Android_ATCTargetPlatform
[2017.07.07-10.16.49:205][  0]LogTemp:Display: Loaded TP Android_DXTTargetPlatform
[2017.07.07-10.16.49:238][  0]LogTemp:Display: Loaded TP Android_ETC1TargetPlatform
[2017.07.07-10.16.49:270][  0]LogTemp:Display: Loaded TP Android_ETC2TargetPlatform
[2017.07.07-10.16.49:335][  0]LogTemp:Display: Loaded TP Android_MultiTargetPlatform
[2017.07.07-10.16.49:335][  0]LogTemp:Display: Loaded TP Android_PVRTCTargetPlatform
[2017.07.07-10.16.49:361][  0]LogTemp:Display: Loaded TP HTML5TargetPlatform
[2017.07.07-10.16.49:434][  0]LogTemp:Display: Loaded TP IOSTargetPlatform
[2017.07.07-10.16.49:453][  0]LogTemp:Display: Loaded TP TVOSTargetPlatform
[2017.07.07-10.16.49:485][  0]LogTemp:Display: Loaded TP LinuxClientTargetPlatform
[2017.07.07-10.16.49:518][  0]LogTemp:Display: Loaded TP LinuxNoEditorTargetPlatform
[2017.07.07-10.16.49:550][  0]LogTemp:Display: Loaded TP LinuxServerTargetPlatform
[2017.07.07-10.16.49:589][  0]LogTemp:Display: Loaded TP LinuxTargetPlatform
[2017.07.07-10.16.49:589][  0]LogTargetPlatformManager:Display: Building Assets For Windows
[2017.07.07-10.16.49:986][  0]LogDerivedDataCache:Display: Max Cache Size: 512 MB
[2017.07.07-10.16.50:978][  0]LogDerivedDataCache: Loaded boot cache 0.99s 90MB C:/Users/Johannes/AppData/Local/UnrealEngine/4.16/DerivedDataCache/Boot.ddc.
[2017.07.07-10.16.50:978][  0]LogDerivedDataCache:Display: Loaded Boot cache: C:/Users/Johannes/AppData/Local/UnrealEngine/4.16/DerivedDataCache/Boot.ddc
[2017.07.07-10.16.50:978][  0]LogDerivedDataCache: FDerivedDataBackendGraph:  Pak pak cache file ../../../../../../Udemy/Unreal/LearnUnreal/BuildingEscape/DerivedDataCache/DDC.ddp not found, will not use a pak cache.
[2017.07.07-10.16.50:978][  0]LogDerivedDataCache: Unable to find inner node Pak for hierarchical cache Hierarchy.
[2017.07.07-10.16.50:978][  0]LogDerivedDataCache: FDerivedDataBackendGraph:  CompressedPak pak cache file ../../../../../../Udemy/Unreal/LearnUnreal/BuildingEscape/DerivedDataCache/Compressed.ddp not found, will not use a pak cache.
[2017.07.07-10.16.50:978][  0]LogDerivedDataCache: Unable to find inner node CompressedPak for hierarchical cache Hierarchy.
[2017.07.07-10.16.51:027][  0]LogDerivedDataCache:Display: Pak cache opened for reading ../../../Engine/DerivedDataCache/Compressed.ddp.
[2017.07.07-10.16.51:039][  0]LogDerivedDataCache: Using Local data cache path C:/Users/Johannes/AppData/Local/UnrealEngine/Common/DerivedDataCache: Writable
[2017.07.07-10.16.51:047][  0]LogMaterial: Verifying Global Shaders for PCD3D_SM5
[2017.07.07-10.16.51:047][  0]LogSlate: Using Freetype 2.6.0
[2017.07.07-10.16.51:097][  0]LogSlate: SlateFontCache - WITH_FREETYPE: 1, WITH_HARFBUZZ: 1
[2017.07.07-10.16.51:097][  0]LogSlate: SlateFontCache - WITH_FREETYPE: 1, WITH_HARFBUZZ: 1
[2017.07.07-10.16.51:514][  0]LogInit: Selected Device Profile: [Windows]
[2017.07.07-10.16.51:777][  0]LogContentStreaming: Texture pool size is 0.00 MB
[2017.07.07-10.16.51:941][  0]LogMeshUtilities: Using QuadricMeshReduction for automatic static mesh reduction
[2017.07.07-10.16.52:039][  0]LogSimplygon: Simplygon DLL not present - disabling.
[2017.07.07-10.16.52:068][  0]LogMeshUtilities: Using SimplygonSwarm for distributed automatic mesh merging
[2017.07.07-10.16.52:068][  0]LogMeshUtilities: No automatic skeletal mesh reduction module available
[2017.07.07-10.16.52:068][  0]LogMeshUtilities: No automatic mesh merging module available
[2017.07.07-10.16.53:704][  0]LogNetVersion: BuildingEscape , NetCL: 3452394, EngineNetVer: 2, GameNetVer: 0 (Checksum: 784502225)
[2017.07.07-10.16.53:831][  0]LogAssetRegistry: FAssetRegistry took 0.0251 seconds to start up
[2017.07.07-10.16.53:877][  0]LogPackageLocalizationCache: Processed 4 localized package path(s) for 2 prioritized culture(s) in 0.033988 seconds
[2017.07.07-10.16.53:881][  0]LogUObjectArray: 34194 objects as part of root set at end of initial load.
[2017.07.07-10.16.53:881][  0]LogUObjectAllocator: 7260424 out of 0 bytes used by permanent object pool.
[2017.07.07-10.16.53:881][  0]LogUObjectArray: CloseDisregardForGC: 0/0 objects in disregard for GC pool
[2017.07.07-10.16.53:917][  0]LogInit: WinSock: version 1.1 (2.2), MaxSocks=32767, MaxUdp=65467
[2017.07.07-10.17.01:539][  0]LogTcpMessaging: Initializing TcpMessaging bridge
[2017.07.07-10.17.01:583][  0]LogUdpMessaging: Initializing bridge on interface 0.0.0.0:0 to multicast group 230.0.0.1:6666.
[2017.07.07-10.17.02:496][  0]LogMaterial: Uniform references updated for custom material expression Custom.
[2017.07.07-10.17.02:891][  0]SourceControl: Info Source control is disabled
[2017.07.07-10.17.03:474][  0]SourceControl: Info Source control is disabled
[2017.07.07-10.17.03:576][  0]SourceControl: Info Source control is disabled
[2017.07.07-10.17.03:634][  0]SourceControl: Info Source control is disabled
[2017.07.07-10.17.04:457][  0]LogAndroidPermission: UAndroidPermissionCallbackProxy::GetInstance
[2017.07.07-10.17.05:043][  0]LogEngine: Initializing Engine...
[2017.07.07-10.17.05:165][  0]LogHMD: Failed to initialize OpenVR with code 108
[2017.07.07-10.17.05:598][  0]LogStats: UGameplayTagsManager::ConstructGameplayTagTree: Construct from data asset -  0.000 s
[2017.07.07-10.17.05:598][  0]LogStats: UGameplayTagsManager::ConstructGameplayTagTree: GameplayTagTreeChangedEvent.Broadcast -  0.000 s
[2017.07.07-10.17.05:681][  0]LogAIModule: Creating AISystem for world Untitled
[2017.07.07-10.17.05:699][  0]LogInit: XAudio2 using 'Speakers (Realtek High Definition Audio)' : 2 channels at 48 kHz using 32 bits per sample (channel mask 0x3)
[2017.07.07-10.17.05:716][  0]LogInit: FAudioDevice initialized.
[2017.07.07-10.17.05:768][  0]LogDerivedDataCache: Saved boot cache 0.05s 90MB C:/Users/Johannes/AppData/Local/UnrealEngine/4.16/DerivedDataCache/Boot.ddc.
[2017.07.07-10.17.05:774][  0]LogInit: Texture streaming: Enabled
[2017.07.07-10.17.05:832][  0]LogEngineSessionManager: EngineSessionManager initialized
[2017.07.07-10.17.05:984][  0]LogInit: Transaction tracking system initialized
[2017.07.07-10.17.06:171][  0]BlueprintLog: New page: Editor Load
[2017.07.07-10.17.06:751][  0]LocalizationService: Info Localization service is disabled
[2017.07.07-10.17.07:216][  0]LogConsoleResponse:Display: 
[2017.07.07-10.17.07:952][  0]LogCook:Display: Max memory allowance for cook 16384mb min free memory 0mb
[2017.07.07-10.17.07:952][  0]LogCook:Display: Mobile HDR setting 1
[2017.07.07-10.17.08:969][  0]LogFileCache: Scanning file cache for directory 'F:/Udemy/Unreal/LearnUnreal/BuildingEscape/Content/' took 0.01s
[2017.07.07-10.17.09:124][  0]SourceControl: Info Source control is disabled
[2017.07.07-10.17.09:124][  0]Cmd: MAP LOAD FILE="../../../../../../Udemy/Unreal/LearnUnreal/BuildingEscape/Content/StarterContent/Maps/Minimal_Default.umap" TEMPLATE=0 SHOWPROGRESS=1 FEATURELEVEL=3
[2017.07.07-10.17.09:124][  0]LightingResults: New page: Lighting Build
[2017.07.07-10.17.09:150][  0]MapCheck: New page: Map Check
[2017.07.07-10.17.09:150][  0]LightingResults: New page: Lighting Build
[2017.07.07-10.17.10:096][  0]LogAIModule: Creating AISystem for world Minimal_Default
[2017.07.07-10.17.10:143][  0]LogEditorServer: Finished looking for orphan Actors (0.000 secs)
[2017.07.07-10.17.10:152][  0]Cmd: MAP CHECKDEP NOCLEARLOG
[2017.07.07-10.17.10:191][  0]MapCheck: Info Map check complete: 0 Error(s), 0 Warning(s), took 39.772ms to complete.
[2017.07.07-10.17.10:191][  0]LogFileHelpers: Loading map 'Minimal_Default' took 1.067
[2017.07.07-10.17.10:470][  0]LogCollectionManager: Loaded 0 collections in 0.000716 seconds
[2017.07.07-10.17.10:575][  0]LogFileCache: Scanning file cache for directory 'F:/Udemy/Unreal/LearnUnreal/BuildingEscape/Saved/Collections/' took 0.01s
[2017.07.07-10.17.10:575][  0]LogFileCache: Scanning file cache for directory 'F:/Udemy/Unreal/LearnUnreal/BuildingEscape/Content/Developers/Nial/Collections/' took 0.01s
[2017.07.07-10.17.10:575][  0]LogFileCache: Scanning file cache for directory 'F:/Udemy/Unreal/LearnUnreal/BuildingEscape/Content/Collections/' took 0.01s
[2017.07.07-10.17.10:575][  0]LogCollectionManager: Rebuilt the GUID cache for 0 collections in 0.000002 seconds
[2017.07.07-10.17.10:583][  0]LogContentBrowser: Native class hierarchy populated in 0.0080 seconds. Added 2331 classes and 495 folders.
[2017.07.07-10.17.10:647][  0]LogContentBrowser: Native class hierarchy updated for 'WidgetCarousel' in 0.0010 seconds. Added 0 classes and 0 folders.
[2017.07.07-10.17.11:251][  0]LogContentBrowser: Native class hierarchy updated for 'AddContentDialog' in 0.0011 seconds. Added 0 classes and 0 folders.
[2017.07.07-10.17.11:317][  0]LogCrashTracker: Crashtracker disabled due to settings.
[2017.07.07-10.17.11:333][  0]LogSlate: Took 0.012068 seconds to synchronously load lazily loaded font '../../../Engine/Content/Slate/Fonts/Roboto-Regular.ttf' (155K)
[2017.07.07-10.17.11:340][  0]LogSlate: Took 0.003550 seconds to synchronously load lazily loaded font '../../../Engine/Content/Slate/Fonts/Roboto-Bold.ttf' (160K)
[2017.07.07-10.17.11:350][  0]LogSlate: Took 0.007877 seconds to synchronously load lazily loaded font '../../../Engine/Content/Editor/Slate/Fonts/FontAwesome.ttf' (139K)
[2017.07.07-10.17.11:472][  0]LogRenderer: Reallocating scene render targets to support 1028x924 NumSamples 1 (Frame:1).
[2017.07.07-10.17.11:592][  0]LogUObjectGlobals:Warning: Failed to find object 'Class None.'
[2017.07.07-10.17.11:647][  0]LogContentBrowser: Native class hierarchy updated for 'HierarchicalLODOutliner' in 0.0011 seconds. Added 1 classes and 2 folders.
[2017.07.07-10.17.11:647][  0]LogLoad: (Engine Initialization) Total time: 30.64 seconds
[2017.07.07-10.17.11:647][  0]LogLoad: (Engine Initialization) Total Blueprint compile time: 0.29 seconds
[2017.07.07-10.17.11:647][  0]LogExternalProfiler: Found external profiler: VSPerf
[2017.07.07-10.17.11:647][  0]LogExternalProfiler: Using external profiler: VSPerf
[2017.07.07-10.17.11:657][  0]LogWindowsTextInputMethodSystem:Display: IME system now deactivated.
[2017.07.07-10.17.11:657][  0]LogOcInput: OculusInput pre-init called
[2017.07.07-10.17.11:657][  0]LogHMD: Starting GearVRController plugin
[2017.07.07-10.17.11:669][  0]LogAssetRegistry: Asset discovery search completed in 17.8608 seconds
[2017.07.07-10.17.11:670][  0]LogCollectionManager: Rebuilt the object cache for 0 collections in 0.000001 seconds (found 0 objects)
[2017.07.07-10.17.11:670][  0]LogCollectionManager: Fixed up redirectors for 0 collections in 0.000025 seconds (updated 0 objects)
[2017.07.07-10.17.11:673][  0]LogContentStreaming: Texture pool size now 1000 MB
[2017.07.07-10.17.11:717][  0]LogSlate: Took 0.001461 seconds to synchronously load lazily loaded font '../../../Engine/Content/Slate/Fonts/Roboto-Light.ttf' (159K)
