Log file open, 07/08/17 14:21:34
LogInit:Display: Running engine for game: BuildingEscape
LogPlatformFile: Not using cached read wrapper
LogInit:Display: RandInit(2134333004) SRandInit(2134333004).
LogTaskGraph: Started task graph with 5 named threads and 10 total threads with 1 sets of task threads.
LogStats: Stats thread started at 0.101788
LogInit: Using libcurl 7.47.1
LogInit:  - built for x86_64-pc-win32
LogInit:  - supports SSL with OpenSSL/1.0.2g
LogInit:  - supports HTTP deflate (compression) using libz 1.2.8
LogInit:  - other features:
LogInit:      CURL_VERSION_SSL
LogInit:      CURL_VERSION_LIBZ
LogInit:      CURL_VERSION_IPV6
LogInit:      CURL_VERSION_ASYNCHDNS
LogInit:      CURL_VERSION_LARGEFILE
LogInit:      CURL_VERSION_IDN
LogInit:  CurlRequestOptions (configurable via config and command line):
LogInit:  - bVerifyPeer = false  - Libcurl will NOT verify peer certificate
LogInit:  - bUseHttpProxy = false  - Libcurl will NOT use HTTP proxy
LogInit:  - bDontReuseConnections = false  - Libcurl will reuse connections
LogInit:  - CertBundlePath = nullptr  - Libcurl will use whatever was configured at build time.
LogInit: Build: ++UE4+Release-4.16-CL-3514769
LogInit: Engine Version: 4.16.2-3514769+++UE4+Release-4.16
LogInit: Compatible Engine Version: 4.16.0-3452394+++UE4+Release-4.16
LogInit: Net CL: 3452394
LogDevObjectVersion: Number of dev versions registered: 16
LogDevObjectVersion:   Dev-Blueprints (B0D832E4-1F89-4F0D-ACCF-7EB736FD4AA2): 9
LogDevObjectVersion:   Dev-Build (E1C64328-A22C-4D53-A36C-8E866417BD8C): 0
LogDevObjectVersion:   Dev-Core (375EC13C-06E4-48FB-B500-84F0262A717E): 2
LogDevObjectVersion:   Dev-Editor (E4B068ED-F494-42E9-A231-DA0B2E46BB41): 17
LogDevObjectVersion:   Dev-Framework (CFFC743F-43B0-4480-9391-14DF171D2073): 23
LogDevObjectVersion:   Dev-Mobile (B02B49B5-BB20-44E9-A304-32B752E40360): 0
LogDevObjectVersion:   Dev-Networking (A4E4105C-59A1-49B5-A7C5-40C4547EDFEE): 0
LogDevObjectVersion:   Dev-Online (39C831C9-5AE6-47DC-9A44-9C173E1C8E7C): 0
LogDevObjectVersion:   Dev-Physics (78F01B33-EBEA-4F98-B9B4-84EACCB95AA2): 0
LogDevObjectVersion:   Dev-Platform (6631380F-2D4D-43E0-8009-CF276956A95A): 0
LogDevObjectVersion:   Dev-Rendering (12F88B9F-8875-4AFC-A67C-D90C383ABD29): 15
LogDevObjectVersion:   Dev-Sequencer (7B5AE74C-D270-4C10-A958-57980B212A5A): 4
LogDevObjectVersion:   Dev-VR (D7296918-1DD6-4BDD-9DE2-64A83CC13884): 0
LogDevObjectVersion:   Dev-LoadTimes (C2A15278-BFE7-4AFE-6C17-90FF531DF755): 1
LogDevObjectVersion:   Private-Geometry (6EACA3D4-40EC-4CC1-B786-8BED09428FC5): 1
LogDevObjectVersion:   Dev-AnimPhys (29E575DD-E0A3-4627-9D10-D276232CDCEA): 3
LogInit: Compiled (64-bit): Jun 29 2017 02:03:24
LogInit: Compiled with Visual C++: 19.00.24215.01
LogInit: Build Configuration: Development
LogInit: Branch Name: ++UE4+Release-4.16
LogInit: Command line: 
LogInit: Base directory: F:/Program Files/Epic Games/UE_4.16/Engine/Binaries/Win64/
LogInit: Installed Engine Build: 1
LogInit: Presizing for max 8388607 objects, including 0 objects not considered by GC, pre-allocating 0 bytes for permanent pool.
LogInit: Object subsystem initialized
[2017.07.08-13.21.35:065][  0]LogInit: Selected Device Profile: [Windows]
[2017.07.08-13.21.35:065][  0]LogInit: Applying CVar settings loaded from the selected device profile: [Windows]
[2017.07.08-13.21.35:071][  0]LogInit: Computer: NIAL
[2017.07.08-13.21.35:071][  0]LogInit: User: Nial
[2017.07.08-13.21.35:071][  0]LogInit: CPU Page size=4096, Cores=6
[2017.07.08-13.21.35:071][  0]LogInit: High frequency timer resolution =3.221724 MHz
[2017.07.08-13.21.35:071][  0]LogMemory: Memory total: Physical=19.9GB (20GB approx)
[2017.07.08-13.21.35:071][  0]LogMemory: Platform Memory Stats for Windows
[2017.07.08-13.21.35:071][  0]LogMemory: Process Physical Memory: 273.02 MB used, 273.02 MB peak
[2017.07.08-13.21.35:071][  0]LogMemory: Process Virtual Memory: 267.28 MB used, 267.28 MB peak
[2017.07.08-13.21.35:071][  0]LogMemory: Physical Memory: 6862.13 MB used,  13543.42 MB free, 20405.55 MB total
[2017.07.08-13.21.35:071][  0]LogMemory: Virtual Memory: 647.91 MB used,  13543.42 MB free, 134217728.00 MB total
[2017.07.08-13.21.35:115][  0]LogInit: Using OS detected language (en-GB).
[2017.07.08-13.21.35:115][  0]LogInit: Using OS detected locale (en-GB).
[2017.07.08-13.21.35:117][  0]LogTextLocalizationManager: No specific localization for 'en-GB' exists, so the 'en' localization will be used.
[2017.07.08-13.21.35:886][  0]LogD3D11RHI: D3D11 adapters:
[2017.07.08-13.21.36:471][  0]LogD3D11RHI:    0. 'NVIDIA GeForce GTX 1080' (Feature Level 11_0)
[2017.07.08-13.21.36:471][  0]LogD3D11RHI:       8110/0/10202 MB DedicatedVideo/DedicatedSystem/SharedSystem, Outputs:3, VendorId:0x10de
[2017.07.08-13.21.36:472][  0]LogD3D11RHI:    1. 'Microsoft Basic Render Driver' (Feature Level 11_0)
[2017.07.08-13.21.36:472][  0]LogD3D11RHI:       0/0/10202 MB DedicatedVideo/DedicatedSystem/SharedSystem, Outputs:0, VendorId:0x1414
[2017.07.08-13.21.36:472][  0]LogD3D11RHI: Chosen D3D11 Adapter: 0
[2017.07.08-13.21.36:478][  0]LogD3D11RHI: Creating new Direct3DDevice
[2017.07.08-13.21.36:478][  0]LogD3D11RHI:     GPU DeviceId: 0x1b80 (for the marketing name, search the web for "GPU Device Id")
[2017.07.08-13.21.36:478][  0]LogWindows: EnumDisplayDevices:
[2017.07.08-13.21.36:478][  0]LogWindows:    0. 'NVIDIA GeForce GTX 1080' (P:1 D:1)
[2017.07.08-13.21.36:478][  0]LogWindows:    1. 'NVIDIA GeForce GTX 1080' (P:0 D:1)
[2017.07.08-13.21.36:478][  0]LogWindows:    2. 'NVIDIA GeForce GTX 1080' (P:0 D:1)
[2017.07.08-13.21.36:478][  0]LogWindows:    3. 'NVIDIA GeForce GTX 1080' (P:0 D:0)
[2017.07.08-13.21.36:478][  0]LogWindows: DebugString: FoundDriverCount:4 
[2017.07.08-13.21.36:478][  0]LogD3D11RHI:     Adapter Name: NVIDIA GeForce GTX 1080
[2017.07.08-13.21.36:478][  0]LogD3D11RHI:   Driver Version: 382.05 (internal:22.21.13.8205, unified:382.05)
[2017.07.08-13.21.36:478][  0]LogD3D11RHI:      Driver Date: 5-1-2017
[2017.07.08-13.21.36:479][  0]LogRHI: Texture pool is 1361 MB (70% of 1945 MB)
[2017.07.08-13.21.37:038][  0]LogD3D11RHI: Async texture creation enabled
[2017.07.08-13.21.37:140][  0]LogD3D11RHI: GPU Timing Frequency: 1000.000000 (Debug: 2 1)
[2017.07.08-13.21.37:280][  0]LogShaderCompilers: Guid format shader working directory is -9 characters bigger than the processId version (../../../../../../Udemy/Unreal/LearnUnreal/BuildingEscape/Intermediate/Shaders/WorkingDirectory/19432/).
[2017.07.08-13.21.37:280][  0]LogShaderCompilers: Cleaned the shader compiler working directory 'C:/Users/Johannes/AppData/Local/Temp/UnrealShaderWorkingDir/CAC129B24F8A60E8A7BCF3866C7E4126/'.
[2017.07.08-13.21.37:280][  0]LogShaderCompilers:Display: Using Local Shader Compiler.
[2017.07.08-13.21.38:174][  0]LogTemp:Display: Loaded TP AllDesktopTargetPlatform
[2017.07.08-13.21.38:208][  0]LogTemp:Display: Loaded TP MacClientTargetPlatform
[2017.07.08-13.21.38:241][  0]LogTemp:Display: Loaded TP MacNoEditorTargetPlatform
[2017.07.08-13.21.38:274][  0]LogTemp:Display: Loaded TP MacServerTargetPlatform
[2017.07.08-13.21.38:308][  0]LogTemp:Display: Loaded TP MacTargetPlatform
[2017.07.08-13.21.38:341][  0]LogTemp:Display: Loaded TP WindowsClientTargetPlatform
[2017.07.08-13.21.38:374][  0]LogTemp:Display: Loaded TP WindowsNoEditorTargetPlatform
[2017.07.08-13.21.38:408][  0]LogTemp:Display: Loaded TP WindowsServerTargetPlatform
[2017.07.08-13.21.38:437][  0]LogTemp:Display: Loaded TP WindowsTargetPlatform
[2017.07.08-13.21.38:469][  0]LogTemp:Display: Loaded TP AndroidTargetPlatform
[2017.07.08-13.21.38:502][  0]LogTemp:Display: Loaded TP Android_ASTCTargetPlatform
[2017.07.08-13.21.38:534][  0]LogTemp:Display: Loaded TP Android_ATCTargetPlatform
[2017.07.08-13.21.38:567][  0]LogTemp:Display: Loaded TP Android_DXTTargetPlatform
[2017.07.08-13.21.38:600][  0]LogTemp:Display: Loaded TP Android_ETC1TargetPlatform
[2017.07.08-13.21.38:632][  0]LogTemp:Display: Loaded TP Android_ETC2TargetPlatform
[2017.07.08-13.21.38:698][  0]LogTemp:Display: Loaded TP Android_MultiTargetPlatform
[2017.07.08-13.21.38:698][  0]LogTemp:Display: Loaded TP Android_PVRTCTargetPlatform
[2017.07.08-13.21.38:722][  0]LogTemp:Display: Loaded TP HTML5TargetPlatform
[2017.07.08-13.21.38:789][  0]LogTemp:Display: Loaded TP IOSTargetPlatform
[2017.07.08-13.21.38:809][  0]LogTemp:Display: Loaded TP TVOSTargetPlatform
[2017.07.08-13.21.38:841][  0]LogTemp:Display: Loaded TP LinuxClientTargetPlatform
[2017.07.08-13.21.38:874][  0]LogTemp:Display: Loaded TP LinuxNoEditorTargetPlatform
[2017.07.08-13.21.38:907][  0]LogTemp:Display: Loaded TP LinuxServerTargetPlatform
[2017.07.08-13.21.38:939][  0]LogTemp:Display: Loaded TP LinuxTargetPlatform
[2017.07.08-13.21.38:939][  0]LogTargetPlatformManager:Display: Building Assets For Windows
[2017.07.08-13.21.39:234][  0]LogDerivedDataCache:Display: Max Cache Size: 512 MB
[2017.07.08-13.21.39:322][  0]LogDerivedDataCache: Loaded boot cache 0.09s 90MB C:/Users/Johannes/AppData/Local/UnrealEngine/4.16/DerivedDataCache/Boot.ddc.
[2017.07.08-13.21.39:322][  0]LogDerivedDataCache:Display: Loaded Boot cache: C:/Users/Johannes/AppData/Local/UnrealEngine/4.16/DerivedDataCache/Boot.ddc
[2017.07.08-13.21.39:322][  0]LogDerivedDataCache: FDerivedDataBackendGraph:  Pak pak cache file ../../../../../../Udemy/Unreal/LearnUnreal/BuildingEscape/DerivedDataCache/DDC.ddp not found, will not use a pak cache.
[2017.07.08-13.21.39:322][  0]LogDerivedDataCache: Unable to find inner node Pak for hierarchical cache Hierarchy.
[2017.07.08-13.21.39:322][  0]LogDerivedDataCache: FDerivedDataBackendGraph:  CompressedPak pak cache file ../../../../../../Udemy/Unreal/LearnUnreal/BuildingEscape/DerivedDataCache/Compressed.ddp not found, will not use a pak cache.
[2017.07.08-13.21.39:322][  0]LogDerivedDataCache: Unable to find inner node CompressedPak for hierarchical cache Hierarchy.
[2017.07.08-13.21.39:336][  0]LogDerivedDataCache:Display: Pak cache opened for reading ../../../Engine/DerivedDataCache/Compressed.ddp.
[2017.07.08-13.21.39:348][  0]LogDerivedDataCache: Using Local data cache path C:/Users/Johannes/AppData/Local/UnrealEngine/Common/DerivedDataCache: Writable
[2017.07.08-13.21.39:356][  0]LogMaterial: Verifying Global Shaders for PCD3D_SM5
[2017.07.08-13.21.39:356][  0]LogSlate: Using Freetype 2.6.0
[2017.07.08-13.21.39:357][  0]LogSlate: SlateFontCache - WITH_FREETYPE: 1, WITH_HARFBUZZ: 1
[2017.07.08-13.21.39:357][  0]LogSlate: SlateFontCache - WITH_FREETYPE: 1, WITH_HARFBUZZ: 1
[2017.07.08-13.21.39:618][  0]LogInit: Selected Device Profile: [Windows]
[2017.07.08-13.21.39:678][  0]LogContentStreaming: Texture pool size is 0.00 MB
[2017.07.08-13.21.39:794][  0]LogMeshUtilities: Using QuadricMeshReduction for automatic static mesh reduction
[2017.07.08-13.21.39:822][  0]LogSimplygon: Simplygon DLL not present - disabling.
[2017.07.08-13.21.39:852][  0]LogMeshUtilities: Using SimplygonSwarm for distributed automatic mesh merging
[2017.07.08-13.21.39:852][  0]LogMeshUtilities: No automatic skeletal mesh reduction module available
[2017.07.08-13.21.39:852][  0]LogMeshUtilities: No automatic mesh merging module available
[2017.07.08-13.21.40:258][  0]LogNetVersion: BuildingEscape , NetCL: 3452394, EngineNetVer: 2, GameNetVer: 0 (Checksum: 784502225)
[2017.07.08-13.21.40:306][  0]LogAssetRegistry: FAssetRegistry took 0.0248 seconds to start up
[2017.07.08-13.21.40:342][  0]LogPackageLocalizationCache: Processed 4 localized package path(s) for 2 prioritized culture(s) in 0.023113 seconds
[2017.07.08-13.21.40:346][  0]LogUObjectArray: 34194 objects as part of root set at end of initial load.
[2017.07.08-13.21.40:346][  0]LogUObjectAllocator: 7260416 out of 0 bytes used by permanent object pool.
[2017.07.08-13.21.40:346][  0]LogUObjectArray: CloseDisregardForGC: 0/0 objects in disregard for GC pool
[2017.07.08-13.21.40:381][  0]LogInit: WinSock: version 1.1 (2.2), MaxSocks=32767, MaxUdp=65467
[2017.07.08-13.21.42:106][  0]LogTcpMessaging: Initializing TcpMessaging bridge
[2017.07.08-13.21.42:135][  0]LogUdpMessaging: Initializing bridge on interface 0.0.0.0:0 to multicast group 230.0.0.1:6666.
[2017.07.08-13.21.42:528][  0]LogMaterial: Uniform references updated for custom material expression Custom.
[2017.07.08-13.21.42:796][  0]SourceControl: Info Source control is disabled
[2017.07.08-13.21.42:831][  0]SourceControl: Info Source control is disabled
[2017.07.08-13.21.42:862][  0]SourceControl: Info Source control is disabled
[2017.07.08-13.21.42:892][  0]SourceControl: Info Source control is disabled
[2017.07.08-13.21.43:318][  0]LogAndroidPermission: UAndroidPermissionCallbackProxy::GetInstance
[2017.07.08-13.21.43:705][  0]LogEngine: Initializing Engine...
[2017.07.08-13.21.43:712][  0]LogHMD: Failed to initialize OpenVR with code 108
[2017.07.08-13.21.43:878][  0]LogStats: UGameplayTagsManager::ConstructGameplayTagTree: Construct from data asset -  0.000 s
[2017.07.08-13.21.43:878][  0]LogStats: UGameplayTagsManager::ConstructGameplayTagTree: GameplayTagTreeChangedEvent.Broadcast -  0.000 s
[2017.07.08-13.21.43:958][  0]LogAIModule: Creating AISystem for world Untitled
[2017.07.08-13.21.43:975][  0]LogInit: XAudio2 using 'Speakers (Realtek High Definition Audio)' : 2 channels at 48 kHz using 32 bits per sample (channel mask 0x3)
[2017.07.08-13.21.43:987][  0]LogInit: FAudioDevice initialized.
[2017.07.08-13.21.44:028][  0]LogDerivedDataCache: Saved boot cache 0.04s 90MB C:/Users/Johannes/AppData/Local/UnrealEngine/4.16/DerivedDataCache/Boot.ddc.
[2017.07.08-13.21.44:035][  0]LogInit: Texture streaming: Enabled
[2017.07.08-13.21.44:096][  0]LogEngineSessionManager: EngineSessionManager initialized
[2017.07.08-13.21.44:096][  0]LogEngineSessionManager: EngineSessionManager sent abnormal shutdown report. Type=Crashed, SessionId={5D25AF54-414C-4FD4-DE95-DE86DCB0AF4C}
[2017.07.08-13.21.44:232][  0]LogInit: Transaction tracking system initialized
[2017.07.08-13.21.44:421][  0]BlueprintLog: New page: Editor Load
[2017.07.08-13.21.44:990][  0]LocalizationService: Info Localization service is disabled
[2017.07.08-13.21.45:426][  0]LogConsoleResponse:Display: 
[2017.07.08-13.21.45:531][  0]LogCook:Display: Max memory allowance for cook 16384mb min free memory 0mb
[2017.07.08-13.21.45:531][  0]LogCook:Display: Mobile HDR setting 1
[2017.07.08-13.21.46:169][  0]LogFileCache: Scanning file cache for directory 'F:/Udemy/Unreal/LearnUnreal/BuildingEscape/Content/' took 0.01s
[2017.07.08-13.21.46:169][  0]SourceControl: Info Source control is disabled
[2017.07.08-13.21.46:276][  0]LogWindowsTextInputMethodSystem:Display: IME system now deactivated.
[2017.07.08-13.21.46:277][  0]LogSlate: Took 0.000179 seconds to synchronously load lazily loaded font '../../../Engine/Content/Slate/Fonts/Roboto-Regular.ttf' (155K)
[2017.07.08-13.21.49:423][  0]LogWindowsTextInputMethodSystem:Display: IME system now deactivated.
[2017.07.08-13.21.49:425][  0]LogWindowsTextInputMethodSystem:Display: IME system now deactivated.
[2017.07.08-13.21.51:312][  0]LogWindowsTextInputMethodSystem:Display: IME system now deactivated.
[2017.07.08-13.21.51:313][  0]LogWindowsTextInputMethodSystem:Display: IME system now deactivated.
[2017.07.08-13.21.51:318][  0]Cmd: MAP LOAD FILE="../../../../../../Udemy/Unreal/LearnUnreal/BuildingEscape/Content/NewMap.umap" TEMPLATE=0 SHOWPROGRESS=1 FEATURELEVEL=3
[2017.07.08-13.21.51:318][  0]LightingResults: New page: Lighting Build
[2017.07.08-13.21.51:350][  0]MapCheck: New page: Map Check
[2017.07.08-13.21.51:350][  0]LightingResults: New page: Lighting Build
[2017.07.08-13.21.51:629][  0]LogAIModule: Creating AISystem for world NewMap
[2017.07.08-13.21.51:634][  0]LogEditorServer: Finished looking for orphan Actors (0.000 secs)
[2017.07.08-13.21.51:643][  0]Cmd: MAP CHECKDEP NOCLEARLOG
[2017.07.08-13.21.51:689][  0]MapCheck: Info Map check complete: 0 Error(s), 0 Warning(s), took 46.487ms to complete.
[2017.07.08-13.21.51:689][  0]LogFileHelpers: Loading map 'NewMap' took 0.372
[2017.07.08-13.21.51:832][  0]LogStats:Warning: MetaData mismatch. Did you assign a stat to two groups? New //STATGROUP_Threads//SplashScreenThread///Thread_488_0///####STATCAT_Advanced#### old //STATGROUP_Threads//SplashScreenThread///Thread_45a0_0///####STATCAT_Advanced####
[2017.07.08-13.21.51:832][  0]LogCollectionManager: Loaded 0 collections in 0.000748 seconds
[2017.07.08-13.21.51:910][  0]LogFileCache: Scanning file cache for directory 'F:/Udemy/Unreal/LearnUnreal/BuildingEscape/Saved/Collections/' took 0.01s
[2017.07.08-13.21.51:910][  0]LogFileCache: Scanning file cache for directory 'F:/Udemy/Unreal/LearnUnreal/BuildingEscape/Content/Developers/Nial/Collections/' took 0.01s
[2017.07.08-13.21.51:910][  0]LogFileCache: Scanning file cache for directory 'F:/Udemy/Unreal/LearnUnreal/BuildingEscape/Content/Collections/' took 0.01s
[2017.07.08-13.21.51:910][  0]LogCollectionManager: Rebuilt the GUID cache for 0 collections in 0.000002 seconds
[2017.07.08-13.21.51:918][  0]LogContentBrowser: Native class hierarchy populated in 0.0081 seconds. Added 2333 classes and 495 folders.
[2017.07.08-13.21.51:958][  0]LogContentBrowser: Native class hierarchy updated for 'WidgetCarousel' in 0.0011 seconds. Added 0 classes and 0 folders.
[2017.07.08-13.21.51:993][  0]LogContentBrowser: Native class hierarchy updated for 'AddContentDialog' in 0.0011 seconds. Added 0 classes and 0 folders.
[2017.07.08-13.21.52:021][  0]LogCrashTracker: Crashtracker disabled due to settings.
[2017.07.08-13.21.52:026][  0]LogSlate: Took 0.000154 seconds to synchronously load lazily loaded font '../../../Engine/Content/Slate/Fonts/Roboto-Bold.ttf' (160K)
[2017.07.08-13.21.52:028][  0]LogSlate: Took 0.000143 seconds to synchronously load lazily loaded font '../../../Engine/Content/Editor/Slate/Fonts/FontAwesome.ttf' (139K)
[2017.07.08-13.21.52:028][  0]LogSlate: Took 0.000122 seconds to synchronously load lazily loaded font '../../../Engine/Content/Editor/Slate/Fonts/DroidSansMono.ttf' (77K)
[2017.07.08-13.21.52:113][  0]LogRenderer: Reallocating scene render targets to support 1052x624 NumSamples 1 (Frame:1).
[2017.07.08-13.21.52:181][  0]LogSlate: Took 0.000169 seconds to synchronously load lazily loaded font '../../../Engine/Content/Slate/Fonts/Roboto-Light.ttf' (159K)
[2017.07.08-13.21.52:221][  0]LogUObjectGlobals:Warning: Failed to find object 'Class None.'
[2017.07.08-13.21.52:271][  0]LogContentBrowser: Native class hierarchy updated for 'HierarchicalLODOutliner' in 0.0011 seconds. Added 1 classes and 2 folders.
[2017.07.08-13.21.52:271][  0]LogLoad: (Engine Initialization) Total time: 18.47 seconds
[2017.07.08-13.21.52:271][  0]LogLoad: (Engine Initialization) Total Blueprint compile time: 0.06 seconds
[2017.07.08-13.21.52:271][  0]LogExternalProfiler: Found external profiler: VSPerf
[2017.07.08-13.21.52:271][  0]LogExternalProfiler: Using external profiler: VSPerf
[2017.07.08-13.21.52:281][  0]LogOcInput: OculusInput pre-init called
[2017.07.08-13.21.52:281][  0]LogHMD: Starting GearVRController plugin
[2017.07.08-13.21.52:294][  0]LogAssetRegistry: Asset discovery search completed in 12.0094 seconds
[2017.07.08-13.21.52:296][  0]LogCollectionManager: Rebuilt the object cache for 0 collections in 0.000001 seconds (found 0 objects)
[2017.07.08-13.21.52:296][  0]LogCollectionManager: Fixed up redirectors for 0 collections in 0.000109 seconds (updated 0 objects)
[2017.07.08-13.21.52:302][  0]LogContentStreaming: Texture pool size now 1000 MB
[2017.07.08-13.22.35:923][162]Candidate modules for hot reload:
[2017.07.08-13.22.35:923][162]  BuildingEscape
[2017.07.08-13.22.35:923][162]Launching UnrealBuildTool... [F:/Program Files/Epic Games/UE_4.16/Engine/Binaries/DotNET/UnrealBuildTool.exe BuildingEscape -ModuleWithSuffix BuildingEscape 6253 Win64 Development -editorrecompile -canskiplink "F:/Udemy/Unreal/LearnUnreal/BuildingEscape/BuildingEscape.uproject" ]
[2017.07.08-13.22.35:978][162]Warning: Starting HotReload took  0.1s.
[2017.07.08-13.22.50:582][938]CompilerResultsLog: New page: Compilation - 8 Jul 2017 15:22:50
[2017.07.08-13.22.50:583][938]CompilerResultsLog: Info Compiling game modules for hot reload
[2017.07.08-13.22.50:583][938]CompilerResultsLog: Info Parsing headers for BuildingEscapeEditor
[2017.07.08-13.22.50:583][938]CompilerResultsLog: Info   Running UnrealHeaderTool "F:\Udemy\Unreal\LearnUnreal\BuildingEscape\BuildingEscape.uproject" "F:\Udemy\Unreal\LearnUnreal\BuildingEscape\Intermediate\Build\Win64\BuildingEscapeEditor\Development\BuildingEscapeEditor.uhtmanifest" -LogCmds="loginit warning, logexit warning, logdatabase error" -Unattended -WarningsAsErrors -installed
[2017.07.08-13.22.50:583][938]CompilerResultsLog: Info Reflection code generated for BuildingEscapeEditor in 2.9194819 seconds
[2017.07.08-13.22.50:583][938]CompilerResultsLog: Info Performing 3 actions (9 in parallel)
[2017.07.08-13.22.50:583][938]CompilerResultsLog: Info OpenDoor.cpp
[2017.07.08-13.22.50:583][938]CompilerResultsLog: Info [2/3] Link UE4Editor-BuildingEscape-6253.dll
[2017.07.08-13.22.50:583][938]CompilerResultsLog: Info [3/3] Link UE4Editor-BuildingEscape-6253.lib
[2017.07.08-13.22.50:583][938]CompilerResultsLog: Info    Creating library F:\Udemy\Unreal\LearnUnreal\BuildingEscape\Intermediate\Build\Win64\UE4Editor\Development\UE4Editor-BuildingEscape-6253.lib and object F:\Udemy\Unreal\LearnUnreal\BuildingEscape\Intermediate\Build\Win64\UE4Editor\Development\UE4Editor-BuildingEscape-6253.exp
[2017.07.08-13.22.50:584][938]CompilerResultsLog: Info    Creating library F:\Udemy\Unreal\LearnUnreal\BuildingEscape\Intermediate\Build\Win64\UE4Editor\Development\UE4Editor-BuildingEscape-6253.suppressed.lib and object F:\Udemy\Unreal\LearnUnreal\BuildingEscape\Intermediate\Build\Win64\UE4Editor\Development\UE4Editor-BuildingEscape-6253.suppressed.exp
[2017.07.08-13.22.50:584][938]CompilerResultsLog: Info Total build time: 14.11 seconds (Local executor: 9.36 seconds)
[2017.07.08-13.22.50:584][938]LogMainFrame: MainFrame: Module compiling took 14.679 seconds
[2017.07.08-13.22.50:625][938]LogContentBrowser: Native class hierarchy updated for 'BuildingEscape' in 0.0012 seconds. Added 3 classes and 2 folders.
[2017.07.08-13.22.50:625][938]Display: HotReload successful (0 functions remapped  0 scriptstructs remapped)
[2017.07.08-13.22.50:704][938]LogContentBrowser: Native class hierarchy populated in 0.0084 seconds. Added 2334 classes and 497 folders.
[2017.07.08-13.22.50:705][938]Display: HotReload took 14.8s.
[2017.07.08-13.22.53:677][187]LogTemp: Repeting last play command: Selected Viewport
[2017.07.08-13.22.53:696][187]LogPlayLevel: PlayLevel: No blueprints needed recompiling
[2017.07.08-13.22.53:697][187]PIE: New page: PIE session: NewMap (8 Jul 2017 15:22:53)
[2017.07.08-13.22.53:697][187]LogPlayLevel: Creating play world package: /Game/UEDPIE_0_NewMap
[2017.07.08-13.22.53:700][187]LogPlayLevel: PIE: StaticDuplicateObject took: (0.002792s)
[2017.07.08-13.22.53:700][187]LogAIModule: Creating AISystem for world NewMap
[2017.07.08-13.22.53:700][187]LogPlayLevel: PIE: World Init took: (0.000665s)
[2017.07.08-13.22.53:701][187]LogPlayLevel: PIE: Created PIE world by copying editor world from /Game/NewMap.NewMap to /Game/UEDPIE_0_NewMap.NewMap (0.003815s)
[2017.07.08-13.22.53:719][187]LogInit: XAudio2 using 'Speakers (Realtek High Definition Audio)' : 2 channels at 48 kHz using 32 bits per sample (channel mask 0x3)
[2017.07.08-13.22.53:729][187]LogInit: FAudioDevice initialized.
[2017.07.08-13.22.53:767][187]LogUObjectGlobals:Warning: Failed to find object 'Class /Script/BuildingEscape.BuildingEscapeGameMode'
[2017.07.08-13.22.53:767][187]LogLoad: Game class is 'GameModeBase'
[2017.07.08-13.22.53:770][187]LogWorld: Bringing World /Game/UEDPIE_0_NewMap.NewMap up for play (max tick rate 0) at 2017.07.08-14.22.53
[2017.07.08-13.22.53:770][187]LogWorld: Bringing up level for play took: 0.001309
[2017.07.08-13.22.53:803][187]LogContentBrowser: Native class hierarchy updated for 'MovieSceneCapture' in 0.0011 seconds. Added 11 classes and 0 folders.
[2017.07.08-13.22.53:804][187]LogTemp:Warning: SM_Chair_2 is at X=-335.000 Y=-95.000 Z=20.000
[2017.07.08-13.22.53:804][187]PIE: Info Play in editor start time for /Game/UEDPIE_0_NewMap -0.422
[2017.07.08-13.24.03:423][797]Candidate modules for hot reload:
[2017.07.08-13.24.03:423][797]  BuildingEscape
[2017.07.08-13.24.03:424][797]Launching UnrealBuildTool... [F:/Program Files/Epic Games/UE_4.16/Engine/Binaries/DotNET/UnrealBuildTool.exe BuildingEscape -ModuleWithSuffix BuildingEscape 190 Win64 Development -editorrecompile -canskiplink "F:/Udemy/Unreal/LearnUnreal/BuildingEscape/BuildingEscape.uproject" ]
[2017.07.08-13.24.03:479][797]Warning: Starting HotReload took  0.1s.
[2017.07.08-13.24.17:899][669]CompilerResultsLog: New page: Compilation - 8 Jul 2017 15:24:17
[2017.07.08-13.24.17:899][669]CompilerResultsLog: Info Compiling game modules for hot reload
[2017.07.08-13.24.17:899][669]CompilerResultsLog: Info Parsing headers for BuildingEscapeEditor
[2017.07.08-13.24.17:899][669]CompilerResultsLog: Info   Running UnrealHeaderTool "F:\Udemy\Unreal\LearnUnreal\BuildingEscape\BuildingEscape.uproject" "F:\Udemy\Unreal\LearnUnreal\BuildingEscape\Intermediate\Build\Win64\BuildingEscapeEditor\Development\BuildingEscapeEditor.uhtmanifest" -LogCmds="loginit warning, logexit warning, logdatabase error" -Unattended -WarningsAsErrors -installed
[2017.07.08-13.24.17:900][669]CompilerResultsLog: Info Reflection code generated for BuildingEscapeEditor in 2.7782457 seconds
[2017.07.08-13.24.17:900][669]CompilerResultsLog: Info Performing 3 actions (9 in parallel)
[2017.07.08-13.24.17:900][669]CompilerResultsLog: Info OpenDoor.cpp
[2017.07.08-13.24.17:900][669]CompilerResultsLog: Info [2/3] Link UE4Editor-BuildingEscape-190.dll
[2017.07.08-13.24.17:900][669]CompilerResultsLog: Info [3/3] Link UE4Editor-BuildingEscape-190.lib
[2017.07.08-13.24.17:900][669]CompilerResultsLog: Info    Creating library F:\Udemy\Unreal\LearnUnreal\BuildingEscape\Intermediate\Build\Win64\UE4Editor\Development\UE4Editor-BuildingEscape-190.lib and object F:\Udemy\Unreal\LearnUnreal\BuildingEscape\Intermediate\Build\Win64\UE4Editor\Development\UE4Editor-BuildingEscape-190.exp
[2017.07.08-13.24.17:900][669]CompilerResultsLog: Info    Creating library F:\Udemy\Unreal\LearnUnreal\BuildingEscape\Intermediate\Build\Win64\UE4Editor\Development\UE4Editor-BuildingEscape-190.suppressed.lib and object F:\Udemy\Unreal\LearnUnreal\BuildingEscape\Intermediate\Build\Win64\UE4Editor\Development\UE4Editor-BuildingEscape-190.suppressed.exp
[2017.07.08-13.24.17:900][669]CompilerResultsLog: Info Total build time: 14.07 seconds (Local executor: 9.45 seconds)
[2017.07.08-13.24.17:901][669]LogMainFrame: MainFrame: Module compiling took 14.495 seconds
[2017.07.08-13.24.17:938][669]LogContentBrowser: Native class hierarchy updated for 'BuildingEscape' in 0.0012 seconds. Added 3 classes and 2 folders.
[2017.07.08-13.24.17:939][669]Display: HotReload successful (0 functions remapped  0 scriptstructs remapped)
[2017.07.08-13.24.17:960][669]LogContentBrowser: Native class hierarchy populated in 0.0084 seconds. Added 2334 classes and 497 folders.
[2017.07.08-13.24.17:960][669]Display: HotReload took 14.6s.
[2017.07.08-13.24.45:097][433]LogTemp: Repeting last play command: Selected Viewport
[2017.07.08-13.24.45:107][433]LogPlayLevel: PlayLevel: No blueprints needed recompiling
[2017.07.08-13.24.45:107][433]PIE: New page: PIE session: NewMap (8 Jul 2017 15:24:45)
[2017.07.08-13.24.45:107][433]LogPlayLevel: Creating play world package: /Game/UEDPIE_0_NewMap
[2017.07.08-13.24.45:110][433]LogPlayLevel: PIE: StaticDuplicateObject took: (0.002650s)
[2017.07.08-13.24.45:110][433]LogAIModule: Creating AISystem for world NewMap
[2017.07.08-13.24.45:111][433]LogPlayLevel: PIE: World Init took: (0.000764s)
[2017.07.08-13.24.45:111][433]LogPlayLevel: PIE: Created PIE world by copying editor world from /Game/NewMap.NewMap to /Game/UEDPIE_0_NewMap.NewMap (0.003792s)
[2017.07.08-13.24.45:129][433]LogInit: XAudio2 using 'Speakers (Realtek High Definition Audio)' : 2 channels at 48 kHz using 32 bits per sample (channel mask 0x3)
[2017.07.08-13.24.45:139][433]LogInit: FAudioDevice initialized.
[2017.07.08-13.24.45:167][433]LogLoad: Game class is 'GameModeBase'
[2017.07.08-13.24.45:169][433]LogWorld: Bringing World /Game/UEDPIE_0_NewMap.NewMap up for play (max tick rate 0) at 2017.07.08-14.24.45
[2017.07.08-13.24.45:170][433]LogWorld: Bringing up level for play took: 0.001234
[2017.07.08-13.24.45:170][433]LogTemp:Warning: SM_Chair_2 is at X=-335.000 Y=-95.000 Z=20.000
[2017.07.08-13.24.45:171][433]PIE: Info Play in editor start time for /Game/UEDPIE_0_NewMap 0.944
[2017.07.08-13.25.03:426][948]Candidate modules for hot reload:
[2017.07.08-13.25.03:426][948]  BuildingEscape
[2017.07.08-13.25.03:426][948]Launching UnrealBuildTool... [F:/Program Files/Epic Games/UE_4.16/Engine/Binaries/DotNET/UnrealBuildTool.exe BuildingEscape -ModuleWithSuffix BuildingEscape 3391 Win64 Development -editorrecompile -canskiplink "F:/Udemy/Unreal/LearnUnreal/BuildingEscape/BuildingEscape.uproject" ]
[2017.07.08-13.25.03:482][948]Warning: Starting HotReload took  0.1s.
[2017.07.08-13.25.19:172][831]CompilerResultsLog: New page: Compilation - 8 Jul 2017 15:25:19
[2017.07.08-13.25.19:172][831]CompilerResultsLog: Info Compiling game modules for hot reload
[2017.07.08-13.25.19:172][831]CompilerResultsLog: Info Parsing headers for BuildingEscapeEditor
[2017.07.08-13.25.19:172][831]CompilerResultsLog: Info   Running UnrealHeaderTool "F:\Udemy\Unreal\LearnUnreal\BuildingEscape\BuildingEscape.uproject" "F:\Udemy\Unreal\LearnUnreal\BuildingEscape\Intermediate\Build\Win64\BuildingEscapeEditor\Development\BuildingEscapeEditor.uhtmanifest" -LogCmds="loginit warning, logexit warning, logdatabase error" -Unattended -WarningsAsErrors -installed
[2017.07.08-13.25.19:173][831]CompilerResultsLog: Info Reflection code generated for BuildingEscapeEditor in 2.8056202 seconds
[2017.07.08-13.25.19:173][831]CompilerResultsLog: Info Performing 3 actions (9 in parallel)
[2017.07.08-13.25.19:173][831]CompilerResultsLog: Info OpenDoor.cpp
[2017.07.08-13.25.19:173][831]CompilerResultsLog: Info [2/3] Link UE4Editor-BuildingEscape-3391.dll
[2017.07.08-13.25.19:173][831]CompilerResultsLog: Info [3/3] Link UE4Editor-BuildingEscape-3391.lib
[2017.07.08-13.25.19:173][831]CompilerResultsLog: Info    Creating library F:\Udemy\Unreal\LearnUnreal\BuildingEscape\Intermediate\Build\Win64\UE4Editor\Development\UE4Editor-BuildingEscape-3391.lib and object F:\Udemy\Unreal\LearnUnreal\BuildingEscape\Intermediate\Build\Win64\UE4Editor\Development\UE4Editor-BuildingEscape-3391.exp
[2017.07.08-13.25.19:173][831]CompilerResultsLog: Info    Creating library F:\Udemy\Unreal\LearnUnreal\BuildingEscape\Intermediate\Build\Win64\UE4Editor\Development\UE4Editor-BuildingEscape-3391.suppressed.lib and object F:\Udemy\Unreal\LearnUnreal\BuildingEscape\Intermediate\Build\Win64\UE4Editor\Development\UE4Editor-BuildingEscape-3391.suppressed.exp
[2017.07.08-13.25.19:173][831]CompilerResultsLog: Info Total build time: 15.51 seconds (Local executor: 10.86 seconds)
[2017.07.08-13.25.19:173][831]LogMainFrame: MainFrame: Module compiling took 15.765 seconds
[2017.07.08-13.25.19:213][831]LogContentBrowser: Native class hierarchy updated for 'BuildingEscape' in 0.0012 seconds. Added 3 classes and 2 folders.
[2017.07.08-13.25.19:214][831]Display: HotReload successful (0 functions remapped  0 scriptstructs remapped)
[2017.07.08-13.25.19:236][831]LogContentBrowser: Native class hierarchy populated in 0.0093 seconds. Added 2334 classes and 497 folders.
[2017.07.08-13.25.19:236][831]Display: HotReload took 15.8s.
[2017.07.08-13.25.20:844][ 24]LogTemp: Repeting last play command: Selected Viewport
[2017.07.08-13.25.20:853][ 24]LogPlayLevel: PlayLevel: No blueprints needed recompiling
[2017.07.08-13.25.20:853][ 24]PIE: New page: PIE session: NewMap (8 Jul 2017 15:25:20)
[2017.07.08-13.25.20:853][ 24]LogPlayLevel: Creating play world package: /Game/UEDPIE_0_NewMap
[2017.07.08-13.25.20:856][ 24]LogPlayLevel: PIE: StaticDuplicateObject took: (0.002293s)
[2017.07.08-13.25.20:856][ 24]LogAIModule: Creating AISystem for world NewMap
[2017.07.08-13.25.20:856][ 24]LogPlayLevel: PIE: World Init took: (0.000637s)
[2017.07.08-13.25.20:857][ 24]LogPlayLevel: PIE: Created PIE world by copying editor world from /Game/NewMap.NewMap to /Game/UEDPIE_0_NewMap.NewMap (0.003252s)
[2017.07.08-13.25.20:874][ 24]LogInit: XAudio2 using 'Speakers (Realtek High Definition Audio)' : 2 channels at 48 kHz using 32 bits per sample (channel mask 0x3)
[2017.07.08-13.25.20:884][ 24]LogInit: FAudioDevice initialized.
[2017.07.08-13.25.20:915][ 24]LogLoad: Game class is 'GameModeBase'
[2017.07.08-13.25.20:917][ 24]LogWorld: Bringing World /Game/UEDPIE_0_NewMap.NewMap up for play (max tick rate 0) at 2017.07.08-14.25.20
[2017.07.08-13.25.20:917][ 24]LogWorld: Bringing up level for play took: 0.001155
[2017.07.08-13.25.20:918][ 24]LogTemp:Warning: SM_Chair_2 is at X=-335.000 Y=-95.000 Z=20.000
[2017.07.08-13.25.20:918][ 24]PIE: Info Play in editor start time for /Game/UEDPIE_0_NewMap 0.692
[2017.07.08-13.25.26:317][556]LogCrashTracker: 


[2017.07.08-13.25.26:317][556]LogCrashTracker: 


[2017.07.08-13.25.26:317][556]LogWindows:Error: === Critical error: ===
[2017.07.08-13.25.26:317][556]LogWindows:Error: 
[2017.07.08-13.25.26:317][556]LogWindows:Error: Fatal error!
[2017.07.08-13.25.26:317][556]LogWindows:Error: 
[2017.07.08-13.25.26:317][556]LogWindows:Error: Unhandled Exception: EXCEPTION_ACCESS_VIOLATION reading address 0x00000178
[2017.07.08-13.25.26:317][556]LogWindows:Error: 
[2017.07.08-13.25.26:317][556]LogWindows:Error: UE4Editor-Engine.dll!0x000000005CF50A14
[2017.07.08-13.25.26:317][556]LogWindows:Error: UE4Editor-BuildingEscape-3391.dll!UOpenDoor::TickComponent() [f:\udemy\unreal\learnunreal\buildingescape\source\buildingescape\opendoor.cpp:38]
[2017.07.08-13.25.26:317][556]LogWindows:Error: UE4Editor-Engine.dll!0x000000005D2E4854
[2017.07.08-13.25.26:317][556]LogWindows:Error: UE4Editor-Engine.dll!0x000000005D318665
[2017.07.08-13.25.26:317][556]LogWindows:Error: UE4Editor-Engine.dll!0x000000005DEE36EB
[2017.07.08-13.25.26:317][556]LogWindows:Error: UE4Editor-Engine.dll!0x000000005DEEA0CB
[2017.07.08-13.25.26:317][556]LogWindows:Error: UE4Editor-Core.dll!0x00000000719D4D8C
[2017.07.08-13.25.26:317][556]LogWindows:Error: UE4Editor-Core.dll!0x00000000719D4F55
[2017.07.08-13.25.26:317][556]LogWindows:Error: UE4Editor-Engine.dll!0x000000005DF06353
[2017.07.08-13.25.26:317][556]LogWindows:Error: UE4Editor-Engine.dll!0x000000005DF0BB12
[2017.07.08-13.25.26:317][556]LogWindows:Error: UE4Editor-Engine.dll!0x000000005D82E464
[2017.07.08-13.25.26:317][556]LogWindows:Error: UE4Editor-Engine.dll!0x000000005D836A58
[2017.07.08-13.25.26:318][556]LogWindows:Error: UE4Editor-UnrealEd.dll!0x000000005BA43973
[2017.07.08-13.25.26:318][556]LogWindows:Error: UE4Editor-UnrealEd.dll!0x000000005C268D76
[2017.07.08-13.25.26:318][556]LogWindows:Error: UE4Editor.exe!0x0000000097CDE2B2
[2017.07.08-13.25.26:318][556]LogWindows:Error: UE4Editor.exe!0x0000000097CCF0B0
[2017.07.08-13.25.26:318][556]LogWindows:Error: UE4Editor.exe!0x0000000097CCF12A
[2017.07.08-13.25.26:318][556]LogWindows:Error: UE4Editor.exe!0x0000000097CE0CF9
[2017.07.08-13.25.26:318][556]LogWindows:Error: UE4Editor.exe!0x0000000097CE25F7
[2017.07.08-13.25.26:318][556]LogWindows:Error: KERNEL32.DLL!0x00000000A4CB2774
[2017.07.08-13.25.26:318][556]LogWindows:Error: ntdll.dll!0x00000000A7240D61
[2017.07.08-13.25.26:318][556]LogWindows:Error: ntdll.dll!0x00000000A7240D61
[2017.07.08-13.25.26:318][556]LogWindows:Error: 
[2017.07.08-13.25.26:325][556]LogExit: Executing StaticShutdownAfterError
[2017.07.08-13.25.26:327][556]LogWindows: FPlatformMisc::RequestExit(1)
[2017.07.08-13.25.26:327][556]Log file closed, 07/08/17 14:25:26
