Log file open, 07/10/17 21:01:25
LogInit:Display: Running engine for game: BuildingEscape
LogPlatformFile: Not using cached read wrapper
LogInit:Display: RandInit(-241709573) SRandInit(-241709573).
LogTaskGraph: Started task graph with 5 named threads and 10 total threads with 1 sets of task threads.
LogStats: Stats thread started at 0.101985
LogInit: Using libcurl 7.47.1
LogInit:  - built for x86_64-pc-win32
LogInit:  - supports SSL with OpenSSL/1.0.2g
LogInit:  - supports HTTP deflate (compression) using libz 1.2.8
LogInit:  - other features:
LogInit:      CURL_VERSION_SSL
LogInit:      CURL_VERSION_LIBZ
LogInit:      CURL_VERSION_IPV6
LogInit:      CURL_VERSION_ASYNCHDNS
LogInit:      CURL_VERSION_LARGEFILE
LogInit:      CURL_VERSION_IDN
LogInit:  CurlRequestOptions (configurable via config and command line):
LogInit:  - bVerifyPeer = false  - Libcurl will NOT verify peer certificate
LogInit:  - bUseHttpProxy = false  - Libcurl will NOT use HTTP proxy
LogInit:  - bDontReuseConnections = false  - Libcurl will reuse connections
LogInit:  - CertBundlePath = nullptr  - Libcurl will use whatever was configured at build time.
LogInit: Build: ++UE4+Release-4.16-CL-3514769
LogInit: Engine Version: 4.16.2-3514769+++UE4+Release-4.16
LogInit: Compatible Engine Version: 4.16.0-3452394+++UE4+Release-4.16
LogInit: Net CL: 3452394
LogDevObjectVersion: Number of dev versions registered: 16
LogDevObjectVersion:   Dev-Blueprints (B0D832E4-1F89-4F0D-ACCF-7EB736FD4AA2): 9
LogDevObjectVersion:   Dev-Build (E1C64328-A22C-4D53-A36C-8E866417BD8C): 0
LogDevObjectVersion:   Dev-Core (375EC13C-06E4-48FB-B500-84F0262A717E): 2
LogDevObjectVersion:   Dev-Editor (E4B068ED-F494-42E9-A231-DA0B2E46BB41): 17
LogDevObjectVersion:   Dev-Framework (CFFC743F-43B0-4480-9391-14DF171D2073): 23
LogDevObjectVersion:   Dev-Mobile (B02B49B5-BB20-44E9-A304-32B752E40360): 0
LogDevObjectVersion:   Dev-Networking (A4E4105C-59A1-49B5-A7C5-40C4547EDFEE): 0
LogDevObjectVersion:   Dev-Online (39C831C9-5AE6-47DC-9A44-9C173E1C8E7C): 0
LogDevObjectVersion:   Dev-Physics (78F01B33-EBEA-4F98-B9B4-84EACCB95AA2): 0
LogDevObjectVersion:   Dev-Platform (6631380F-2D4D-43E0-8009-CF276956A95A): 0
LogDevObjectVersion:   Dev-Rendering (12F88B9F-8875-4AFC-A67C-D90C383ABD29): 15
LogDevObjectVersion:   Dev-Sequencer (7B5AE74C-D270-4C10-A958-57980B212A5A): 4
LogDevObjectVersion:   Dev-VR (D7296918-1DD6-4BDD-9DE2-64A83CC13884): 0
LogDevObjectVersion:   Dev-LoadTimes (C2A15278-BFE7-4AFE-6C17-90FF531DF755): 1
LogDevObjectVersion:   Private-Geometry (6EACA3D4-40EC-4CC1-B786-8BED09428FC5): 1
LogDevObjectVersion:   Dev-AnimPhys (29E575DD-E0A3-4627-9D10-D276232CDCEA): 3
LogInit: Compiled (64-bit): Jun 29 2017 02:03:24
LogInit: Compiled with Visual C++: 19.00.24215.01
LogInit: Build Configuration: Development
LogInit: Branch Name: ++UE4+Release-4.16
LogInit: Command line: 
LogInit: Base directory: F:/Program Files/Epic Games/UE_4.16/Engine/Binaries/Win64/
LogInit: Installed Engine Build: 1
LogInit: Presizing for max 8388607 objects, including 0 objects not considered by GC, pre-allocating 0 bytes for permanent pool.
LogInit: Object subsystem initialized
[2017.07.10-20.01.25:898][  0]LogInit: Selected Device Profile: [Windows]
[2017.07.10-20.01.25:898][  0]LogInit: Applying CVar settings loaded from the selected device profile: [Windows]
[2017.07.10-20.01.25:930][  0]LogInit: Computer: NIAL
[2017.07.10-20.01.25:930][  0]LogInit: User: Nial
[2017.07.10-20.01.25:930][  0]LogInit: CPU Page size=4096, Cores=6
[2017.07.10-20.01.25:930][  0]LogInit: High frequency timer resolution =3.221726 MHz
[2017.07.10-20.01.25:930][  0]LogMemory: Memory total: Physical=19.9GB (20GB approx)
[2017.07.10-20.01.25:930][  0]LogMemory: Platform Memory Stats for Windows
[2017.07.10-20.01.25:930][  0]LogMemory: Process Physical Memory: 274.05 MB used, 274.05 MB peak
[2017.07.10-20.01.25:930][  0]LogMemory: Process Virtual Memory: 267.30 MB used, 267.30 MB peak
[2017.07.10-20.01.25:930][  0]LogMemory: Physical Memory: 8071.88 MB used,  12333.67 MB free, 20405.55 MB total
[2017.07.10-20.01.25:930][  0]LogMemory: Virtual Memory: 647.91 MB used,  12333.67 MB free, 134217728.00 MB total
[2017.07.10-20.01.26:076][  0]LogInit: Using OS detected language (en-GB).
[2017.07.10-20.01.26:076][  0]LogInit: Using OS detected locale (en-GB).
[2017.07.10-20.01.26:078][  0]LogTextLocalizationManager: No specific localization for 'en-GB' exists, so the 'en' localization will be used.
[2017.07.10-20.01.27:697][  0]LogD3D11RHI: D3D11 adapters:
[2017.07.10-20.01.28:274][  0]LogD3D11RHI:    0. 'NVIDIA GeForce GTX 1080' (Feature Level 11_0)
[2017.07.10-20.01.28:274][  0]LogD3D11RHI:       8110/0/10202 MB DedicatedVideo/DedicatedSystem/SharedSystem, Outputs:3, VendorId:0x10de
[2017.07.10-20.01.28:276][  0]LogD3D11RHI:    1. 'Microsoft Basic Render Driver' (Feature Level 11_0)
[2017.07.10-20.01.28:276][  0]LogD3D11RHI:       0/0/10202 MB DedicatedVideo/DedicatedSystem/SharedSystem, Outputs:0, VendorId:0x1414
[2017.07.10-20.01.28:276][  0]LogD3D11RHI: Chosen D3D11 Adapter: 0
[2017.07.10-20.01.28:282][  0]LogD3D11RHI: Creating new Direct3DDevice
[2017.07.10-20.01.28:282][  0]LogD3D11RHI:     GPU DeviceId: 0x1b80 (for the marketing name, search the web for "GPU Device Id")
[2017.07.10-20.01.28:282][  0]LogWindows: EnumDisplayDevices:
[2017.07.10-20.01.28:282][  0]LogWindows:    0. 'NVIDIA GeForce GTX 1080' (P:1 D:1)
[2017.07.10-20.01.28:282][  0]LogWindows:    1. 'NVIDIA GeForce GTX 1080' (P:0 D:1)
[2017.07.10-20.01.28:282][  0]LogWindows:    2. 'NVIDIA GeForce GTX 1080' (P:0 D:1)
[2017.07.10-20.01.28:283][  0]LogWindows:    3. 'NVIDIA GeForce GTX 1080' (P:0 D:0)
[2017.07.10-20.01.28:283][  0]LogWindows: DebugString: FoundDriverCount:4 
[2017.07.10-20.01.28:283][  0]LogD3D11RHI:     Adapter Name: NVIDIA GeForce GTX 1080
[2017.07.10-20.01.28:283][  0]LogD3D11RHI:   Driver Version: 382.05 (internal:22.21.13.8205, unified:382.05)
[2017.07.10-20.01.28:283][  0]LogD3D11RHI:      Driver Date: 5-1-2017
[2017.07.10-20.01.28:283][  0]LogRHI: Texture pool is 1361 MB (70% of 1945 MB)
[2017.07.10-20.01.28:848][  0]LogD3D11RHI: Async texture creation enabled
[2017.07.10-20.01.29:240][  0]LogD3D11RHI: GPU Timing Frequency: 1000.000000 (Debug: 2 1)
[2017.07.10-20.01.29:380][  0]LogShaderCompilers: Guid format shader working directory is -8 characters bigger than the processId version (../../../../../../Udemy/Unreal/LearnUnreal/BuildingEscape/Intermediate/Shaders/WorkingDirectory/5300/).
[2017.07.10-20.01.29:380][  0]LogShaderCompilers: Cleaned the shader compiler working directory 'C:/Users/Johannes/AppData/Local/Temp/UnrealShaderWorkingDir/012611254EED61542E0787B1BBCEAC9D/'.
[2017.07.10-20.01.29:380][  0]LogShaderCompilers:Display: Using Local Shader Compiler.
[2017.07.10-20.01.30:792][  0]LogTemp:Display: Loaded TP AllDesktopTargetPlatform
[2017.07.10-20.01.30:825][  0]LogTemp:Display: Loaded TP MacClientTargetPlatform
[2017.07.10-20.01.30:857][  0]LogTemp:Display: Loaded TP MacNoEditorTargetPlatform
[2017.07.10-20.01.30:891][  0]LogTemp:Display: Loaded TP MacServerTargetPlatform
[2017.07.10-20.01.30:944][  0]LogTemp:Display: Loaded TP MacTargetPlatform
[2017.07.10-20.01.30:977][  0]LogTemp:Display: Loaded TP WindowsClientTargetPlatform
[2017.07.10-20.01.31:009][  0]LogTemp:Display: Loaded TP WindowsNoEditorTargetPlatform
[2017.07.10-20.01.31:042][  0]LogTemp:Display: Loaded TP WindowsServerTargetPlatform
[2017.07.10-20.01.31:069][  0]LogTemp:Display: Loaded TP WindowsTargetPlatform
[2017.07.10-20.01.31:112][  0]LogTemp:Display: Loaded TP AndroidTargetPlatform
[2017.07.10-20.01.31:145][  0]LogTemp:Display: Loaded TP Android_ASTCTargetPlatform
[2017.07.10-20.01.31:177][  0]LogTemp:Display: Loaded TP Android_ATCTargetPlatform
[2017.07.10-20.01.31:210][  0]LogTemp:Display: Loaded TP Android_DXTTargetPlatform
[2017.07.10-20.01.31:242][  0]LogTemp:Display: Loaded TP Android_ETC1TargetPlatform
[2017.07.10-20.01.31:275][  0]LogTemp:Display: Loaded TP Android_ETC2TargetPlatform
[2017.07.10-20.01.31:339][  0]LogTemp:Display: Loaded TP Android_MultiTargetPlatform
[2017.07.10-20.01.31:339][  0]LogTemp:Display: Loaded TP Android_PVRTCTargetPlatform
[2017.07.10-20.01.31:363][  0]LogTemp:Display: Loaded TP HTML5TargetPlatform
[2017.07.10-20.01.31:441][  0]LogTemp:Display: Loaded TP IOSTargetPlatform
[2017.07.10-20.01.31:460][  0]LogTemp:Display: Loaded TP TVOSTargetPlatform
[2017.07.10-20.01.31:492][  0]LogTemp:Display: Loaded TP LinuxClientTargetPlatform
[2017.07.10-20.01.31:525][  0]LogTemp:Display: Loaded TP LinuxNoEditorTargetPlatform
[2017.07.10-20.01.31:557][  0]LogTemp:Display: Loaded TP LinuxServerTargetPlatform
[2017.07.10-20.01.31:603][  0]LogTemp:Display: Loaded TP LinuxTargetPlatform
[2017.07.10-20.01.31:603][  0]LogTargetPlatformManager:Display: Building Assets For Windows
[2017.07.10-20.01.31:893][  0]LogDerivedDataCache:Display: Max Cache Size: 512 MB
[2017.07.10-20.01.32:637][  0]LogDerivedDataCache: Loaded boot cache 0.74s 90MB C:/Users/Johannes/AppData/Local/UnrealEngine/4.16/DerivedDataCache/Boot.ddc.
[2017.07.10-20.01.32:637][  0]LogDerivedDataCache:Display: Loaded Boot cache: C:/Users/Johannes/AppData/Local/UnrealEngine/4.16/DerivedDataCache/Boot.ddc
[2017.07.10-20.01.32:637][  0]LogDerivedDataCache: FDerivedDataBackendGraph:  Pak pak cache file ../../../../../../Udemy/Unreal/LearnUnreal/BuildingEscape/DerivedDataCache/DDC.ddp not found, will not use a pak cache.
[2017.07.10-20.01.32:637][  0]LogDerivedDataCache: Unable to find inner node Pak for hierarchical cache Hierarchy.
[2017.07.10-20.01.32:637][  0]LogDerivedDataCache: FDerivedDataBackendGraph:  CompressedPak pak cache file ../../../../../../Udemy/Unreal/LearnUnreal/BuildingEscape/DerivedDataCache/Compressed.ddp not found, will not use a pak cache.
[2017.07.10-20.01.32:637][  0]LogDerivedDataCache: Unable to find inner node CompressedPak for hierarchical cache Hierarchy.
[2017.07.10-20.01.32:671][  0]LogDerivedDataCache:Display: Pak cache opened for reading ../../../Engine/DerivedDataCache/Compressed.ddp.
[2017.07.10-20.01.32:684][  0]LogDerivedDataCache: Using Local data cache path C:/Users/Johannes/AppData/Local/UnrealEngine/Common/DerivedDataCache: Writable
[2017.07.10-20.01.32:692][  0]LogMaterial: Verifying Global Shaders for PCD3D_SM5
[2017.07.10-20.01.32:692][  0]LogSlate: Using Freetype 2.6.0
[2017.07.10-20.01.32:693][  0]LogSlate: SlateFontCache - WITH_FREETYPE: 1, WITH_HARFBUZZ: 1
[2017.07.10-20.01.32:693][  0]LogSlate: SlateFontCache - WITH_FREETYPE: 1, WITH_HARFBUZZ: 1
[2017.07.10-20.01.34:588][  0]LogInit: Selected Device Profile: [Windows]
[2017.07.10-20.01.34:733][  0]LogContentStreaming: Texture pool size is 0.00 MB
[2017.07.10-20.01.34:864][  0]LogMeshUtilities: Using QuadricMeshReduction for automatic static mesh reduction
[2017.07.10-20.01.34:891][  0]LogSimplygon: Simplygon DLL not present - disabling.
[2017.07.10-20.01.34:921][  0]LogMeshUtilities: Using SimplygonSwarm for distributed automatic mesh merging
[2017.07.10-20.01.34:921][  0]LogMeshUtilities: No automatic skeletal mesh reduction module available
[2017.07.10-20.01.34:921][  0]LogMeshUtilities: No automatic mesh merging module available
[2017.07.10-20.01.35:803][  0]LogNetVersion: BuildingEscape , NetCL: 3452394, EngineNetVer: 2, GameNetVer: 0 (Checksum: 784502225)
[2017.07.10-20.01.35:903][  0]LogAssetRegistry: FAssetRegistry took 0.0251 seconds to start up
[2017.07.10-20.01.35:938][  0]LogPackageLocalizationCache: Processed 4 localized package path(s) for 2 prioritized culture(s) in 0.021988 seconds
[2017.07.10-20.01.35:942][  0]LogUObjectArray: 34194 objects as part of root set at end of initial load.
[2017.07.10-20.01.35:942][  0]LogUObjectAllocator: 7260424 out of 0 bytes used by permanent object pool.
[2017.07.10-20.01.35:942][  0]LogUObjectArray: CloseDisregardForGC: 0/0 objects in disregard for GC pool
[2017.07.10-20.01.35:977][  0]LogInit: WinSock: version 1.1 (2.2), MaxSocks=32767, MaxUdp=65467
[2017.07.10-20.01.41:661][  0]LogTcpMessaging: Initializing TcpMessaging bridge
[2017.07.10-20.01.41:691][  0]LogUdpMessaging: Initializing bridge on interface 0.0.0.0:0 to multicast group 230.0.0.1:6666.
[2017.07.10-20.01.42:232][  0]LogMaterial: Uniform references updated for custom material expression Custom.
[2017.07.10-20.01.42:531][  0]SourceControl: Info Source control is disabled
[2017.07.10-20.01.43:333][  0]SourceControl: Info Source control is disabled
[2017.07.10-20.01.43:365][  0]SourceControl: Info Source control is disabled
[2017.07.10-20.01.43:395][  0]SourceControl: Info Source control is disabled
[2017.07.10-20.01.43:909][  0]LogAndroidPermission: UAndroidPermissionCallbackProxy::GetInstance
[2017.07.10-20.01.44:331][  0]LogEngine: Initializing Engine...
[2017.07.10-20.01.44:425][  0]LogHMD: Failed to initialize OpenVR with code 108
[2017.07.10-20.01.44:669][  0]LogStats: UGameplayTagsManager::ConstructGameplayTagTree: Construct from data asset -  0.000 s
[2017.07.10-20.01.44:669][  0]LogStats: UGameplayTagsManager::ConstructGameplayTagTree: GameplayTagTreeChangedEvent.Broadcast -  0.000 s
[2017.07.10-20.01.44:752][  0]LogAIModule: Creating AISystem for world Untitled
[2017.07.10-20.01.44:776][  0]LogInit: XAudio2 using 'Speakers (Realtek High Definition Audio)' : 2 channels at 48 kHz using 32 bits per sample (channel mask 0x3)
[2017.07.10-20.01.44:815][  0]LogInit: FAudioDevice initialized.
[2017.07.10-20.01.44:855][  0]LogDerivedDataCache: Saved boot cache 0.04s 90MB C:/Users/Johannes/AppData/Local/UnrealEngine/4.16/DerivedDataCache/Boot.ddc.
[2017.07.10-20.01.44:864][  0]LogInit: Texture streaming: Enabled
[2017.07.10-20.01.44:923][  0]LogEngineSessionManager: EngineSessionManager initialized
[2017.07.10-20.01.44:923][  0]LogEngineSessionManager: EngineSessionManager sent abnormal shutdown report. Type=Crashed, SessionId={7E002962-4210-1BEC-37CF-BCB211A0A1B1}
[2017.07.10-20.01.45:083][  0]LogInit: Transaction tracking system initialized
[2017.07.10-20.01.45:272][  0]BlueprintLog: New page: Editor Load
[2017.07.10-20.01.45:835][  0]LocalizationService: Info Localization service is disabled
[2017.07.10-20.01.46:315][  0]LogConsoleResponse:Display: 
[2017.07.10-20.01.46:696][  0]LogCook:Display: Max memory allowance for cook 16384mb min free memory 0mb
[2017.07.10-20.01.46:696][  0]LogCook:Display: Mobile HDR setting 1
[2017.07.10-20.01.46:833][  0]LogFileCache: Scanning file cache for directory 'F:/Udemy/Unreal/LearnUnreal/BuildingEscape/Content/' took 0.01s
[2017.07.10-20.01.47:574][  0]SourceControl: Info Source control is disabled
[2017.07.10-20.01.47:706][  0]LogWindowsTextInputMethodSystem:Display: IME system now deactivated.
[2017.07.10-20.01.47:707][  0]LogSlate: Took 0.000196 seconds to synchronously load lazily loaded font '../../../Engine/Content/Slate/Fonts/Roboto-Regular.ttf' (155K)
[2017.07.10-20.03.11:302][  0]LogWindowsTextInputMethodSystem:Display: IME system now deactivated.
[2017.07.10-20.03.11:303][  0]LogWindowsTextInputMethodSystem:Display: IME system now deactivated.
[2017.07.10-20.03.13:174][  0]LogWindowsTextInputMethodSystem:Display: IME system now deactivated.
[2017.07.10-20.03.13:176][  0]LogWindowsTextInputMethodSystem:Display: IME system now deactivated.
[2017.07.10-20.03.13:341][  0]Cmd: MAP LOAD FILE="../../../../../../Udemy/Unreal/LearnUnreal/BuildingEscape/Content/NewMap.umap" TEMPLATE=0 SHOWPROGRESS=1 FEATURELEVEL=3
[2017.07.10-20.03.13:341][  0]LightingResults: New page: Lighting Build
[2017.07.10-20.03.13:372][  0]MapCheck: New page: Map Check
[2017.07.10-20.03.13:372][  0]LightingResults: New page: Lighting Build
[2017.07.10-20.03.14:940][  0]LogAIModule: Creating AISystem for world NewMap
[2017.07.10-20.03.14:983][  0]LogEditorServer: Finished looking for orphan Actors (0.000 secs)
[2017.07.10-20.03.14:991][  0]Cmd: MAP CHECKDEP NOCLEARLOG
[2017.07.10-20.03.15:049][  0]MapCheck: Info Map check complete: 0 Error(s), 0 Warning(s), took 57.059ms to complete.
[2017.07.10-20.03.15:049][  0]LogFileHelpers: Loading map 'NewMap' took 1.708
[2017.07.10-20.03.15:262][  0]LogStats:Warning: MetaData mismatch. Did you assign a stat to two groups? New //STATGROUP_Threads//SplashScreenThread///Thread_9dc_0///####STATCAT_Advanced#### old //STATGROUP_Threads//SplashScreenThread///Thread_42cc_0///####STATCAT_Advanced####
[2017.07.10-20.03.15:262][  0]LogCollectionManager: Loaded 0 collections in 0.000666 seconds
[2017.07.10-20.03.15:366][  0]LogFileCache: Scanning file cache for directory 'F:/Udemy/Unreal/LearnUnreal/BuildingEscape/Saved/Collections/' took 0.01s
[2017.07.10-20.03.15:366][  0]LogFileCache: Scanning file cache for directory 'F:/Udemy/Unreal/LearnUnreal/BuildingEscape/Content/Developers/Nial/Collections/' took 0.01s
[2017.07.10-20.03.15:366][  0]LogFileCache: Scanning file cache for directory 'F:/Udemy/Unreal/LearnUnreal/BuildingEscape/Content/Collections/' took 0.01s
[2017.07.10-20.03.15:366][  0]LogCollectionManager: Rebuilt the GUID cache for 0 collections in 0.000002 seconds
[2017.07.10-20.03.15:374][  0]LogContentBrowser: Native class hierarchy populated in 0.0084 seconds. Added 2334 classes and 495 folders.
[2017.07.10-20.03.15:418][  0]LogContentBrowser: Native class hierarchy updated for 'WidgetCarousel' in 0.0011 seconds. Added 0 classes and 0 folders.
[2017.07.10-20.03.15:945][  0]LogContentBrowser: Native class hierarchy updated for 'AddContentDialog' in 0.0012 seconds. Added 0 classes and 0 folders.
[2017.07.10-20.03.15:981][  0]LogCrashTracker: Crashtracker disabled due to settings.
[2017.07.10-20.03.15:986][  0]LogSlate: Took 0.000223 seconds to synchronously load lazily loaded font '../../../Engine/Content/Slate/Fonts/Roboto-Bold.ttf' (160K)
[2017.07.10-20.03.15:999][  0]LogSlate: Took 0.011647 seconds to synchronously load lazily loaded font '../../../Engine/Content/Editor/Slate/Fonts/FontAwesome.ttf' (139K)
[2017.07.10-20.03.16:011][  0]LogSlate: Took 0.011675 seconds to synchronously load lazily loaded font '../../../Engine/Content/Editor/Slate/Fonts/DroidSansMono.ttf' (77K)
[2017.07.10-20.03.16:147][  0]LogRenderer: Reallocating scene render targets to support 1052x744 NumSamples 1 (Frame:1).
[2017.07.10-20.03.16:244][  0]LogSlate: Took 0.009786 seconds to synchronously load lazily loaded font '../../../Engine/Content/Slate/Fonts/Roboto-Light.ttf' (159K)
[2017.07.10-20.03.16:282][  0]LogUObjectGlobals:Warning: Failed to find object 'Class None.'
[2017.07.10-20.03.16:335][  0]LogContentBrowser: Native class hierarchy updated for 'HierarchicalLODOutliner' in 0.0012 seconds. Added 1 classes and 2 folders.
[2017.07.10-20.03.16:336][  0]LogLoad: (Engine Initialization) Total time: 111.98 seconds
[2017.07.10-20.03.16:336][  0]LogLoad: (Engine Initialization) Total Blueprint compile time: 0.09 seconds
[2017.07.10-20.03.16:336][  0]LogExternalProfiler: Found external profiler: VSPerf
[2017.07.10-20.03.16:336][  0]LogExternalProfiler: Using external profiler: VSPerf
[2017.07.10-20.03.16:675][  0]LogOcInput: OculusInput pre-init called
[2017.07.10-20.03.16:675][  0]LogHMD: Starting GearVRController plugin
[2017.07.10-20.03.16:690][  0]LogAssetRegistry: Asset discovery search completed in 100.8087 seconds
[2017.07.10-20.03.16:692][  0]LogCollectionManager: Rebuilt the object cache for 0 collections in 0.000001 seconds (found 0 objects)
[2017.07.10-20.03.16:692][  0]LogCollectionManager: Fixed up redirectors for 0 collections in 0.000114 seconds (updated 0 objects)
[2017.07.10-20.03.16:693][  0]LogContentStreaming: Texture pool size now 1000 MB
[2017.07.10-20.04.08:047][352]LogEditorViewport: Clicking on Actor (LMB): Openable_Door_BP_C (Openable_Door_BP)
[2017.07.10-20.04.25:812][339]Candidate modules for hot reload:
[2017.07.10-20.04.25:812][339]  BuildingEscape
[2017.07.10-20.04.25:812][339]Launching UnrealBuildTool... [F:/Program Files/Epic Games/UE_4.16/Engine/Binaries/DotNET/UnrealBuildTool.exe BuildingEscape -ModuleWithSuffix BuildingEscape 6679 Win64 Development -editorrecompile -canskiplink "F:/Udemy/Unreal/LearnUnreal/BuildingEscape/BuildingEscape.uproject" ]
[2017.07.10-20.04.26:004][339]Warning: Starting HotReload took  0.2s.
[2017.07.10-20.04.42:833][344]CompilerResultsLog: New page: Compilation - 10 Jul 2017 22:04:42
[2017.07.10-20.04.42:833][344]CompilerResultsLog: Info Compiling game modules for hot reload
[2017.07.10-20.04.42:834][344]CompilerResultsLog: Info Parsing headers for BuildingEscapeEditor
[2017.07.10-20.04.42:834][344]CompilerResultsLog: Info   Running UnrealHeaderTool "F:\Udemy\Unreal\LearnUnreal\BuildingEscape\BuildingEscape.uproject" "F:\Udemy\Unreal\LearnUnreal\BuildingEscape\Intermediate\Build\Win64\BuildingEscapeEditor\Development\BuildingEscapeEditor.uhtmanifest" -LogCmds="loginit warning, logexit warning, logdatabase error" -Unattended -WarningsAsErrors -installed
[2017.07.10-20.04.42:834][344]CompilerResultsLog: Info Reflection code generated for BuildingEscapeEditor in 2.9901571 seconds
[2017.07.10-20.04.42:834][344]CompilerResultsLog: Info Performing 3 actions (9 in parallel)
[2017.07.10-20.04.42:834][344]CompilerResultsLog: Info OpenDoor.cpp
[2017.07.10-20.04.42:834][344]CompilerResultsLog: Info [2/3] Link UE4Editor-BuildingEscape-6679.dll
[2017.07.10-20.04.42:834][344]CompilerResultsLog: Info [3/3] Link UE4Editor-BuildingEscape-6679.lib
[2017.07.10-20.04.42:834][344]CompilerResultsLog: Info    Creating library F:\Udemy\Unreal\LearnUnreal\BuildingEscape\Intermediate\Build\Win64\UE4Editor\Development\UE4Editor-BuildingEscape-6679.lib and object F:\Udemy\Unreal\LearnUnreal\BuildingEscape\Intermediate\Build\Win64\UE4Editor\Development\UE4Editor-BuildingEscape-6679.exp
[2017.07.10-20.04.42:834][344]CompilerResultsLog: Info    Creating library F:\Udemy\Unreal\LearnUnreal\BuildingEscape\Intermediate\Build\Win64\UE4Editor\Development\UE4Editor-BuildingEscape-6679.suppressed.lib and object F:\Udemy\Unreal\LearnUnreal\BuildingEscape\Intermediate\Build\Win64\UE4Editor\Development\UE4Editor-BuildingEscape-6679.suppressed.exp
[2017.07.10-20.04.42:835][344]CompilerResultsLog: Info Total build time: 16.59 seconds (Local executor: 11.67 seconds)
[2017.07.10-20.04.42:835][344]LogMainFrame: MainFrame: Module compiling took 17.041 seconds
[2017.07.10-20.04.42:906][344]LogContentBrowser: Native class hierarchy updated for 'BuildingEscape' in 0.0012 seconds. Added 4 classes and 2 folders.
[2017.07.10-20.04.42:907][344]Display: HotReload successful (0 functions remapped  0 scriptstructs remapped)
[2017.07.10-20.04.42:986][344]LogContentBrowser: Native class hierarchy populated in 0.0084 seconds. Added 2335 classes and 497 folders.
[2017.07.10-20.04.42:986][344]Display: HotReload took 17.2s.
[2017.07.10-20.05.27:988][454]LogTemp: Repeting last play command: Selected Viewport
[2017.07.10-20.05.28:043][454]LogPlayLevel: PlayLevel: No blueprints needed recompiling
[2017.07.10-20.05.28:043][454]PIE: New page: PIE session: NewMap (10 Jul 2017 22:05:28)
[2017.07.10-20.05.28:043][454]LogPlayLevel: Creating play world package: /Game/UEDPIE_0_NewMap
[2017.07.10-20.05.28:046][454]LogPlayLevel: PIE: StaticDuplicateObject took: (0.002866s)
[2017.07.10-20.05.28:047][454]LogAIModule: Creating AISystem for world NewMap
[2017.07.10-20.05.28:047][454]LogPlayLevel: PIE: World Init took: (0.000769s)
[2017.07.10-20.05.28:048][454]LogPlayLevel: PIE: Created PIE world by copying editor world from /Game/NewMap.NewMap to /Game/UEDPIE_0_NewMap.NewMap (0.004030s)
[2017.07.10-20.05.28:066][454]LogInit: XAudio2 using 'Speakers (Realtek High Definition Audio)' : 2 channels at 48 kHz using 32 bits per sample (channel mask 0x3)
[2017.07.10-20.05.28:077][454]LogInit: FAudioDevice initialized.
[2017.07.10-20.05.28:130][454]LogLoad: Game class is 'MyBuildingEscapeGameModeBP_C'
[2017.07.10-20.05.28:132][454]LogWorld: Bringing World /Game/UEDPIE_0_NewMap.NewMap up for play (max tick rate 0) at 2017.07.10-21.05.28
[2017.07.10-20.05.28:133][454]LogWorld: Bringing up level for play took: 0.001418
[2017.07.10-20.05.28:166][454]LogContentBrowser: Native class hierarchy updated for 'MovieSceneCapture' in 0.0012 seconds. Added 11 classes and 0 folders.
[2017.07.10-20.05.28:167][454]PIE: Info Play in editor start time for /Game/UEDPIE_0_NewMap 0.047
[2017.07.10-20.05.29:128][454]LogCrashTracker: 


[2017.07.10-20.05.29:128][454]LogCrashTracker: 


[2017.07.10-20.05.29:128][454]LogWindows:Error: === Critical error: ===
[2017.07.10-20.05.29:129][454]LogWindows:Error: 
[2017.07.10-20.05.29:129][454]LogWindows:Error: Fatal error!
[2017.07.10-20.05.29:129][454]LogWindows:Error: 
[2017.07.10-20.05.29:129][454]LogWindows:Error: Unhandled Exception: EXCEPTION_ACCESS_VIOLATION reading address 0x00000340
[2017.07.10-20.05.29:129][454]LogWindows:Error: 
[2017.07.10-20.05.29:129][454]LogWindows:Error: UE4Editor-Engine.dll!0x00000000B4640697
[2017.07.10-20.05.29:129][454]LogWindows:Error: UE4Editor-Engine.dll!0x00000000B46400BC
[2017.07.10-20.05.29:129][454]LogWindows:Error: UE4Editor-BuildingEscape-6679.dll!UOpenDoor::GetTotalMassOfActorsOnPlate() [f:\udemy\unreal\learnunreal\buildingescape\source\buildingescape\opendoor.cpp:57]
[2017.07.10-20.05.29:129][454]LogWindows:Error: UE4Editor-BuildingEscape-6679.dll!UOpenDoor::TickComponent() [f:\udemy\unreal\learnunreal\buildingescape\source\buildingescape\opendoor.cpp:33]
[2017.07.10-20.05.29:129][454]LogWindows:Error: UE4Editor-Engine.dll!0x00000000B4A04854
[2017.07.10-20.05.29:129][454]LogWindows:Error: UE4Editor-Engine.dll!0x00000000B4A38665
[2017.07.10-20.05.29:129][454]LogWindows:Error: UE4Editor-Engine.dll!0x00000000B56036EB
[2017.07.10-20.05.29:129][454]LogWindows:Error: UE4Editor-Engine.dll!0x00000000B560A0CB
[2017.07.10-20.05.29:129][454]LogWindows:Error: UE4Editor-Core.dll!0x00000000D0B34D8C
[2017.07.10-20.05.29:129][454]LogWindows:Error: UE4Editor-Core.dll!0x00000000D0B34F55
[2017.07.10-20.05.29:129][454]LogWindows:Error: UE4Editor-Engine.dll!0x00000000B5626353
[2017.07.10-20.05.29:130][454]LogWindows:Error: UE4Editor-Engine.dll!0x00000000B562BB12
[2017.07.10-20.05.29:130][454]LogWindows:Error: UE4Editor-Engine.dll!0x00000000B4F4E464
[2017.07.10-20.05.29:130][454]LogWindows:Error: UE4Editor-Engine.dll!0x00000000B4F56A58
[2017.07.10-20.05.29:130][454]LogWindows:Error: UE4Editor-UnrealEd.dll!0x00000000B3163973
[2017.07.10-20.05.29:130][454]LogWindows:Error: UE4Editor-UnrealEd.dll!0x00000000B3988D76
[2017.07.10-20.05.29:130][454]LogWindows:Error: UE4Editor.exe!0x00000000F7CDE2B2
[2017.07.10-20.05.29:130][454]LogWindows:Error: UE4Editor.exe!0x00000000F7CCF0B0
[2017.07.10-20.05.29:130][454]LogWindows:Error: UE4Editor.exe!0x00000000F7CCF12A
[2017.07.10-20.05.29:130][454]LogWindows:Error: UE4Editor.exe!0x00000000F7CE0CF9
[2017.07.10-20.05.29:130][454]LogWindows:Error: UE4Editor.exe!0x00000000F7CE25F7
[2017.07.10-20.05.29:130][454]LogWindows:Error: KERNEL32.DLL!0x00000000FB862774
[2017.07.10-20.05.29:130][454]LogWindows:Error: ntdll.dll!0x00000000FD660D61
[2017.07.10-20.05.29:130][454]LogWindows:Error: ntdll.dll!0x00000000FD660D61
[2017.07.10-20.05.29:130][454]LogWindows:Error: 
[2017.07.10-20.05.29:137][454]LogExit: Executing StaticShutdownAfterError
[2017.07.10-20.05.29:140][454]LogWindows: FPlatformMisc::RequestExit(1)
[2017.07.10-20.05.29:140][454]Log file closed, 07/10/17 21:05:29
