Log file open, 07/08/17 14:25:30
LogInit:Display: Running engine for game: BuildingEscape
LogPlatformFile: Not using cached read wrapper
LogInit:Display: RandInit(-1400984182) SRandInit(-1400984182).
LogTaskGraph: Started task graph with 5 named threads and 10 total threads with 1 sets of task threads.
LogStats: Stats thread started at 0.106410
LogInit: Using libcurl 7.47.1
LogInit:  - built for x86_64-pc-win32
LogInit:  - supports SSL with OpenSSL/1.0.2g
LogInit:  - supports HTTP deflate (compression) using libz 1.2.8
LogInit:  - other features:
LogInit:      CURL_VERSION_SSL
LogInit:      CURL_VERSION_LIBZ
LogInit:      CURL_VERSION_IPV6
LogInit:      CURL_VERSION_ASYNCHDNS
LogInit:      CURL_VERSION_LARGEFILE
LogInit:      CURL_VERSION_IDN
LogInit:  CurlRequestOptions (configurable via config and command line):
LogInit:  - bVerifyPeer = false  - Libcurl will NOT verify peer certificate
LogInit:  - bUseHttpProxy = false  - Libcurl will NOT use HTTP proxy
LogInit:  - bDontReuseConnections = false  - Libcurl will reuse connections
LogInit:  - CertBundlePath = nullptr  - Libcurl will use whatever was configured at build time.
LogInit: Build: ++UE4+Release-4.16-CL-3514769
LogInit: Engine Version: 4.16.2-3514769+++UE4+Release-4.16
LogInit: Compatible Engine Version: 4.16.0-3452394+++UE4+Release-4.16
LogInit: Net CL: 3452394
LogDevObjectVersion: Number of dev versions registered: 16
LogDevObjectVersion:   Dev-Blueprints (B0D832E4-1F89-4F0D-ACCF-7EB736FD4AA2): 9
LogDevObjectVersion:   Dev-Build (E1C64328-A22C-4D53-A36C-8E866417BD8C): 0
LogDevObjectVersion:   Dev-Core (375EC13C-06E4-48FB-B500-84F0262A717E): 2
LogDevObjectVersion:   Dev-Editor (E4B068ED-F494-42E9-A231-DA0B2E46BB41): 17
LogDevObjectVersion:   Dev-Framework (CFFC743F-43B0-4480-9391-14DF171D2073): 23
LogDevObjectVersion:   Dev-Mobile (B02B49B5-BB20-44E9-A304-32B752E40360): 0
LogDevObjectVersion:   Dev-Networking (A4E4105C-59A1-49B5-A7C5-40C4547EDFEE): 0
LogDevObjectVersion:   Dev-Online (39C831C9-5AE6-47DC-9A44-9C173E1C8E7C): 0
LogDevObjectVersion:   Dev-Physics (78F01B33-EBEA-4F98-B9B4-84EACCB95AA2): 0
LogDevObjectVersion:   Dev-Platform (6631380F-2D4D-43E0-8009-CF276956A95A): 0
LogDevObjectVersion:   Dev-Rendering (12F88B9F-8875-4AFC-A67C-D90C383ABD29): 15
LogDevObjectVersion:   Dev-Sequencer (7B5AE74C-D270-4C10-A958-57980B212A5A): 4
LogDevObjectVersion:   Dev-VR (D7296918-1DD6-4BDD-9DE2-64A83CC13884): 0
LogDevObjectVersion:   Dev-LoadTimes (C2A15278-BFE7-4AFE-6C17-90FF531DF755): 1
LogDevObjectVersion:   Private-Geometry (6EACA3D4-40EC-4CC1-B786-8BED09428FC5): 1
LogDevObjectVersion:   Dev-AnimPhys (29E575DD-E0A3-4627-9D10-D276232CDCEA): 3
LogInit: Compiled (64-bit): Jun 29 2017 02:03:24
LogInit: Compiled with Visual C++: 19.00.24215.01
LogInit: Build Configuration: Development
LogInit: Branch Name: ++UE4+Release-4.16
LogInit: Command line: 
LogInit: Base directory: F:/Program Files/Epic Games/UE_4.16/Engine/Binaries/Win64/
LogInit: Installed Engine Build: 1
LogInit: Presizing for max 8388607 objects, including 0 objects not considered by GC, pre-allocating 0 bytes for permanent pool.
LogInit: Object subsystem initialized
[2017.07.08-13.25.30:837][  0]LogInit: Selected Device Profile: [Windows]
[2017.07.08-13.25.30:837][  0]LogInit: Applying CVar settings loaded from the selected device profile: [Windows]
[2017.07.08-13.25.30:843][  0]LogInit: Computer: NIAL
[2017.07.08-13.25.30:843][  0]LogInit: User: Nial
[2017.07.08-13.25.30:843][  0]LogInit: CPU Page size=4096, Cores=6
[2017.07.08-13.25.30:843][  0]LogInit: High frequency timer resolution =3.221724 MHz
[2017.07.08-13.25.30:843][  0]LogMemory: Memory total: Physical=19.9GB (20GB approx)
[2017.07.08-13.25.30:843][  0]LogMemory: Platform Memory Stats for Windows
[2017.07.08-13.25.30:843][  0]LogMemory: Process Physical Memory: 272.99 MB used, 272.99 MB peak
[2017.07.08-13.25.30:843][  0]LogMemory: Process Virtual Memory: 267.21 MB used, 267.21 MB peak
[2017.07.08-13.25.30:843][  0]LogMemory: Physical Memory: 6981.56 MB used,  13423.99 MB free, 20405.55 MB total
[2017.07.08-13.25.30:843][  0]LogMemory: Virtual Memory: 647.91 MB used,  13423.99 MB free, 134217728.00 MB total
[2017.07.08-13.25.30:886][  0]LogInit: Using OS detected language (en-GB).
[2017.07.08-13.25.30:886][  0]LogInit: Using OS detected locale (en-GB).
[2017.07.08-13.25.30:888][  0]LogTextLocalizationManager: No specific localization for 'en-GB' exists, so the 'en' localization will be used.
[2017.07.08-13.25.31:644][  0]LogD3D11RHI: D3D11 adapters:
[2017.07.08-13.25.32:236][  0]LogD3D11RHI:    0. 'NVIDIA GeForce GTX 1080' (Feature Level 11_0)
[2017.07.08-13.25.32:236][  0]LogD3D11RHI:       8110/0/10202 MB DedicatedVideo/DedicatedSystem/SharedSystem, Outputs:3, VendorId:0x10de
[2017.07.08-13.25.32:238][  0]LogD3D11RHI:    1. 'Microsoft Basic Render Driver' (Feature Level 11_0)
[2017.07.08-13.25.32:238][  0]LogD3D11RHI:       0/0/10202 MB DedicatedVideo/DedicatedSystem/SharedSystem, Outputs:0, VendorId:0x1414
[2017.07.08-13.25.32:238][  0]LogD3D11RHI: Chosen D3D11 Adapter: 0
[2017.07.08-13.25.32:243][  0]LogD3D11RHI: Creating new Direct3DDevice
[2017.07.08-13.25.32:243][  0]LogD3D11RHI:     GPU DeviceId: 0x1b80 (for the marketing name, search the web for "GPU Device Id")
[2017.07.08-13.25.32:243][  0]LogWindows: EnumDisplayDevices:
[2017.07.08-13.25.32:243][  0]LogWindows:    0. 'NVIDIA GeForce GTX 1080' (P:1 D:1)
[2017.07.08-13.25.32:243][  0]LogWindows:    1. 'NVIDIA GeForce GTX 1080' (P:0 D:1)
[2017.07.08-13.25.32:244][  0]LogWindows:    2. 'NVIDIA GeForce GTX 1080' (P:0 D:1)
[2017.07.08-13.25.32:244][  0]LogWindows:    3. 'NVIDIA GeForce GTX 1080' (P:0 D:0)
[2017.07.08-13.25.32:244][  0]LogWindows: DebugString: FoundDriverCount:4 
[2017.07.08-13.25.32:244][  0]LogD3D11RHI:     Adapter Name: NVIDIA GeForce GTX 1080
[2017.07.08-13.25.32:244][  0]LogD3D11RHI:   Driver Version: 382.05 (internal:22.21.13.8205, unified:382.05)
[2017.07.08-13.25.32:244][  0]LogD3D11RHI:      Driver Date: 5-1-2017
[2017.07.08-13.25.32:244][  0]LogRHI: Texture pool is 1361 MB (70% of 1945 MB)
[2017.07.08-13.25.32:804][  0]LogD3D11RHI: Async texture creation enabled
[2017.07.08-13.25.32:902][  0]LogD3D11RHI: GPU Timing Frequency: 1000.000000 (Debug: 2 1)
[2017.07.08-13.25.33:041][  0]LogShaderCompilers: Guid format shader working directory is -9 characters bigger than the processId version (../../../../../../Udemy/Unreal/LearnUnreal/BuildingEscape/Intermediate/Shaders/WorkingDirectory/15796/).
[2017.07.08-13.25.33:042][  0]LogShaderCompilers: Cleaned the shader compiler working directory 'C:/Users/Johannes/AppData/Local/Temp/UnrealShaderWorkingDir/A949B98441D3FE898F7A70AEF257AFD5/'.
[2017.07.08-13.25.33:042][  0]LogShaderCompilers:Display: Using Local Shader Compiler.
[2017.07.08-13.25.33:940][  0]LogTemp:Display: Loaded TP AllDesktopTargetPlatform
[2017.07.08-13.25.33:973][  0]LogTemp:Display: Loaded TP MacClientTargetPlatform
[2017.07.08-13.25.34:006][  0]LogTemp:Display: Loaded TP MacNoEditorTargetPlatform
[2017.07.08-13.25.34:038][  0]LogTemp:Display: Loaded TP MacServerTargetPlatform
[2017.07.08-13.25.34:071][  0]LogTemp:Display: Loaded TP MacTargetPlatform
[2017.07.08-13.25.34:103][  0]LogTemp:Display: Loaded TP WindowsClientTargetPlatform
[2017.07.08-13.25.34:136][  0]LogTemp:Display: Loaded TP WindowsNoEditorTargetPlatform
[2017.07.08-13.25.34:169][  0]LogTemp:Display: Loaded TP WindowsServerTargetPlatform
[2017.07.08-13.25.34:196][  0]LogTemp:Display: Loaded TP WindowsTargetPlatform
[2017.07.08-13.25.34:228][  0]LogTemp:Display: Loaded TP AndroidTargetPlatform
[2017.07.08-13.25.34:260][  0]LogTemp:Display: Loaded TP Android_ASTCTargetPlatform
[2017.07.08-13.25.34:292][  0]LogTemp:Display: Loaded TP Android_ATCTargetPlatform
[2017.07.08-13.25.34:323][  0]LogTemp:Display: Loaded TP Android_DXTTargetPlatform
[2017.07.08-13.25.34:355][  0]LogTemp:Display: Loaded TP Android_ETC1TargetPlatform
[2017.07.08-13.25.34:386][  0]LogTemp:Display: Loaded TP Android_ETC2TargetPlatform
[2017.07.08-13.25.34:452][  0]LogTemp:Display: Loaded TP Android_MultiTargetPlatform
[2017.07.08-13.25.34:452][  0]LogTemp:Display: Loaded TP Android_PVRTCTargetPlatform
[2017.07.08-13.25.34:476][  0]LogTemp:Display: Loaded TP HTML5TargetPlatform
[2017.07.08-13.25.34:541][  0]LogTemp:Display: Loaded TP IOSTargetPlatform
[2017.07.08-13.25.34:560][  0]LogTemp:Display: Loaded TP TVOSTargetPlatform
[2017.07.08-13.25.34:592][  0]LogTemp:Display: Loaded TP LinuxClientTargetPlatform
[2017.07.08-13.25.34:624][  0]LogTemp:Display: Loaded TP LinuxNoEditorTargetPlatform
[2017.07.08-13.25.34:656][  0]LogTemp:Display: Loaded TP LinuxServerTargetPlatform
[2017.07.08-13.25.34:688][  0]LogTemp:Display: Loaded TP LinuxTargetPlatform
[2017.07.08-13.25.34:688][  0]LogTargetPlatformManager:Display: Building Assets For Windows
[2017.07.08-13.25.34:977][  0]LogDerivedDataCache:Display: Max Cache Size: 512 MB
[2017.07.08-13.25.35:066][  0]LogDerivedDataCache: Loaded boot cache 0.09s 90MB C:/Users/Johannes/AppData/Local/UnrealEngine/4.16/DerivedDataCache/Boot.ddc.
[2017.07.08-13.25.35:066][  0]LogDerivedDataCache:Display: Loaded Boot cache: C:/Users/Johannes/AppData/Local/UnrealEngine/4.16/DerivedDataCache/Boot.ddc
[2017.07.08-13.25.35:066][  0]LogDerivedDataCache: FDerivedDataBackendGraph:  Pak pak cache file ../../../../../../Udemy/Unreal/LearnUnreal/BuildingEscape/DerivedDataCache/DDC.ddp not found, will not use a pak cache.
[2017.07.08-13.25.35:066][  0]LogDerivedDataCache: Unable to find inner node Pak for hierarchical cache Hierarchy.
[2017.07.08-13.25.35:066][  0]LogDerivedDataCache: FDerivedDataBackendGraph:  CompressedPak pak cache file ../../../../../../Udemy/Unreal/LearnUnreal/BuildingEscape/DerivedDataCache/Compressed.ddp not found, will not use a pak cache.
[2017.07.08-13.25.35:066][  0]LogDerivedDataCache: Unable to find inner node CompressedPak for hierarchical cache Hierarchy.
[2017.07.08-13.25.35:080][  0]LogDerivedDataCache:Display: Pak cache opened for reading ../../../Engine/DerivedDataCache/Compressed.ddp.
[2017.07.08-13.25.35:092][  0]LogDerivedDataCache: Using Local data cache path C:/Users/Johannes/AppData/Local/UnrealEngine/Common/DerivedDataCache: Writable
[2017.07.08-13.25.35:100][  0]LogMaterial: Verifying Global Shaders for PCD3D_SM5
[2017.07.08-13.25.35:100][  0]LogSlate: Using Freetype 2.6.0
[2017.07.08-13.25.35:101][  0]LogSlate: SlateFontCache - WITH_FREETYPE: 1, WITH_HARFBUZZ: 1
[2017.07.08-13.25.35:101][  0]LogSlate: SlateFontCache - WITH_FREETYPE: 1, WITH_HARFBUZZ: 1
[2017.07.08-13.25.35:359][  0]LogInit: Selected Device Profile: [Windows]
[2017.07.08-13.25.35:419][  0]LogContentStreaming: Texture pool size is 0.00 MB
[2017.07.08-13.25.35:539][  0]LogMeshUtilities: Using QuadricMeshReduction for automatic static mesh reduction
[2017.07.08-13.25.35:566][  0]LogSimplygon: Simplygon DLL not present - disabling.
[2017.07.08-13.25.35:596][  0]LogMeshUtilities: Using SimplygonSwarm for distributed automatic mesh merging
[2017.07.08-13.25.35:596][  0]LogMeshUtilities: No automatic skeletal mesh reduction module available
[2017.07.08-13.25.35:596][  0]LogMeshUtilities: No automatic mesh merging module available
[2017.07.08-13.25.35:999][  0]LogNetVersion: BuildingEscape , NetCL: 3452394, EngineNetVer: 2, GameNetVer: 0 (Checksum: 784502225)
[2017.07.08-13.25.36:047][  0]LogAssetRegistry: FAssetRegistry took 0.0245 seconds to start up
[2017.07.08-13.25.36:081][  0]LogPackageLocalizationCache: Processed 4 localized package path(s) for 2 prioritized culture(s) in 0.020796 seconds
[2017.07.08-13.25.36:084][  0]LogUObjectArray: 34194 objects as part of root set at end of initial load.
[2017.07.08-13.25.36:084][  0]LogUObjectAllocator: 7260416 out of 0 bytes used by permanent object pool.
[2017.07.08-13.25.36:084][  0]LogUObjectArray: CloseDisregardForGC: 0/0 objects in disregard for GC pool
[2017.07.08-13.25.36:119][  0]LogInit: WinSock: version 1.1 (2.2), MaxSocks=32767, MaxUdp=65467
[2017.07.08-13.25.37:791][  0]LogTcpMessaging: Initializing TcpMessaging bridge
[2017.07.08-13.25.37:818][  0]LogUdpMessaging: Initializing bridge on interface 0.0.0.0:0 to multicast group 230.0.0.1:6666.
[2017.07.08-13.25.38:202][  0]LogMaterial: Uniform references updated for custom material expression Custom.
[2017.07.08-13.25.38:471][  0]SourceControl: Info Source control is disabled
[2017.07.08-13.25.38:502][  0]SourceControl: Info Source control is disabled
[2017.07.08-13.25.38:532][  0]SourceControl: Info Source control is disabled
[2017.07.08-13.25.38:561][  0]SourceControl: Info Source control is disabled
[2017.07.08-13.25.38:979][  0]LogAndroidPermission: UAndroidPermissionCallbackProxy::GetInstance
[2017.07.08-13.25.39:355][  0]LogEngine: Initializing Engine...
[2017.07.08-13.25.39:361][  0]LogHMD: Failed to initialize OpenVR with code 108
[2017.07.08-13.25.39:525][  0]LogStats: UGameplayTagsManager::ConstructGameplayTagTree: Construct from data asset -  0.000 s
[2017.07.08-13.25.39:525][  0]LogStats: UGameplayTagsManager::ConstructGameplayTagTree: GameplayTagTreeChangedEvent.Broadcast -  0.000 s
[2017.07.08-13.25.39:607][  0]LogAIModule: Creating AISystem for world Untitled
[2017.07.08-13.25.39:623][  0]LogInit: XAudio2 using 'Speakers (Realtek High Definition Audio)' : 2 channels at 48 kHz using 32 bits per sample (channel mask 0x3)
[2017.07.08-13.25.39:636][  0]LogInit: FAudioDevice initialized.
[2017.07.08-13.25.39:677][  0]LogDerivedDataCache: Saved boot cache 0.04s 90MB C:/Users/Johannes/AppData/Local/UnrealEngine/4.16/DerivedDataCache/Boot.ddc.
[2017.07.08-13.25.39:683][  0]LogInit: Texture streaming: Enabled
[2017.07.08-13.25.39:742][  0]LogEngineSessionManager: EngineSessionManager initialized
[2017.07.08-13.25.39:742][  0]LogEngineSessionManager: EngineSessionManager sent abnormal shutdown report. Type=Crashed, SessionId={1F9F17AE-4586-CDA7-365E-32979951B692}
[2017.07.08-13.25.39:876][  0]LogInit: Transaction tracking system initialized
[2017.07.08-13.25.40:061][  0]BlueprintLog: New page: Editor Load
[2017.07.08-13.25.40:615][  0]LocalizationService: Info Localization service is disabled
[2017.07.08-13.25.41:039][  0]LogConsoleResponse:Display: 
[2017.07.08-13.25.41:145][  0]LogCook:Display: Max memory allowance for cook 16384mb min free memory 0mb
[2017.07.08-13.25.41:145][  0]LogCook:Display: Mobile HDR setting 1
[2017.07.08-13.25.41:768][  0]LogFileCache: Scanning file cache for directory 'F:/Udemy/Unreal/LearnUnreal/BuildingEscape/Content/' took 0.01s
[2017.07.08-13.25.41:768][  0]SourceControl: Info Source control is disabled
[2017.07.08-13.25.41:768][  0]Cmd: MAP LOAD FILE="../../../../../../Udemy/Unreal/LearnUnreal/BuildingEscape/Content/NewMap.umap" TEMPLATE=0 SHOWPROGRESS=1 FEATURELEVEL=3
[2017.07.08-13.25.41:769][  0]LightingResults: New page: Lighting Build
[2017.07.08-13.25.41:795][  0]MapCheck: New page: Map Check
[2017.07.08-13.25.41:795][  0]LightingResults: New page: Lighting Build
[2017.07.08-13.25.42:046][  0]LogAIModule: Creating AISystem for world NewMap
[2017.07.08-13.25.42:051][  0]LogEditorServer: Finished looking for orphan Actors (0.000 secs)
[2017.07.08-13.25.42:059][  0]Cmd: MAP CHECKDEP NOCLEARLOG
[2017.07.08-13.25.42:100][  0]MapCheck: Info Map check complete: 0 Error(s), 0 Warning(s), took 41.636ms to complete.
[2017.07.08-13.25.42:100][  0]LogFileHelpers: Loading map 'NewMap' took 0.332
[2017.07.08-13.25.42:284][  0]LogCollectionManager: Loaded 0 collections in 0.000632 seconds
[2017.07.08-13.25.42:360][  0]LogFileCache: Scanning file cache for directory 'F:/Udemy/Unreal/LearnUnreal/BuildingEscape/Saved/Collections/' took 0.01s
[2017.07.08-13.25.42:360][  0]LogFileCache: Scanning file cache for directory 'F:/Udemy/Unreal/LearnUnreal/BuildingEscape/Content/Developers/Nial/Collections/' took 0.01s
[2017.07.08-13.25.42:360][  0]LogFileCache: Scanning file cache for directory 'F:/Udemy/Unreal/LearnUnreal/BuildingEscape/Content/Collections/' took 0.01s
[2017.07.08-13.25.42:360][  0]LogCollectionManager: Rebuilt the GUID cache for 0 collections in 0.000001 seconds
[2017.07.08-13.25.42:368][  0]LogContentBrowser: Native class hierarchy populated in 0.0080 seconds. Added 2333 classes and 495 folders.
[2017.07.08-13.25.42:407][  0]LogContentBrowser: Native class hierarchy updated for 'WidgetCarousel' in 0.0011 seconds. Added 0 classes and 0 folders.
[2017.07.08-13.25.42:442][  0]LogContentBrowser: Native class hierarchy updated for 'AddContentDialog' in 0.0011 seconds. Added 0 classes and 0 folders.
[2017.07.08-13.25.42:469][  0]LogCrashTracker: Crashtracker disabled due to settings.
[2017.07.08-13.25.42:473][  0]LogSlate: Took 0.000163 seconds to synchronously load lazily loaded font '../../../Engine/Content/Slate/Fonts/Roboto-Regular.ttf' (155K)
[2017.07.08-13.25.42:476][  0]LogSlate: Took 0.000147 seconds to synchronously load lazily loaded font '../../../Engine/Content/Slate/Fonts/Roboto-Bold.ttf' (160K)
[2017.07.08-13.25.42:478][  0]LogSlate: Took 0.000130 seconds to synchronously load lazily loaded font '../../../Engine/Content/Editor/Slate/Fonts/FontAwesome.ttf' (139K)
[2017.07.08-13.25.42:478][  0]LogSlate: Took 0.000107 seconds to synchronously load lazily loaded font '../../../Engine/Content/Editor/Slate/Fonts/DroidSansMono.ttf' (77K)
[2017.07.08-13.25.42:553][  0]LogRenderer: Reallocating scene render targets to support 1052x624 NumSamples 1 (Frame:1).
[2017.07.08-13.25.42:622][  0]LogSlate: Took 0.000142 seconds to synchronously load lazily loaded font '../../../Engine/Content/Slate/Fonts/Roboto-Light.ttf' (159K)
[2017.07.08-13.25.42:666][  0]LogUObjectGlobals:Warning: Failed to find object 'Class None.'
[2017.07.08-13.25.42:716][  0]LogContentBrowser: Native class hierarchy updated for 'HierarchicalLODOutliner' in 0.0011 seconds. Added 1 classes and 2 folders.
[2017.07.08-13.25.42:717][  0]LogLoad: (Engine Initialization) Total time: 13.13 seconds
[2017.07.08-13.25.42:717][  0]LogLoad: (Engine Initialization) Total Blueprint compile time: 0.06 seconds
[2017.07.08-13.25.42:717][  0]LogExternalProfiler: Found external profiler: VSPerf
[2017.07.08-13.25.42:717][  0]LogExternalProfiler: Using external profiler: VSPerf
[2017.07.08-13.25.42:726][  0]LogWindowsTextInputMethodSystem:Display: IME system now deactivated.
[2017.07.08-13.25.42:727][  0]LogOcInput: OculusInput pre-init called
[2017.07.08-13.25.42:727][  0]LogHMD: Starting GearVRController plugin
[2017.07.08-13.25.42:740][  0]LogAssetRegistry: Asset discovery search completed in 6.7143 seconds
[2017.07.08-13.25.42:741][  0]LogCollectionManager: Rebuilt the object cache for 0 collections in 0.000000 seconds (found 0 objects)
[2017.07.08-13.25.42:741][  0]LogCollectionManager: Fixed up redirectors for 0 collections in 0.000112 seconds (updated 0 objects)
[2017.07.08-13.25.42:744][  0]LogContentStreaming: Texture pool size now 1000 MB
[2017.07.08-13.29.43:966][205]Candidate modules for hot reload:
[2017.07.08-13.29.43:966][205]  BuildingEscape
[2017.07.08-13.29.43:967][205]Launching UnrealBuildTool... [F:/Program Files/Epic Games/UE_4.16/Engine/Binaries/DotNET/UnrealBuildTool.exe BuildingEscape -ModuleWithSuffix BuildingEscape 902 Win64 Development -editorrecompile -canskiplink "F:/Udemy/Unreal/LearnUnreal/BuildingEscape/BuildingEscape.uproject" ]
[2017.07.08-13.29.44:169][205]Warning: Starting HotReload took  0.2s.
[2017.07.08-13.30.00:125][119]CompilerResultsLog: New page: Compilation - 8 Jul 2017 15:30:00
[2017.07.08-13.30.00:125][119]CompilerResultsLog: Info Compiling game modules for hot reload
[2017.07.08-13.30.00:125][119]CompilerResultsLog: Info Parsing headers for BuildingEscapeEditor
[2017.07.08-13.30.00:125][119]CompilerResultsLog: Info   Running UnrealHeaderTool "F:\Udemy\Unreal\LearnUnreal\BuildingEscape\BuildingEscape.uproject" "F:\Udemy\Unreal\LearnUnreal\BuildingEscape\Intermediate\Build\Win64\BuildingEscapeEditor\Development\BuildingEscapeEditor.uhtmanifest" -LogCmds="loginit warning, logexit warning, logdatabase error" -Unattended -WarningsAsErrors -installed
[2017.07.08-13.30.00:125][119]CompilerResultsLog: Info Reflection code generated for BuildingEscapeEditor in 2.9365917 seconds
[2017.07.08-13.30.00:126][119]CompilerResultsLog: Info Performing 3 actions (9 in parallel)
[2017.07.08-13.30.00:126][119]CompilerResultsLog: Info OpenDoor.cpp
[2017.07.08-13.30.00:126][119]CompilerResultsLog: Info [2/3] Link UE4Editor-BuildingEscape-902.dll
[2017.07.08-13.30.00:126][119]CompilerResultsLog: Info [3/3] Link UE4Editor-BuildingEscape-902.lib
[2017.07.08-13.30.00:126][119]CompilerResultsLog: Info    Creating library F:\Udemy\Unreal\LearnUnreal\BuildingEscape\Intermediate\Build\Win64\UE4Editor\Development\UE4Editor-BuildingEscape-902.lib and object F:\Udemy\Unreal\LearnUnreal\BuildingEscape\Intermediate\Build\Win64\UE4Editor\Development\UE4Editor-BuildingEscape-902.exp
[2017.07.08-13.30.00:126][119]CompilerResultsLog: Info    Creating library F:\Udemy\Unreal\LearnUnreal\BuildingEscape\Intermediate\Build\Win64\UE4Editor\Development\UE4Editor-BuildingEscape-902.suppressed.lib and object F:\Udemy\Unreal\LearnUnreal\BuildingEscape\Intermediate\Build\Win64\UE4Editor\Development\UE4Editor-BuildingEscape-902.suppressed.exp
[2017.07.08-13.30.00:126][119]CompilerResultsLog: Info Total build time: 15.74 seconds (Local executor: 10.86 seconds)
[2017.07.08-13.30.00:126][119]LogMainFrame: MainFrame: Module compiling took 16.178 seconds
[2017.07.08-13.30.00:195][119]LogContentBrowser: Native class hierarchy updated for 'BuildingEscape' in 0.0012 seconds. Added 3 classes and 2 folders.
[2017.07.08-13.30.00:196][119]Display: HotReload successful (0 functions remapped  0 scriptstructs remapped)
[2017.07.08-13.30.00:275][119]LogContentBrowser: Native class hierarchy populated in 0.0088 seconds. Added 2334 classes and 497 folders.
[2017.07.08-13.30.00:275][119]Display: HotReload took 16.3s.
[2017.07.08-13.30.06:625][881]LogTemp: Repeting last play command: Selected Viewport
[2017.07.08-13.30.06:647][881]LogPlayLevel: PlayLevel: No blueprints needed recompiling
[2017.07.08-13.30.06:647][881]PIE: New page: PIE session: NewMap (8 Jul 2017 15:30:06)
[2017.07.08-13.30.06:647][881]LogPlayLevel: Creating play world package: /Game/UEDPIE_0_NewMap
[2017.07.08-13.30.06:650][881]LogPlayLevel: PIE: StaticDuplicateObject took: (0.002949s)
[2017.07.08-13.30.06:651][881]LogAIModule: Creating AISystem for world NewMap
[2017.07.08-13.30.06:651][881]LogPlayLevel: PIE: World Init took: (0.000739s)
[2017.07.08-13.30.06:651][881]LogPlayLevel: PIE: Created PIE world by copying editor world from /Game/NewMap.NewMap to /Game/UEDPIE_0_NewMap.NewMap (0.004066s)
[2017.07.08-13.30.06:670][881]LogInit: XAudio2 using 'Speakers (Realtek High Definition Audio)' : 2 channels at 48 kHz using 32 bits per sample (channel mask 0x3)
[2017.07.08-13.30.06:680][881]LogInit: FAudioDevice initialized.
[2017.07.08-13.30.06:720][881]LogUObjectGlobals:Warning: Failed to find object 'Class /Script/BuildingEscape.BuildingEscapeGameMode'
[2017.07.08-13.30.06:720][881]LogLoad: Game class is 'GameModeBase'
[2017.07.08-13.30.06:722][881]LogWorld: Bringing World /Game/UEDPIE_0_NewMap.NewMap up for play (max tick rate 0) at 2017.07.08-14.30.06
[2017.07.08-13.30.06:723][881]LogWorld: Bringing up level for play took: 0.001350
[2017.07.08-13.30.06:758][881]LogContentBrowser: Native class hierarchy updated for 'MovieSceneCapture' in 0.0012 seconds. Added 11 classes and 0 folders.
[2017.07.08-13.30.06:759][881]LogTemp:Warning: SM_Chair_2 is at X=-335.000 Y=-95.000 Z=20.000
[2017.07.08-13.30.06:759][881]PIE: Info Play in editor start time for /Game/UEDPIE_0_NewMap 0.534
[2017.07.08-13.31.43:122][137]Candidate modules for hot reload:
[2017.07.08-13.31.43:122][137]  BuildingEscape
[2017.07.08-13.31.43:122][137]Launching UnrealBuildTool... [F:/Program Files/Epic Games/UE_4.16/Engine/Binaries/DotNET/UnrealBuildTool.exe BuildingEscape -ModuleWithSuffix BuildingEscape 899 Win64 Development -editorrecompile -canskiplink "F:/Udemy/Unreal/LearnUnreal/BuildingEscape/BuildingEscape.uproject" ]
[2017.07.08-13.31.43:179][137]Warning: Starting HotReload took  0.1s.
[2017.07.08-13.31.48:039][715]MapCheck: New page: Map Check
[2017.07.08-13.31.48:064][715]LightingResults: New page: Lighting Build - 8 Jul 2017 15:31:48
[2017.07.08-13.31.48:095][715]LogSwarmInterface: [OpenConnection] Registering TCP channel ...
[2017.07.08-13.31.48:171][715]LogSwarmInterface: [OpenConnection] Connecting to agent ...
[2017.07.08-13.31.48:179][715]LogSwarmInterface: [TryOpenConnection] Testing the Agent
[2017.07.08-13.31.49:190][715]LogSwarmInterface: [TryOpenConnection] Opening Connection to Agent
[2017.07.08-13.31.49:191][715]LogSwarmInterface: [TryOpenConnection] Local Process ID is 15796
[2017.07.08-13.31.51:684][715]LogStaticLightingSystem:Warning: No importance volume found, so the scene bounding box was used.  You can optimize your scene's quality and lighting build times by adding importance volumes.
[2017.07.08-13.31.51:685][715]LogStaticLightingSystem: Running Lightmass w/ ImmediateImport mode ENABLED
[2017.07.08-13.31.51:685][715]LogStaticLightingSystem: Running Lightmass w/ ImmediateProcess mode ENABLED
[2017.07.08-13.31.51:685][715]LogStaticLightingSystem: Running Lightmass w/ Sorting mode ENABLED
[2017.07.08-13.31.51:685][715]LogStaticLightingSystem: Running Lightmass w/ Mapping paddings ENABLED
[2017.07.08-13.31.51:685][715]LogStaticLightingSystem: Running Lightmass w/ Mapping debug paddings DISABLED
[2017.07.08-13.31.51:870][715]LogEditorBuildUtils: Build time 0:03
[2017.07.08-13.31.54:369][920]Job is a success!
[2017.07.08-13.31.54:416][921]LogSlate: Took 0.000212 seconds to synchronously load lazily loaded font '../../../Engine/Content/Slate/Fonts/Roboto-Light.ttf' (159K)
[2017.07.08-13.31.54:618][921]LogTexture:Display: Building textures: HQ_Lightmap0_1 (AutoDXT, 1024X1024)
[2017.07.08-13.31.54:618][921]LogTexture:Display: Building textures: LQ_Lightmap_0_1 (DXT1, 1024X1024)
[2017.07.08-13.31.54:618][921]LogTexture:Display: Building textures: HQ_Lightmap0_2 (AutoDXT, 64X64)
[2017.07.08-13.31.54:618][921]LogTexture:Display: Building textures: LQ_Lightmap_0_2 (DXT1, 64X64)
[2017.07.08-13.31.54:618][921]LogTexture:Display: Building textures: ShadowMapTexture2D_1 (G8, 32X32)
[2017.07.08-13.31.54:619][921]LogTexture:Display: Building textures: ShadowMapTexture2D_0 (BGRA8, 512X128)
[2017.07.08-13.31.54:645][921]Lightmass on NIAL: 2.28 sec total, 72 ms importing, 7 ms setup, 547 ms photons, 1.61 sec processing, 0 ms extra exporting [15/15 mappings]. Threads: 17.2 sec total, 8.52 sec processing.
[2017.07.08-13.31.54:658][921]LogStaticLightingSystem: Illumination: 6.56 sec (147 ms encoding lightmaps, 15 ms encoding shadowmaps)
[2017.07.08-13.31.54:658][921]LogStaticLightingSystem: Lightmap texture memory:  2.0 MB (2.0 MB streaming, 0.0 MB non-streaming), 4 textures
[2017.07.08-13.31.54:658][921]LogStaticLightingSystem: Shadowmap texture memory: 0.3 MB (0.3 MB streaming, 0.0 MB non-streaming), 2 textures
[2017.07.08-13.31.54:688][921]DumpUnbuiltLightIteractions
[2017.07.08-13.31.54:688][921]Lights with unbuilt interactions: 0
[2017.07.08-13.31.54:688][921]
[2017.07.08-13.31.54:688][921]Primitives with unbuilt interactions: 0
[2017.07.08-13.31.54:697][922]Cmd: MAP CHECK NOTIFYRESULTS
[2017.07.08-13.31.54:697][922]MapCheck: New page: NewMap - 8 Jul 2017 15:31:54
[2017.07.08-13.31.54:749][922]MapCheck: Info Map check complete: 0 Error(s), 0 Warning(s), took 51.301ms to complete.
[2017.07.08-13.31.58:420][362]CompilerResultsLog: New page: Compilation - 8 Jul 2017 15:31:58
[2017.07.08-13.31.58:420][362]CompilerResultsLog: Info Compiling game modules for hot reload
[2017.07.08-13.31.58:420][362]CompilerResultsLog: Info Parsing headers for BuildingEscapeEditor
[2017.07.08-13.31.58:420][362]CompilerResultsLog: Info   Running UnrealHeaderTool "F:\Udemy\Unreal\LearnUnreal\BuildingEscape\BuildingEscape.uproject" "F:\Udemy\Unreal\LearnUnreal\BuildingEscape\Intermediate\Build\Win64\BuildingEscapeEditor\Development\BuildingEscapeEditor.uhtmanifest" -LogCmds="loginit warning, logexit warning, logdatabase error" -Unattended -WarningsAsErrors -installed
[2017.07.08-13.31.58:420][362]CompilerResultsLog: Info Reflection code generated for BuildingEscapeEditor in 2.8429313 seconds
[2017.07.08-13.31.58:420][362]CompilerResultsLog: Info Performing 3 actions (9 in parallel)
[2017.07.08-13.31.58:420][362]CompilerResultsLog: Info OpenDoor.cpp
[2017.07.08-13.31.58:420][362]CompilerResultsLog: Info [2/3] Link UE4Editor-BuildingEscape-899.dll
[2017.07.08-13.31.58:420][362]CompilerResultsLog: Info [3/3] Link UE4Editor-BuildingEscape-899.lib
[2017.07.08-13.31.58:420][362]CompilerResultsLog: Info    Creating library F:\Udemy\Unreal\LearnUnreal\BuildingEscape\Intermediate\Build\Win64\UE4Editor\Development\UE4Editor-BuildingEscape-899.lib and object F:\Udemy\Unreal\LearnUnreal\BuildingEscape\Intermediate\Build\Win64\UE4Editor\Development\UE4Editor-BuildingEscape-899.exp
[2017.07.08-13.31.58:421][362]CompilerResultsLog: Info    Creating library F:\Udemy\Unreal\LearnUnreal\BuildingEscape\Intermediate\Build\Win64\UE4Editor\Development\UE4Editor-BuildingEscape-899.suppressed.lib and object F:\Udemy\Unreal\LearnUnreal\BuildingEscape\Intermediate\Build\Win64\UE4Editor\Development\UE4Editor-BuildingEscape-899.suppressed.exp
[2017.07.08-13.31.58:421][362]CompilerResultsLog: Info Total build time: 15.06 seconds (Local executor: 10.36 seconds)
[2017.07.08-13.31.58:421][362]LogMainFrame: MainFrame: Module compiling took 15.316 seconds
[2017.07.08-13.31.58:463][362]LogContentBrowser: Native class hierarchy updated for 'BuildingEscape' in 0.0012 seconds. Added 3 classes and 2 folders.
[2017.07.08-13.31.58:463][362]Display: HotReload successful (0 functions remapped  0 scriptstructs remapped)
[2017.07.08-13.31.58:486][362]LogContentBrowser: Native class hierarchy populated in 0.0089 seconds. Added 2334 classes and 497 folders.
[2017.07.08-13.31.58:486][362]Display: HotReload took 15.4s.
[2017.07.08-13.32.01:516][726]LogTemp: Repeting last play command: Selected Viewport
[2017.07.08-13.32.01:526][726]LogPlayLevel: PlayLevel: No blueprints needed recompiling
[2017.07.08-13.32.01:526][726]PIE: New page: PIE session: NewMap (8 Jul 2017 15:32:01)
[2017.07.08-13.32.01:526][726]LogPlayLevel: Creating play world package: /Game/UEDPIE_0_NewMap
[2017.07.08-13.32.01:529][726]LogPlayLevel: PIE: StaticDuplicateObject took: (0.002688s)
[2017.07.08-13.32.01:530][726]LogAIModule: Creating AISystem for world NewMap
[2017.07.08-13.32.01:530][726]LogPlayLevel: PIE: World Init took: (0.000683s)
[2017.07.08-13.32.01:530][726]LogPlayLevel: PIE: Created PIE world by copying editor world from /Game/NewMap.NewMap to /Game/UEDPIE_0_NewMap.NewMap (0.003714s)
[2017.07.08-13.32.01:548][726]LogInit: XAudio2 using 'Speakers (Realtek High Definition Audio)' : 2 channels at 48 kHz using 32 bits per sample (channel mask 0x3)
[2017.07.08-13.32.01:558][726]LogInit: FAudioDevice initialized.
[2017.07.08-13.32.01:588][726]LogLoad: Game class is 'GameModeBase'
[2017.07.08-13.32.01:590][726]LogWorld: Bringing World /Game/UEDPIE_0_NewMap.NewMap up for play (max tick rate 0) at 2017.07.08-14.32.01
[2017.07.08-13.32.01:590][726]LogWorld: Bringing up level for play took: 0.001185
[2017.07.08-13.32.01:591][726]LogTemp:Warning: SM_Chair_2 is at X=-335.000 Y=-95.000 Z=20.000
[2017.07.08-13.32.01:591][726]PIE: Info Play in editor start time for /Game/UEDPIE_0_NewMap -0.635
[2017.07.08-13.32.05:548][199]LogTemp:Warning: Opening
[2017.07.08-13.32.06:557][199]LogCrashTracker: 


[2017.07.08-13.32.06:557][199]LogCrashTracker: 


[2017.07.08-13.32.06:557][199]LogWindows:Error: === Critical error: ===
[2017.07.08-13.32.06:557][199]LogWindows:Error: 
[2017.07.08-13.32.06:557][199]LogWindows:Error: Fatal error!
[2017.07.08-13.32.06:557][199]LogWindows:Error: 
[2017.07.08-13.32.06:557][199]LogWindows:Error: Unhandled Exception: EXCEPTION_ACCESS_VIOLATION reading address 0x00000178
[2017.07.08-13.32.06:557][199]LogWindows:Error: 
[2017.07.08-13.32.06:557][199]LogWindows:Error: UE4Editor-Engine.dll!0x000000005CF50A14
[2017.07.08-13.32.06:557][199]LogWindows:Error: UE4Editor-BuildingEscape-899.dll!UOpenDoor::OpenDoor() [f:\udemy\unreal\learnunreal\buildingescape\source\buildingescape\opendoor.cpp:52]
[2017.07.08-13.32.06:557][199]LogWindows:Error: UE4Editor-BuildingEscape-899.dll!UOpenDoor::TickComponent() [f:\udemy\unreal\learnunreal\buildingescape\source\buildingescape\opendoor.cpp:38]
[2017.07.08-13.32.06:557][199]LogWindows:Error: UE4Editor-Engine.dll!0x000000005D2E4854
[2017.07.08-13.32.06:558][199]LogWindows:Error: UE4Editor-Engine.dll!0x000000005D318665
[2017.07.08-13.32.06:558][199]LogWindows:Error: UE4Editor-Engine.dll!0x000000005DEE36EB
[2017.07.08-13.32.06:558][199]LogWindows:Error: UE4Editor-Engine.dll!0x000000005DEEA0CB
[2017.07.08-13.32.06:558][199]LogWindows:Error: UE4Editor-Core.dll!0x0000000077CE4D8C
[2017.07.08-13.32.06:558][199]LogWindows:Error: UE4Editor-Core.dll!0x0000000077CE4F55
[2017.07.08-13.32.06:558][199]LogWindows:Error: UE4Editor-Engine.dll!0x000000005DF06353
[2017.07.08-13.32.06:558][199]LogWindows:Error: UE4Editor-Engine.dll!0x000000005DF0BB12
[2017.07.08-13.32.06:558][199]LogWindows:Error: UE4Editor-Engine.dll!0x000000005D82E464
[2017.07.08-13.32.06:558][199]LogWindows:Error: UE4Editor-Engine.dll!0x000000005D836A58
[2017.07.08-13.32.06:558][199]LogWindows:Error: UE4Editor-UnrealEd.dll!0x000000005BA43973
[2017.07.08-13.32.06:558][199]LogWindows:Error: UE4Editor-UnrealEd.dll!0x000000005C268D76
[2017.07.08-13.32.06:558][199]LogWindows:Error: UE4Editor.exe!0x0000000097CDE2B2
[2017.07.08-13.32.06:558][199]LogWindows:Error: UE4Editor.exe!0x0000000097CCF0B0
[2017.07.08-13.32.06:558][199]LogWindows:Error: UE4Editor.exe!0x0000000097CCF12A
[2017.07.08-13.32.06:558][199]LogWindows:Error: UE4Editor.exe!0x0000000097CE0CF9
[2017.07.08-13.32.06:558][199]LogWindows:Error: UE4Editor.exe!0x0000000097CE25F7
[2017.07.08-13.32.06:558][199]LogWindows:Error: KERNEL32.DLL!0x00000000A4CB2774
[2017.07.08-13.32.06:558][199]LogWindows:Error: ntdll.dll!0x00000000A7240D61
[2017.07.08-13.32.06:558][199]LogWindows:Error: ntdll.dll!0x00000000A7240D61
[2017.07.08-13.32.06:558][199]LogWindows:Error: 
[2017.07.08-13.32.06:573][199]LogExit: Executing StaticShutdownAfterError
[2017.07.08-13.32.06:575][199]LogWindows: FPlatformMisc::RequestExit(1)
[2017.07.08-13.32.06:575][199]Log file closed, 07/08/17 14:32:06
