Log file open, 07/07/17 20:38:33
LogInit:Display: Running engine for game: BuildingEscape
LogPlatformFile: Not using cached read wrapper
LogInit:Display: RandInit(-1521020280) SRandInit(-1521020280).
LogTaskGraph: Started task graph with 5 named threads and 10 total threads with 1 sets of task threads.
LogStats: Stats thread started at 0.101724
LogInit: Using libcurl 7.47.1
LogInit:  - built for x86_64-pc-win32
LogInit:  - supports SSL with OpenSSL/1.0.2g
LogInit:  - supports HTTP deflate (compression) using libz 1.2.8
LogInit:  - other features:
LogInit:      CURL_VERSION_SSL
LogInit:      CURL_VERSION_LIBZ
LogInit:      CURL_VERSION_IPV6
LogInit:      CURL_VERSION_ASYNCHDNS
LogInit:      CURL_VERSION_LARGEFILE
LogInit:      CURL_VERSION_IDN
LogInit:  CurlRequestOptions (configurable via config and command line):
LogInit:  - bVerifyPeer = false  - Libcurl will NOT verify peer certificate
LogInit:  - bUseHttpProxy = false  - Libcurl will NOT use HTTP proxy
LogInit:  - bDontReuseConnections = false  - Libcurl will reuse connections
LogInit:  - CertBundlePath = nullptr  - Libcurl will use whatever was configured at build time.
LogInit: Build: ++UE4+Release-4.16-CL-3514769
LogInit: Engine Version: 4.16.2-3514769+++UE4+Release-4.16
LogInit: Compatible Engine Version: 4.16.0-3452394+++UE4+Release-4.16
LogInit: Net CL: 3452394
LogDevObjectVersion: Number of dev versions registered: 16
LogDevObjectVersion:   Dev-Blueprints (B0D832E4-1F89-4F0D-ACCF-7EB736FD4AA2): 9
LogDevObjectVersion:   Dev-Build (E1C64328-A22C-4D53-A36C-8E866417BD8C): 0
LogDevObjectVersion:   Dev-Core (375EC13C-06E4-48FB-B500-84F0262A717E): 2
LogDevObjectVersion:   Dev-Editor (E4B068ED-F494-42E9-A231-DA0B2E46BB41): 17
LogDevObjectVersion:   Dev-Framework (CFFC743F-43B0-4480-9391-14DF171D2073): 23
LogDevObjectVersion:   Dev-Mobile (B02B49B5-BB20-44E9-A304-32B752E40360): 0
LogDevObjectVersion:   Dev-Networking (A4E4105C-59A1-49B5-A7C5-40C4547EDFEE): 0
LogDevObjectVersion:   Dev-Online (39C831C9-5AE6-47DC-9A44-9C173E1C8E7C): 0
LogDevObjectVersion:   Dev-Physics (78F01B33-EBEA-4F98-B9B4-84EACCB95AA2): 0
LogDevObjectVersion:   Dev-Platform (6631380F-2D4D-43E0-8009-CF276956A95A): 0
LogDevObjectVersion:   Dev-Rendering (12F88B9F-8875-4AFC-A67C-D90C383ABD29): 15
LogDevObjectVersion:   Dev-Sequencer (7B5AE74C-D270-4C10-A958-57980B212A5A): 4
LogDevObjectVersion:   Dev-VR (D7296918-1DD6-4BDD-9DE2-64A83CC13884): 0
LogDevObjectVersion:   Dev-LoadTimes (C2A15278-BFE7-4AFE-6C17-90FF531DF755): 1
LogDevObjectVersion:   Private-Geometry (6EACA3D4-40EC-4CC1-B786-8BED09428FC5): 1
LogDevObjectVersion:   Dev-AnimPhys (29E575DD-E0A3-4627-9D10-D276232CDCEA): 3
LogInit: Compiled (64-bit): Jun 29 2017 02:03:24
LogInit: Compiled with Visual C++: 19.00.24215.01
LogInit: Build Configuration: Development
LogInit: Branch Name: ++UE4+Release-4.16
LogInit: Command line:  
LogInit: Base directory: F:/Program Files/Epic Games/UE_4.16/Engine/Binaries/Win64/
LogInit: Installed Engine Build: 1
LogInit: Presizing for max 8388607 objects, including 0 objects not considered by GC, pre-allocating 0 bytes for permanent pool.
LogInit: Object subsystem initialized
[2017.07.07-19.38.34:211][  0]LogInit: Selected Device Profile: [Windows]
[2017.07.07-19.38.34:211][  0]LogInit: Applying CVar settings loaded from the selected device profile: [Windows]
[2017.07.07-19.38.34:236][  0]LogInit: Computer: NIAL
[2017.07.07-19.38.34:236][  0]LogInit: User: Nial
[2017.07.07-19.38.34:236][  0]LogInit: CPU Page size=4096, Cores=6
[2017.07.07-19.38.34:236][  0]LogInit: High frequency timer resolution =3.221724 MHz
[2017.07.07-19.38.34:236][  0]LogMemory: Memory total: Physical=19.9GB (20GB approx)
[2017.07.07-19.38.34:236][  0]LogMemory: Platform Memory Stats for Windows
[2017.07.07-19.38.34:236][  0]LogMemory: Process Physical Memory: 273.11 MB used, 273.11 MB peak
[2017.07.07-19.38.34:236][  0]LogMemory: Process Virtual Memory: 267.21 MB used, 267.21 MB peak
[2017.07.07-19.38.34:236][  0]LogMemory: Physical Memory: 7323.29 MB used,  13082.26 MB free, 20405.55 MB total
[2017.07.07-19.38.34:236][  0]LogMemory: Virtual Memory: 647.91 MB used,  13082.26 MB free, 134217728.00 MB total
[2017.07.07-19.38.34:372][  0]LogInit: Using OS detected language (en-GB).
[2017.07.07-19.38.34:372][  0]LogInit: Using OS detected locale (en-GB).
[2017.07.07-19.38.34:443][  0]LogTextLocalizationManager: No specific localization for 'en-GB' exists, so the 'en' localization will be used.
[2017.07.07-19.38.35:912][  0]LogD3D11RHI: D3D11 adapters:
[2017.07.07-19.38.36:497][  0]LogD3D11RHI:    0. 'NVIDIA GeForce GTX 1080' (Feature Level 11_0)
[2017.07.07-19.38.36:497][  0]LogD3D11RHI:       8110/0/10202 MB DedicatedVideo/DedicatedSystem/SharedSystem, Outputs:3, VendorId:0x10de
[2017.07.07-19.38.36:498][  0]LogD3D11RHI:    1. 'Microsoft Basic Render Driver' (Feature Level 11_0)
[2017.07.07-19.38.36:498][  0]LogD3D11RHI:       0/0/10202 MB DedicatedVideo/DedicatedSystem/SharedSystem, Outputs:0, VendorId:0x1414
[2017.07.07-19.38.36:498][  0]LogD3D11RHI: Chosen D3D11 Adapter: 0
[2017.07.07-19.38.36:504][  0]LogD3D11RHI: Creating new Direct3DDevice
[2017.07.07-19.38.36:504][  0]LogD3D11RHI:     GPU DeviceId: 0x1b80 (for the marketing name, search the web for "GPU Device Id")
[2017.07.07-19.38.36:504][  0]LogWindows: EnumDisplayDevices:
[2017.07.07-19.38.36:504][  0]LogWindows:    0. 'NVIDIA GeForce GTX 1080' (P:1 D:1)
[2017.07.07-19.38.36:504][  0]LogWindows:    1. 'NVIDIA GeForce GTX 1080' (P:0 D:1)
[2017.07.07-19.38.36:504][  0]LogWindows:    2. 'NVIDIA GeForce GTX 1080' (P:0 D:1)
[2017.07.07-19.38.36:504][  0]LogWindows:    3. 'NVIDIA GeForce GTX 1080' (P:0 D:0)
[2017.07.07-19.38.36:504][  0]LogWindows: DebugString: FoundDriverCount:4 
[2017.07.07-19.38.36:504][  0]LogD3D11RHI:     Adapter Name: NVIDIA GeForce GTX 1080
[2017.07.07-19.38.36:504][  0]LogD3D11RHI:   Driver Version: 382.05 (internal:22.21.13.8205, unified:382.05)
[2017.07.07-19.38.36:504][  0]LogD3D11RHI:      Driver Date: 5-1-2017
[2017.07.07-19.38.36:504][  0]LogRHI: Texture pool is 1361 MB (70% of 1945 MB)
[2017.07.07-19.38.37:058][  0]LogD3D11RHI: Async texture creation enabled
[2017.07.07-19.38.37:189][  0]LogD3D11RHI: GPU Timing Frequency: 1000.000000 (Debug: 2 1)
[2017.07.07-19.38.37:328][  0]LogShaderCompilers: Guid format shader working directory is -8 characters bigger than the processId version (../../../../../../Udemy/Unreal/LearnUnreal/BuildingEscape/Intermediate/Shaders/WorkingDirectory/2476/).
[2017.07.07-19.38.37:328][  0]LogShaderCompilers: Cleaned the shader compiler working directory 'C:/Users/Johannes/AppData/Local/Temp/UnrealShaderWorkingDir/985387CF4CC9B08DC7512D9A446B9E7C/'.
[2017.07.07-19.38.37:328][  0]LogShaderCompilers:Display: Using Local Shader Compiler.
[2017.07.07-19.38.38:422][  0]LogTemp:Display: Loaded TP AllDesktopTargetPlatform
[2017.07.07-19.38.38:456][  0]LogTemp:Display: Loaded TP MacClientTargetPlatform
[2017.07.07-19.38.38:489][  0]LogTemp:Display: Loaded TP MacNoEditorTargetPlatform
[2017.07.07-19.38.38:523][  0]LogTemp:Display: Loaded TP MacServerTargetPlatform
[2017.07.07-19.38.38:572][  0]LogTemp:Display: Loaded TP MacTargetPlatform
[2017.07.07-19.38.38:606][  0]LogTemp:Display: Loaded TP WindowsClientTargetPlatform
[2017.07.07-19.38.38:639][  0]LogTemp:Display: Loaded TP WindowsNoEditorTargetPlatform
[2017.07.07-19.38.38:673][  0]LogTemp:Display: Loaded TP WindowsServerTargetPlatform
[2017.07.07-19.38.38:702][  0]LogTemp:Display: Loaded TP WindowsTargetPlatform
[2017.07.07-19.38.38:749][  0]LogTemp:Display: Loaded TP AndroidTargetPlatform
[2017.07.07-19.38.38:782][  0]LogTemp:Display: Loaded TP Android_ASTCTargetPlatform
[2017.07.07-19.38.38:815][  0]LogTemp:Display: Loaded TP Android_ATCTargetPlatform
[2017.07.07-19.38.38:848][  0]LogTemp:Display: Loaded TP Android_DXTTargetPlatform
[2017.07.07-19.38.38:881][  0]LogTemp:Display: Loaded TP Android_ETC1TargetPlatform
[2017.07.07-19.38.38:913][  0]LogTemp:Display: Loaded TP Android_ETC2TargetPlatform
[2017.07.07-19.38.38:979][  0]LogTemp:Display: Loaded TP Android_MultiTargetPlatform
[2017.07.07-19.38.38:979][  0]LogTemp:Display: Loaded TP Android_PVRTCTargetPlatform
[2017.07.07-19.38.39:004][  0]LogTemp:Display: Loaded TP HTML5TargetPlatform
[2017.07.07-19.38.39:078][  0]LogTemp:Display: Loaded TP IOSTargetPlatform
[2017.07.07-19.38.39:097][  0]LogTemp:Display: Loaded TP TVOSTargetPlatform
[2017.07.07-19.38.39:130][  0]LogTemp:Display: Loaded TP LinuxClientTargetPlatform
[2017.07.07-19.38.39:163][  0]LogTemp:Display: Loaded TP LinuxNoEditorTargetPlatform
[2017.07.07-19.38.39:196][  0]LogTemp:Display: Loaded TP LinuxServerTargetPlatform
[2017.07.07-19.38.39:240][  0]LogTemp:Display: Loaded TP LinuxTargetPlatform
[2017.07.07-19.38.39:240][  0]LogTargetPlatformManager:Display: Building Assets For Windows
[2017.07.07-19.38.39:535][  0]LogDerivedDataCache:Display: Max Cache Size: 512 MB
[2017.07.07-19.38.40:276][  0]LogDerivedDataCache: Loaded boot cache 0.74s 90MB C:/Users/Johannes/AppData/Local/UnrealEngine/4.16/DerivedDataCache/Boot.ddc.
[2017.07.07-19.38.40:276][  0]LogDerivedDataCache:Display: Loaded Boot cache: C:/Users/Johannes/AppData/Local/UnrealEngine/4.16/DerivedDataCache/Boot.ddc
[2017.07.07-19.38.40:276][  0]LogDerivedDataCache: FDerivedDataBackendGraph:  Pak pak cache file ../../../../../../Udemy/Unreal/LearnUnreal/BuildingEscape/DerivedDataCache/DDC.ddp not found, will not use a pak cache.
[2017.07.07-19.38.40:276][  0]LogDerivedDataCache: Unable to find inner node Pak for hierarchical cache Hierarchy.
[2017.07.07-19.38.40:276][  0]LogDerivedDataCache: FDerivedDataBackendGraph:  CompressedPak pak cache file ../../../../../../Udemy/Unreal/LearnUnreal/BuildingEscape/DerivedDataCache/Compressed.ddp not found, will not use a pak cache.
[2017.07.07-19.38.40:276][  0]LogDerivedDataCache: Unable to find inner node CompressedPak for hierarchical cache Hierarchy.
[2017.07.07-19.38.40:308][  0]LogDerivedDataCache:Display: Pak cache opened for reading ../../../Engine/DerivedDataCache/Compressed.ddp.
[2017.07.07-19.38.40:321][  0]LogDerivedDataCache: Using Local data cache path C:/Users/Johannes/AppData/Local/UnrealEngine/Common/DerivedDataCache: Writable
[2017.07.07-19.38.40:329][  0]LogMaterial: Verifying Global Shaders for PCD3D_SM5
[2017.07.07-19.38.40:329][  0]LogSlate: Using Freetype 2.6.0
[2017.07.07-19.38.40:343][  0]LogSlate: SlateFontCache - WITH_FREETYPE: 1, WITH_HARFBUZZ: 1
[2017.07.07-19.38.40:343][  0]LogSlate: SlateFontCache - WITH_FREETYPE: 1, WITH_HARFBUZZ: 1
[2017.07.07-19.38.41:190][  0]LogInit: Selected Device Profile: [Windows]
[2017.07.07-19.38.41:277][  0]LogContentStreaming: Texture pool size is 0.00 MB
[2017.07.07-19.38.41:392][  0]LogMeshUtilities: Using QuadricMeshReduction for automatic static mesh reduction
[2017.07.07-19.38.41:421][  0]LogSimplygon: Simplygon DLL not present - disabling.
[2017.07.07-19.38.41:452][  0]LogMeshUtilities: Using SimplygonSwarm for distributed automatic mesh merging
[2017.07.07-19.38.41:452][  0]LogMeshUtilities: No automatic skeletal mesh reduction module available
[2017.07.07-19.38.41:452][  0]LogMeshUtilities: No automatic mesh merging module available
[2017.07.07-19.38.41:964][  0]LogNetVersion: BuildingEscape , NetCL: 3452394, EngineNetVer: 2, GameNetVer: 0 (Checksum: 784502225)
[2017.07.07-19.38.42:025][  0]LogAssetRegistry: FAssetRegistry took 0.0254 seconds to start up
[2017.07.07-19.38.42:060][  0]LogPackageLocalizationCache: Processed 4 localized package path(s) for 2 prioritized culture(s) in 0.022821 seconds
[2017.07.07-19.38.42:064][  0]LogUObjectArray: 34194 objects as part of root set at end of initial load.
[2017.07.07-19.38.42:064][  0]LogUObjectAllocator: 7260416 out of 0 bytes used by permanent object pool.
[2017.07.07-19.38.42:064][  0]LogUObjectArray: CloseDisregardForGC: 0/0 objects in disregard for GC pool
[2017.07.07-19.38.42:100][  0]LogInit: WinSock: version 1.1 (2.2), MaxSocks=32767, MaxUdp=65467
[2017.07.07-19.38.48:411][  0]LogTcpMessaging: Initializing TcpMessaging bridge
[2017.07.07-19.38.48:439][  0]LogUdpMessaging: Initializing bridge on interface 0.0.0.0:0 to multicast group 230.0.0.1:6666.
[2017.07.07-19.38.49:058][  0]LogMaterial: Uniform references updated for custom material expression Custom.
[2017.07.07-19.38.49:325][  0]SourceControl: Info Source control is disabled
[2017.07.07-19.38.49:830][  0]SourceControl: Info Source control is disabled
[2017.07.07-19.38.49:861][  0]SourceControl: Info Source control is disabled
[2017.07.07-19.38.49:892][  0]SourceControl: Info Source control is disabled
[2017.07.07-19.38.50:462][  0]LogAndroidPermission: UAndroidPermissionCallbackProxy::GetInstance
[2017.07.07-19.38.50:876][  0]LogEngine: Initializing Engine...
[2017.07.07-19.38.50:965][  0]LogHMD: Failed to initialize OpenVR with code 108
[2017.07.07-19.38.51:144][  0]LogStats: UGameplayTagsManager::ConstructGameplayTagTree: Construct from data asset -  0.000 s
[2017.07.07-19.38.51:144][  0]LogStats: UGameplayTagsManager::ConstructGameplayTagTree: GameplayTagTreeChangedEvent.Broadcast -  0.000 s
[2017.07.07-19.38.51:227][  0]LogAIModule: Creating AISystem for world Untitled
[2017.07.07-19.38.51:257][  0]LogInit: XAudio2 using 'Speakers (Realtek High Definition Audio)' : 2 channels at 48 kHz using 32 bits per sample (channel mask 0x3)
[2017.07.07-19.38.51:280][  0]LogInit: FAudioDevice initialized.
[2017.07.07-19.38.51:320][  0]LogDerivedDataCache: Saved boot cache 0.04s 90MB C:/Users/Johannes/AppData/Local/UnrealEngine/4.16/DerivedDataCache/Boot.ddc.
[2017.07.07-19.38.51:326][  0]LogInit: Texture streaming: Enabled
[2017.07.07-19.38.51:387][  0]LogEngineSessionManager: EngineSessionManager initialized
[2017.07.07-19.38.51:552][  0]LogInit: Transaction tracking system initialized
[2017.07.07-19.38.51:748][  0]BlueprintLog: New page: Editor Load
[2017.07.07-19.38.52:337][  0]LocalizationService: Info Localization service is disabled
[2017.07.07-19.38.52:818][  0]LogConsoleResponse:Display: 
[2017.07.07-19.38.53:160][  0]LogCook:Display: Max memory allowance for cook 16384mb min free memory 0mb
[2017.07.07-19.38.53:160][  0]LogCook:Display: Mobile HDR setting 1
[2017.07.07-19.38.53:915][  0]LogFileCache: Scanning file cache for directory 'F:/Udemy/Unreal/LearnUnreal/BuildingEscape/Content/' took 0.01s
[2017.07.07-19.38.53:957][  0]SourceControl: Info Source control is disabled
[2017.07.07-19.38.53:957][  0]Cmd: MAP LOAD FILE="../../../../../../Udemy/Unreal/LearnUnreal/BuildingEscape/Content/NewMap.umap" TEMPLATE=0 SHOWPROGRESS=1 FEATURELEVEL=3
[2017.07.07-19.38.53:957][  0]LightingResults: New page: Lighting Build
[2017.07.07-19.38.53:984][  0]MapCheck: New page: Map Check
[2017.07.07-19.38.53:984][  0]LightingResults: New page: Lighting Build
[2017.07.07-19.38.54:405][  0]LogAIModule: Creating AISystem for world NewMap
[2017.07.07-19.38.54:409][  0]LogEditorServer: Finished looking for orphan Actors (0.000 secs)
[2017.07.07-19.38.54:417][  0]Cmd: MAP CHECKDEP NOCLEARLOG
[2017.07.07-19.38.54:458][  0]MapCheck: Info Map check complete: 0 Error(s), 0 Warning(s), took 40.823ms to complete.
[2017.07.07-19.38.54:458][  0]LogFileHelpers: Loading map 'NewMap' took 0.501
[2017.07.07-19.38.54:680][  0]LogCollectionManager: Loaded 0 collections in 0.000801 seconds
[2017.07.07-19.38.54:756][  0]LogFileCache: Scanning file cache for directory 'F:/Udemy/Unreal/LearnUnreal/BuildingEscape/Saved/Collections/' took 0.01s
[2017.07.07-19.38.54:756][  0]LogFileCache: Scanning file cache for directory 'F:/Udemy/Unreal/LearnUnreal/BuildingEscape/Content/Developers/Nial/Collections/' took 0.01s
[2017.07.07-19.38.54:756][  0]LogFileCache: Scanning file cache for directory 'F:/Udemy/Unreal/LearnUnreal/BuildingEscape/Content/Collections/' took 0.01s
[2017.07.07-19.38.54:756][  0]LogCollectionManager: Rebuilt the GUID cache for 0 collections in 0.000002 seconds
[2017.07.07-19.38.54:764][  0]LogContentBrowser: Native class hierarchy populated in 0.0081 seconds. Added 2333 classes and 495 folders.
[2017.07.07-19.38.54:805][  0]LogContentBrowser: Native class hierarchy updated for 'WidgetCarousel' in 0.0011 seconds. Added 0 classes and 0 folders.
[2017.07.07-19.38.55:384][  0]LogContentBrowser: Native class hierarchy updated for 'AddContentDialog' in 0.0011 seconds. Added 0 classes and 0 folders.
[2017.07.07-19.38.55:410][  0]LogCrashTracker: Crashtracker disabled due to settings.
[2017.07.07-19.38.55:413][  0]LogSlate: Took 0.000198 seconds to synchronously load lazily loaded font '../../../Engine/Content/Slate/Fonts/Roboto-Regular.ttf' (155K)
[2017.07.07-19.38.55:423][  0]LogSlate: Took 0.006750 seconds to synchronously load lazily loaded font '../../../Engine/Content/Slate/Fonts/Roboto-Bold.ttf' (160K)
[2017.07.07-19.38.55:434][  0]LogSlate: Took 0.008816 seconds to synchronously load lazily loaded font '../../../Engine/Content/Editor/Slate/Fonts/FontAwesome.ttf' (139K)
[2017.07.07-19.38.55:442][  0]LogSlate: Took 0.007416 seconds to synchronously load lazily loaded font '../../../Engine/Content/Editor/Slate/Fonts/DroidSansMono.ttf' (77K)
[2017.07.07-19.38.55:521][  0]LogRenderer: Reallocating scene render targets to support 1036x732 NumSamples 1 (Frame:1).
[2017.07.07-19.38.55:590][  0]LogSlate: Took 0.001268 seconds to synchronously load lazily loaded font '../../../Engine/Content/Slate/Fonts/Roboto-Light.ttf' (159K)
[2017.07.07-19.38.55:657][  0]LogUObjectGlobals:Warning: Failed to find object 'Class None.'
[2017.07.07-19.38.55:730][  0]LogContentBrowser: Native class hierarchy updated for 'HierarchicalLODOutliner' in 0.0017 seconds. Added 1 classes and 2 folders.
[2017.07.07-19.38.55:730][  0]LogLoad: (Engine Initialization) Total time: 23.11 seconds
[2017.07.07-19.38.55:730][  0]LogLoad: (Engine Initialization) Total Blueprint compile time: 0.09 seconds
[2017.07.07-19.38.55:730][  0]LogExternalProfiler: Found external profiler: VSPerf
[2017.07.07-19.38.55:730][  0]LogExternalProfiler: Using external profiler: VSPerf
[2017.07.07-19.38.55:740][  0]LogWindowsTextInputMethodSystem:Display: IME system now deactivated.
[2017.07.07-19.38.55:740][  0]LogOcInput: OculusInput pre-init called
[2017.07.07-19.38.55:741][  0]LogHMD: Starting GearVRController plugin
[2017.07.07-19.38.55:753][  0]LogAssetRegistry: Asset discovery search completed in 13.7510 seconds
[2017.07.07-19.38.55:755][  0]LogCollectionManager: Rebuilt the object cache for 0 collections in 0.000001 seconds (found 0 objects)
[2017.07.07-19.38.55:755][  0]LogCollectionManager: Fixed up redirectors for 0 collections in 0.000113 seconds (updated 0 objects)
[2017.07.07-19.38.55:757][  0]LogContentStreaming: Texture pool size now 1000 MB
[2017.07.07-19.40.33:498][620]Cmd: STAT FPS
[2017.07.07-19.41.02:124][ 53]LogEditorViewport: Clicking on Actor (LMB): StaticMeshActor (Floor)
[2017.07.07-19.43.21:239][350]LogEditorViewport: Clicking on Actor (LMB): StaticMeshActor (SM_Chair)
[2017.07.07-19.43.35:358][ 21]LogSlate: Took 0.000189 seconds to synchronously load lazily loaded font '../../../Engine/Content/Slate/Fonts/Roboto-Light.ttf' (159K)
[2017.07.07-19.43.35:392][ 21]LogMaterial: Missing cached shader map for material M_Chair, compiling. 
[2017.07.07-19.43.35:482][ 21]LogMaterial: Missing cached shader map for material M_Chair, compiling. 
[2017.07.07-19.43.35:518][ 21]LogMaterial: Missing cached shader map for material FMatExpressionPreview MaterialExpressionTextureSample_3, compiling. 
[2017.07.07-19.43.35:522][ 21]LogMaterial: Missing cached shader map for material FMatExpressionPreview MaterialExpressionTextureSample_2, compiling. 
[2017.07.07-19.43.35:526][ 21]LogMaterial: Missing cached shader map for material FMatExpressionPreview MaterialExpressionVectorParameter_4, compiling. 
[2017.07.07-19.43.35:529][ 21]LogMaterial: Missing cached shader map for material FMatExpressionPreview MaterialExpressionVectorParameter_2, compiling. 
[2017.07.07-19.43.35:533][ 21]LogMaterial: Missing cached shader map for material FMatExpressionPreview MaterialExpressionVectorParameter_3, compiling. 
[2017.07.07-19.43.35:542][ 21]LogSlate: Took 0.000240 seconds to synchronously load lazily loaded font '../../../Engine/Content/Editor/Slate/Fonts/Roboto-BoldCondensed.ttf' (158K)
[2017.07.07-19.43.36:539][ 70]MaterialEditorStats: Info Base pass shader: 101 instructions
[2017.07.07-19.43.36:539][ 70]MaterialEditorStats: Info Vertex shader: 31 instructions
[2017.07.07-19.43.36:539][ 70]MaterialEditorStats: Info Texture samplers: 5/16
[2017.07.07-19.43.36:539][ 70]MaterialEditorStats: Info User interpolators: 2/4 Scalars (1/4 Vectors) (TexCoords: 2, Custom: 0)
[2017.07.07-19.43.36:927][ 90]LogSlate: Took 0.021852 seconds to synchronously load lazily loaded font '../../../Engine/Content/Editor/Slate/Fonts/Roboto-Italic.ttf' (157K)
[2017.07.07-19.43.46:567][112]LogMaterial: Missing cached shader map for material M_Chair, compiling. 
[2017.07.07-19.43.47:164][146]MaterialEditorStats: Info Base pass shader: 101 instructions
[2017.07.07-19.43.47:164][146]MaterialEditorStats: Info Vertex shader: 31 instructions
[2017.07.07-19.43.47:164][146]MaterialEditorStats: Info Texture samplers: 5/16
[2017.07.07-19.43.47:164][146]MaterialEditorStats: Info User interpolators: 2/4 Scalars (1/4 Vectors) (TexCoords: 2, Custom: 0)
[2017.07.07-19.43.57:518][226]LogMaterial: Missing cached shader map for material M_Chair, compiling. 
[2017.07.07-19.43.58:118][259]MaterialEditorStats: Info Base pass shader: 101 instructions
[2017.07.07-19.43.58:118][259]MaterialEditorStats: Info Vertex shader: 31 instructions
[2017.07.07-19.43.58:118][259]MaterialEditorStats: Info Texture samplers: 5/16
[2017.07.07-19.43.58:118][259]MaterialEditorStats: Info User interpolators: 2/4 Scalars (1/4 Vectors) (TexCoords: 2, Custom: 0)
[2017.07.07-19.44.00:833][541]LogMaterial: Missing cached shader map for material M_Chair, compiling. 
[2017.07.07-19.44.01:419][573]MaterialEditorStats: Info Base pass shader: 101 instructions
[2017.07.07-19.44.01:420][573]MaterialEditorStats: Info Vertex shader: 31 instructions
[2017.07.07-19.44.01:420][573]MaterialEditorStats: Info Texture samplers: 5/16
[2017.07.07-19.44.01:420][573]MaterialEditorStats: Info User interpolators: 2/4 Scalars (1/4 Vectors) (TexCoords: 2, Custom: 0)
[2017.07.07-19.44.05:876][ 32]LogMaterial: Missing cached shader map for material M_Chair, compiling. 
[2017.07.07-19.44.06:503][ 68]MaterialEditorStats: Info Base pass shader: 101 instructions
[2017.07.07-19.44.06:503][ 68]MaterialEditorStats: Info Vertex shader: 31 instructions
[2017.07.07-19.44.06:503][ 68]MaterialEditorStats: Info Texture samplers: 5/16
[2017.07.07-19.44.06:503][ 68]MaterialEditorStats: Info User interpolators: 2/4 Scalars (1/4 Vectors) (TexCoords: 2, Custom: 0)
[2017.07.07-19.44.31:341][692]LogMaterial: Missing cached shader map for material M_Chair, compiling. 
[2017.07.07-19.44.31:369][692]LogMaterial: Missing cached shader map for material FMatExpressionPreview MaterialExpressionVectorParameter_4, compiling. 
[2017.07.07-19.44.33:760][926]LogMaterial: Missing cached shader map for material M_Chair, compiling. 
[2017.07.07-19.44.33:776][926]LogMaterial: Missing cached shader map for material FMatExpressionPreview MaterialExpressionVectorParameter_4, compiling. 
[2017.07.07-19.44.34:381][956]MaterialEditorStats: Info Base pass shader: 101 instructions
[2017.07.07-19.44.34:382][956]MaterialEditorStats: Info Vertex shader: 31 instructions
[2017.07.07-19.44.34:382][956]MaterialEditorStats: Info Texture samplers: 5/16
[2017.07.07-19.44.34:382][956]MaterialEditorStats: Info User interpolators: 2/4 Scalars (1/4 Vectors) (TexCoords: 2, Custom: 0)
[2017.07.07-19.44.37:033][248]LogMaterialEditor: Saving and Compiling material M_Chair
[2017.07.07-19.44.37:546][248]LogMaterial: Missing cached shader map for material M_Chair, compiling. 
[2017.07.07-19.44.37:603][248]LogMaterial: Missing cached shader map for material M_Chair, compiling. 
[2017.07.07-19.44.37:645][248]LogMaterial: Missing cached shader map for material M_Chair, compiling. 
[2017.07.07-19.44.37:717][248]LogMaterial: Missing cached shader map for material FDebugViewModeMaterialProxy M_Chair, compiling. 
[2017.07.07-19.44.38:105][248]TextureStreamingBuild:Display: Compiling optional shaders took 0.412 seconds.
[2017.07.07-19.44.39:649][248]LogSlate: Took 0.000218 seconds to synchronously load lazily loaded font '../../../Engine/Content/Slate/Fonts/Roboto-Regular.ttf' (155K)
[2017.07.07-19.44.39:684][248]LogSavePackage: Save=13.96ms
[2017.07.07-19.44.39:684][248]LogSavePackage: Moving '../../../../../../Udemy/Unreal/LearnUnreal/BuildingEscape/Saved/M_Chair7AE610F84314B12A9103109CAAFED5C7.tmp' to '../../../../../../Udemy/Unreal/LearnUnreal/BuildingEscape/Content/StarterContent/Props/Materials/M_Chair.uasset'
[2017.07.07-19.44.39:686][248]LogSavePackage:Display: Finished SavePackage ../../../../../../Udemy/Unreal/LearnUnreal/BuildingEscape/Content/StarterContent/Props/Materials/M_Chair.uasset
[2017.07.07-19.44.47:299][126]LogEditorViewport: Clicking on Actor (LMB): BP_Sky_Sphere_C (Sky Sphere)
[2017.07.07-19.44.54:911][  8]LogEditorViewport: Clicking on Actor (LMB): StaticMeshActor (SM_Chair)
[2017.07.07-19.44.57:288][283]LogMaterial: Missing cached shader map for material PreviewMaterial_0, compiling. 
[2017.07.07-19.44.57:363][283]LogMaterial: Missing cached shader map for material PreviewMaterial_0, compiling. 
[2017.07.07-19.44.57:376][283]LogMaterial: Missing cached shader map for material PreviewMaterial_0, compiling. 
[2017.07.07-19.44.57:415][283]LogMaterial: Missing cached shader map for material FMatExpressionPreview MaterialExpressionTextureSample_3, compiling. 
[2017.07.07-19.44.57:443][283]LogMaterial: Missing cached shader map for material FMatExpressionPreview MaterialExpressionTextureSample_2, compiling. 
[2017.07.07-19.44.57:449][283]LogMaterial: Missing cached shader map for material FMatExpressionPreview MaterialExpressionVectorParameter_4, compiling. 
[2017.07.07-19.44.57:455][283]LogMaterial: Missing cached shader map for material FMatExpressionPreview MaterialExpressionVectorParameter_2, compiling. 
[2017.07.07-19.44.57:461][283]LogMaterial: Missing cached shader map for material FMatExpressionPreview MaterialExpressionVectorParameter_3, compiling. 
[2017.07.07-19.44.58:013][305]MaterialEditorStats: Info Base pass shader: 101 instructions
[2017.07.07-19.44.58:013][305]MaterialEditorStats: Info Vertex shader: 31 instructions
[2017.07.07-19.44.58:013][305]MaterialEditorStats: Info Texture samplers: 5/16
[2017.07.07-19.44.58:013][305]MaterialEditorStats: Info User interpolators: 2/4 Scalars (1/4 Vectors) (TexCoords: 2, Custom: 0)
[2017.07.07-19.45.09:724][470]LogMaterial: Missing cached shader map for material PreviewMaterial_0, compiling. 
[2017.07.07-19.45.09:739][470]LogMaterial: Missing cached shader map for material FMatExpressionPreview MaterialExpressionVectorParameter_2, compiling. 
[2017.07.07-19.45.10:358][499]MaterialEditorStats: Info Base pass shader: 101 instructions
[2017.07.07-19.45.10:358][499]MaterialEditorStats: Info Vertex shader: 31 instructions
[2017.07.07-19.45.10:358][499]MaterialEditorStats: Info Texture samplers: 5/16
[2017.07.07-19.45.10:358][499]MaterialEditorStats: Info User interpolators: 2/4 Scalars (1/4 Vectors) (TexCoords: 2, Custom: 0)
[2017.07.07-19.45.12:156][674]LogMaterial: Missing cached shader map for material PreviewMaterial_0, compiling. 
[2017.07.07-19.45.12:168][674]LogMaterial: Missing cached shader map for material FMatExpressionPreview MaterialExpressionVectorParameter_2, compiling. 
[2017.07.07-19.45.12:792][705]MaterialEditorStats: Info Base pass shader: 101 instructions
[2017.07.07-19.45.12:792][705]MaterialEditorStats: Info Vertex shader: 31 instructions
[2017.07.07-19.45.12:792][705]MaterialEditorStats: Info Texture samplers: 5/16
[2017.07.07-19.45.12:792][705]MaterialEditorStats: Info User interpolators: 2/4 Scalars (1/4 Vectors) (TexCoords: 2, Custom: 0)
[2017.07.07-19.45.16:576][112]LogMaterial: Missing cached shader map for material PreviewMaterial_0, compiling. 
[2017.07.07-19.45.16:588][112]LogMaterial: Missing cached shader map for material FMatExpressionPreview MaterialExpressionVectorParameter_2, compiling. 
[2017.07.07-19.45.17:189][141]MaterialEditorStats: Info Base pass shader: 101 instructions
[2017.07.07-19.45.17:189][141]MaterialEditorStats: Info Vertex shader: 31 instructions
[2017.07.07-19.45.17:189][141]MaterialEditorStats: Info Texture samplers: 5/16
[2017.07.07-19.45.17:189][141]MaterialEditorStats: Info User interpolators: 2/4 Scalars (1/4 Vectors) (TexCoords: 2, Custom: 0)
[2017.07.07-19.45.19:691][402]LogMaterial: Missing cached shader map for material PreviewMaterial_0, compiling. 
[2017.07.07-19.45.19:709][402]LogMaterial: Missing cached shader map for material FMatExpressionPreview MaterialExpressionVectorParameter_2, compiling. 
[2017.07.07-19.45.20:310][432]MaterialEditorStats: Info Base pass shader: 101 instructions
[2017.07.07-19.45.20:311][432]MaterialEditorStats: Info Vertex shader: 31 instructions
[2017.07.07-19.45.20:311][432]MaterialEditorStats: Info Texture samplers: 5/16
[2017.07.07-19.45.20:311][432]MaterialEditorStats: Info User interpolators: 2/4 Scalars (1/4 Vectors) (TexCoords: 2, Custom: 0)
[2017.07.07-19.45.22:994][695]LogMaterialEditor: Saving and Compiling material M_Chair
[2017.07.07-19.45.23:513][695]LogMaterial: Missing cached shader map for material PreviewMaterial_0, compiling. 
[2017.07.07-19.45.23:567][695]LogMaterial: Missing cached shader map for material M_Chair, compiling. 
[2017.07.07-19.45.23:605][695]LogMaterial: Missing cached shader map for material M_Chair, compiling. 
[2017.07.07-19.45.23:662][695]LogMaterial: Missing cached shader map for material FDebugViewModeMaterialProxy M_Chair, compiling. 
[2017.07.07-19.45.24:082][695]TextureStreamingBuild:Display: Compiling optional shaders took 0.429 seconds.
[2017.07.07-19.45.25:621][695]LogSavePackage: Save=13.61ms
[2017.07.07-19.45.25:621][695]LogSavePackage: Moving '../../../../../../Udemy/Unreal/LearnUnreal/BuildingEscape/Saved/M_Chair008619704A037BBF6CB2AA88F6B34426.tmp' to '../../../../../../Udemy/Unreal/LearnUnreal/BuildingEscape/Content/StarterContent/Props/Materials/M_Chair.uasset'
[2017.07.07-19.45.25:623][695]LogSavePackage:Display: Finished SavePackage ../../../../../../Udemy/Unreal/LearnUnreal/BuildingEscape/Content/StarterContent/Props/Materials/M_Chair.uasset
[2017.07.07-19.45.37:851][107]LogMaterial: Missing cached shader map for material PreviewMaterial_1, compiling. 
[2017.07.07-19.45.37:932][107]LogMaterial: Missing cached shader map for material PreviewMaterial_1, compiling. 
[2017.07.07-19.45.37:967][107]LogMaterial: Missing cached shader map for material PreviewMaterial_1, compiling. 
[2017.07.07-19.45.38:006][107]LogMaterial: Missing cached shader map for material FMatExpressionPreview MaterialExpressionTextureSample_3, compiling. 
[2017.07.07-19.45.38:011][107]LogMaterial: Missing cached shader map for material FMatExpressionPreview MaterialExpressionTextureSample_2, compiling. 
[2017.07.07-19.45.38:017][107]LogMaterial: Missing cached shader map for material FMatExpressionPreview MaterialExpressionVectorParameter_4, compiling. 
[2017.07.07-19.45.38:050][107]LogMaterial: Missing cached shader map for material FMatExpressionPreview MaterialExpressionVectorParameter_2, compiling. 
[2017.07.07-19.45.38:056][107]LogMaterial: Missing cached shader map for material FMatExpressionPreview MaterialExpressionVectorParameter_3, compiling. 
[2017.07.07-19.45.38:620][129]MaterialEditorStats: Info Base pass shader: 101 instructions
[2017.07.07-19.45.38:620][129]MaterialEditorStats: Info Vertex shader: 31 instructions
[2017.07.07-19.45.38:620][129]MaterialEditorStats: Info Texture samplers: 5/16
[2017.07.07-19.45.38:620][129]MaterialEditorStats: Info User interpolators: 2/4 Scalars (1/4 Vectors) (TexCoords: 2, Custom: 0)
[2017.07.07-19.45.45:024][752]LogMaterial: Missing cached shader map for material PreviewMaterial_1, compiling. 
[2017.07.07-19.45.45:038][752]LogMaterial: Missing cached shader map for material FMatExpressionPreview MaterialExpressionVectorParameter_4, compiling. 
[2017.07.07-19.45.45:658][781]MaterialEditorStats: Info Base pass shader: 101 instructions
[2017.07.07-19.45.45:658][781]MaterialEditorStats: Info Vertex shader: 31 instructions
[2017.07.07-19.45.45:658][781]MaterialEditorStats: Info Texture samplers: 5/16
[2017.07.07-19.45.45:658][781]MaterialEditorStats: Info User interpolators: 2/4 Scalars (1/4 Vectors) (TexCoords: 2, Custom: 0)
[2017.07.07-19.45.49:317][164]LogMaterial: Missing cached shader map for material PreviewMaterial_1, compiling. 
[2017.07.07-19.45.49:348][164]LogMaterial: Missing cached shader map for material FMatExpressionPreview MaterialExpressionVectorParameter_4, compiling. 
[2017.07.07-19.45.49:905][187]MaterialEditorStats: Info Base pass shader: 101 instructions
[2017.07.07-19.45.49:906][187]MaterialEditorStats: Info Vertex shader: 31 instructions
[2017.07.07-19.45.49:906][187]MaterialEditorStats: Info Texture samplers: 5/16
[2017.07.07-19.45.49:906][187]MaterialEditorStats: Info User interpolators: 2/4 Scalars (1/4 Vectors) (TexCoords: 2, Custom: 0)
[2017.07.07-19.45.52:000][382]LogMaterial: Missing cached shader map for material PreviewMaterial_1, compiling. 
[2017.07.07-19.45.52:036][382]LogMaterial: Missing cached shader map for material FMatExpressionPreview MaterialExpressionVectorParameter_4, compiling. 
[2017.07.07-19.45.52:586][405]MaterialEditorStats: Info Base pass shader: 101 instructions
[2017.07.07-19.45.52:586][405]MaterialEditorStats: Info Vertex shader: 31 instructions
[2017.07.07-19.45.52:586][405]MaterialEditorStats: Info Texture samplers: 5/16
[2017.07.07-19.45.52:586][405]MaterialEditorStats: Info User interpolators: 2/4 Scalars (1/4 Vectors) (TexCoords: 2, Custom: 0)
[2017.07.07-19.45.56:115][749]LogMaterialEditor: Saving and Compiling material M_Chair
[2017.07.07-19.45.56:642][749]LogMaterial: Missing cached shader map for material PreviewMaterial_1, compiling. 
[2017.07.07-19.45.56:689][749]LogMaterial: Missing cached shader map for material M_Chair, compiling. 
[2017.07.07-19.45.56:728][749]LogMaterial: Missing cached shader map for material M_Chair, compiling. 
[2017.07.07-19.45.56:771][749]LogMaterial: Missing cached shader map for material FDebugViewModeMaterialProxy M_Chair, compiling. 
[2017.07.07-19.45.57:224][749]TextureStreamingBuild:Display: Compiling optional shaders took 0.462 seconds.
[2017.07.07-19.45.58:789][749]LogSavePackage: Save=13.43ms
[2017.07.07-19.45.58:789][749]LogSavePackage: Moving '../../../../../../Udemy/Unreal/LearnUnreal/BuildingEscape/Saved/M_ChairC60B21E54F853B905272BEB969AEB4F0.tmp' to '../../../../../../Udemy/Unreal/LearnUnreal/BuildingEscape/Content/StarterContent/Props/Materials/M_Chair.uasset'
[2017.07.07-19.45.58:790][749]LogSavePackage:Display: Finished SavePackage ../../../../../../Udemy/Unreal/LearnUnreal/BuildingEscape/Content/StarterContent/Props/Materials/M_Chair.uasset
[2017.07.07-19.46.52:517][143]Cmd: STAT FPS
[2017.07.07-19.48.56:558][138]Cmd: OBJ SAVEPACKAGE PACKAGE="/Game/NewMap" FILE="../../../../../../Udemy/Unreal/LearnUnreal/BuildingEscape/Saved/Autosaves/Game/NewMap_Auto1.umap" SILENT=true AUTOSAVING=true KEEPDIRTY=false
[2017.07.07-19.48.56:589][138]LogSavePackage: Save=28.73ms
[2017.07.07-19.48.56:589][138]LogSavePackage: Moving '../../../../../../Udemy/Unreal/LearnUnreal/BuildingEscape/Saved/NewMap_Auto1FF516AA74C68049A661C28806824D9F1.tmp' to '../../../../../../Udemy/Unreal/LearnUnreal/BuildingEscape/Saved/Autosaves/Game/NewMap_Auto1.umap'
[2017.07.07-19.48.56:590][138]LogSavePackage:Display: Finished SavePackage ../../../../../../Udemy/Unreal/LearnUnreal/BuildingEscape/Saved/Autosaves/Game/NewMap_Auto1.umap
[2017.07.07-19.48.56:592][138]LogFileHelpers: Editor autosave (incl. sublevels) for '/Game/NewMap' took 0.042
[2017.07.07-19.48.56:592][138]LogFileHelpers: Editor autosave (incl. sublevels) for all levels took 0.042
[2017.07.07-21.50.46:019][371]Cmd: OBJ SAVEPACKAGE PACKAGE="/Game/NewMap" FILE="../../../../../../Udemy/Unreal/LearnUnreal/BuildingEscape/Saved/Autosaves/Game/NewMap_Auto2.umap" SILENT=true AUTOSAVING=true KEEPDIRTY=false
[2017.07.07-21.50.46:061][371]LogSavePackage: Save=30.85ms
[2017.07.07-21.50.46:061][371]LogSavePackage: Moving '../../../../../../Udemy/Unreal/LearnUnreal/BuildingEscape/Saved/NewMap_Auto20058CA254E10E09EC1C758A5AB277135.tmp' to '../../../../../../Udemy/Unreal/LearnUnreal/BuildingEscape/Saved/Autosaves/Game/NewMap_Auto2.umap'
[2017.07.07-21.50.46:063][371]LogSavePackage:Display: Finished SavePackage ../../../../../../Udemy/Unreal/LearnUnreal/BuildingEscape/Saved/Autosaves/Game/NewMap_Auto2.umap
[2017.07.07-21.50.46:064][371]LogFileHelpers: Editor autosave (incl. sublevels) for '/Game/NewMap' took 0.113
[2017.07.07-21.50.46:064][371]LogFileHelpers: Editor autosave (incl. sublevels) for all levels took 0.113
[2017.07.07-21.55.59:478][687]Candidate modules for hot reload:
[2017.07.07-21.55.59:479][687]  BuildingEscape
[2017.07.07-21.55.59:479][687]Launching UnrealBuildTool... [F:/Program Files/Epic Games/UE_4.16/Engine/Binaries/DotNET/UnrealBuildTool.exe BuildingEscape -ModuleWithSuffix BuildingEscape 5060 Win64 Development -editorrecompile -canskiplink "F:/Udemy/Unreal/LearnUnreal/BuildingEscape/BuildingEscape.uproject" ]
[2017.07.07-21.55.59:694][687]Warning: Starting HotReload took  0.3s.
[2017.07.07-21.58.13:095][253]CompilerResultsLog: New page: Compilation - 7 Jul 2017 23:58:12
[2017.07.07-21.58.13:095][253]CompilerResultsLog: Info Compiling game modules for hot reload
[2017.07.07-21.58.13:095][253]CompilerResultsLog: Info Parsing headers for BuildingEscapeEditor
[2017.07.07-21.58.13:095][253]CompilerResultsLog: Info   Running UnrealHeaderTool "F:\Udemy\Unreal\LearnUnreal\BuildingEscape\BuildingEscape.uproject" "F:\Udemy\Unreal\LearnUnreal\BuildingEscape\Intermediate\Build\Win64\BuildingEscapeEditor\Development\BuildingEscapeEditor.uhtmanifest" -LogCmds="loginit warning, logexit warning, logdatabase error" -Unattended -WarningsAsErrors -installed
[2017.07.07-21.58.13:096][253]CompilerResultsLog: Info Reflection code generated for BuildingEscapeEditor in 3.6428201 seconds
[2017.07.07-21.58.13:096][253]CompilerResultsLog: Info Performing 4 actions (9 in parallel)
[2017.07.07-21.58.13:096][253]CompilerResultsLog: Info OpenDoor.cpp
[2017.07.07-21.58.13:096][253]CompilerResultsLog: Info BuildingEscape.generated.cpp
[2017.07.07-21.58.13:096][253]LogMainFrame: MainFrame: Module compiling took 133.636 seconds
[2017.07.07-21.58.13:096][253]Warning: HotReload failed, recompile failed
[2017.07.07-22.01.54:519][615]Candidate modules for hot reload:
[2017.07.07-22.01.54:519][615]  BuildingEscape
[2017.07.07-22.01.54:520][615]Launching UnrealBuildTool... [F:/Program Files/Epic Games/UE_4.16/Engine/Binaries/DotNET/UnrealBuildTool.exe BuildingEscape -ModuleWithSuffix BuildingEscape 1264 Win64 Development -editorrecompile -canskiplink "F:/Udemy/Unreal/LearnUnreal/BuildingEscape/BuildingEscape.uproject" ]
[2017.07.07-22.01.54:712][615]Warning: Starting HotReload took  0.2s.
[2017.07.07-22.02.14:203][953]CompilerResultsLog: New page: Compilation - 8 Jul 2017 00:02:14
[2017.07.07-22.02.14:203][953]CompilerResultsLog: Info Compiling game modules for hot reload
[2017.07.07-22.02.14:203][953]CompilerResultsLog: Info Performing full C++ include scan (no include cache file)
[2017.07.07-22.02.14:203][953]CompilerResultsLog: Info Parsing headers for BuildingEscapeEditor
[2017.07.07-22.02.14:203][953]CompilerResultsLog: Info   Running UnrealHeaderTool "F:\Udemy\Unreal\LearnUnreal\BuildingEscape\BuildingEscape.uproject" "F:\Udemy\Unreal\LearnUnreal\BuildingEscape\Intermediate\Build\Win64\BuildingEscapeEditor\Development\BuildingEscapeEditor.uhtmanifest" -LogCmds="loginit warning, logexit warning, logdatabase error" -Unattended -WarningsAsErrors -installed
[2017.07.07-22.02.14:204][953]CompilerResultsLog: Info Reflection code generated for BuildingEscapeEditor in 3.0157164 seconds
[2017.07.07-22.02.14:204][953]CompilerResultsLog: Info Performing 4 actions (9 in parallel)
[2017.07.07-22.02.14:204][953]CompilerResultsLog: Info BuildingEscape.generated.cpp
[2017.07.07-22.02.14:204][953]CompilerResultsLog: Info OpenDoor.cpp
[2017.07.07-22.02.14:204][953]CompilerResultsLog: Info [3/4] Link UE4Editor-BuildingEscape-1264.dll
[2017.07.07-22.02.14:204][953]CompilerResultsLog: Info [4/4] Link UE4Editor-BuildingEscape-1264.lib
[2017.07.07-22.02.14:204][953]CompilerResultsLog: Info    Creating library F:\Udemy\Unreal\LearnUnreal\BuildingEscape\Intermediate\Build\Win64\UE4Editor\Development\UE4Editor-BuildingEscape-1264.lib and object F:\Udemy\Unreal\LearnUnreal\BuildingEscape\Intermediate\Build\Win64\UE4Editor\Development\UE4Editor-BuildingEscape-1264.exp
[2017.07.07-22.02.14:204][953]CompilerResultsLog: Info    Creating library F:\Udemy\Unreal\LearnUnreal\BuildingEscape\Intermediate\Build\Win64\UE4Editor\Development\UE4Editor-BuildingEscape-1264.suppressed.lib and object F:\Udemy\Unreal\LearnUnreal\BuildingEscape\Intermediate\Build\Win64\UE4Editor\Development\UE4Editor-BuildingEscape-1264.suppressed.exp
[2017.07.07-22.02.14:205][953]CompilerResultsLog: Info Total build time: 19.21 seconds (Local executor: 13.16 seconds)
[2017.07.07-22.02.14:205][953]LogMainFrame: MainFrame: Module compiling took 19.703 seconds
[2017.07.07-22.02.14:375][953]LogClass: Could not find existing class OpenDoor in package /Script/BuildingEscape for HotReload, assuming new class
[2017.07.07-22.02.14:377][953]LogHotReload: Re-instancing OpenDoor after hot-reload.
[2017.07.07-22.02.14:414][953]LogContentBrowser: Native class hierarchy updated for 'BuildingEscape' in 0.0014 seconds. Added 3 classes and 2 folders.
[2017.07.07-22.02.14:416][953]Display: HotReload successful (0 functions remapped  0 scriptstructs remapped)
[2017.07.07-22.02.14:496][953]LogContentBrowser: Native class hierarchy populated in 0.0092 seconds. Added 2334 classes and 497 folders.
[2017.07.07-22.02.14:496][953]Display: HotReload took 20.0s.
[2017.07.07-22.03.23:446][360]LogEditorViewport: Clicking on Actor (double click): StaticMeshActor (SM_Statue)
[2017.07.07-22.03.29:686][ 82]Cmd: TRANSACTION UNDO
[2017.07.07-22.03.29:686][ 82]LogEditorTransaction: Undo Move Actors
[2017.07.07-22.03.30:613][189]LogEditorViewport: Clicking on Actor (LMB): PointLight (PointLight1)
[2017.07.07-22.04.04:191][739]LogRenderer: Reallocating scene render targets to support 1040x732 NumSamples 1 (Frame:77922).
[2017.07.07-22.04.04:247][740]LogRenderer: Reallocating scene render targets to support 1044x732 NumSamples 1 (Frame:77924).
[2017.07.07-22.04.04:294][741]LogRenderer: Reallocating scene render targets to support 1048x732 NumSamples 1 (Frame:77926).
[2017.07.07-22.04.04:649][772]LogRenderer: Reallocating scene render targets to support 1052x732 NumSamples 1 (Frame:77930).
[2017.07.07-22.04.31:261][952]Cmd: OBJ SAVEPACKAGE PACKAGE="/Game/NewMap" FILE="../../../../../../Udemy/Unreal/LearnUnreal/BuildingEscape/Saved/Autosaves/Game/NewMap_Auto3.umap" SILENT=true AUTOSAVING=true KEEPDIRTY=false
[2017.07.07-22.04.31:295][952]LogSavePackage: Save=31.16ms
[2017.07.07-22.04.31:295][952]LogSavePackage: Moving '../../../../../../Udemy/Unreal/LearnUnreal/BuildingEscape/Saved/NewMap_Auto3700513624F9C2B04CE1F8EA9058B7D75.tmp' to '../../../../../../Udemy/Unreal/LearnUnreal/BuildingEscape/Saved/Autosaves/Game/NewMap_Auto3.umap'
[2017.07.07-22.04.31:296][952]LogSavePackage:Display: Finished SavePackage ../../../../../../Udemy/Unreal/LearnUnreal/BuildingEscape/Saved/Autosaves/Game/NewMap_Auto3.umap
[2017.07.07-22.04.31:298][952]LogFileHelpers: Editor autosave (incl. sublevels) for '/Game/NewMap' took 0.045
[2017.07.07-22.04.31:298][952]LogFileHelpers: Editor autosave (incl. sublevels) for all levels took 0.045
[2017.07.07-22.05.39:777][133]LogEditorViewport: Clicking on Actor (LMB): TriggerVolume (TriggerVolume)
[2017.07.07-22.05.52:194][604]LogTemp: Repeting last play command: Selected Viewport
[2017.07.07-22.05.52:299][604]LogPlayLevel: PlayLevel: No blueprints needed recompiling
[2017.07.07-22.05.52:299][604]PIE: New page: PIE session: NewMap (8 Jul 2017 00:05:52)
[2017.07.07-22.05.52:299][604]LogPlayLevel: Creating play world package: /Game/UEDPIE_0_NewMap
[2017.07.07-22.05.52:302][604]LogPlayLevel: PIE: StaticDuplicateObject took: (0.002702s)
[2017.07.07-22.05.52:304][604]LogAIModule: Creating AISystem for world NewMap
[2017.07.07-22.05.52:304][604]LogPlayLevel: PIE: World Init took: (0.001730s)
[2017.07.07-22.05.52:304][604]LogPlayLevel: PIE: Created PIE world by copying editor world from /Game/NewMap.NewMap to /Game/UEDPIE_0_NewMap.NewMap (0.004866s)
[2017.07.07-22.05.52:343][604]LogInit: XAudio2 using 'Speakers (Realtek High Definition Audio)' : 2 channels at 48 kHz using 32 bits per sample (channel mask 0x3)
[2017.07.07-22.05.52:368][604]LogInit: FAudioDevice initialized.
[2017.07.07-22.05.52:413][604]LogUObjectGlobals:Warning: Failed to find object 'Class /Script/BuildingEscape.BuildingEscapeGameMode'
[2017.07.07-22.05.52:413][604]LogLoad: Game class is 'GameModeBase'
[2017.07.07-22.05.52:416][604]LogWorld: Bringing World /Game/UEDPIE_0_NewMap.NewMap up for play (max tick rate 0) at 2017.07.07-23.05.52
[2017.07.07-22.05.52:416][604]LogWorld: Bringing up level for play took: 0.001463
[2017.07.07-22.05.52:450][604]LogContentBrowser: Native class hierarchy updated for 'MovieSceneCapture' in 0.0012 seconds. Added 11 classes and 0 folders.
[2017.07.07-22.05.52:451][604]LogTemp:Warning: SM_Chair_2 is at X=-335.000 Y=-95.000 Z=20.000
[2017.07.07-22.05.52:452][604]PIE: Info Play in editor start time for /Game/UEDPIE_0_NewMap -0.155
[2017.07.07-22.10.01:196][998]Candidate modules for hot reload:
[2017.07.07-22.10.01:196][998]  BuildingEscape
[2017.07.07-22.10.01:196][998]Launching UnrealBuildTool... [F:/Program Files/Epic Games/UE_4.16/Engine/Binaries/DotNET/UnrealBuildTool.exe BuildingEscape -ModuleWithSuffix BuildingEscape 3605 Win64 Development -editorrecompile -canskiplink "F:/Udemy/Unreal/LearnUnreal/BuildingEscape/BuildingEscape.uproject" ]
[2017.07.07-22.10.01:396][998]Warning: Starting HotReload took  0.2s.
[2017.07.07-22.10.17:422][708]CompilerResultsLog: New page: Compilation - 8 Jul 2017 00:10:17
[2017.07.07-22.10.17:422][708]CompilerResultsLog: Info Compiling game modules for hot reload
[2017.07.07-22.10.17:423][708]CompilerResultsLog: Info Parsing headers for BuildingEscapeEditor
[2017.07.07-22.10.17:423][708]CompilerResultsLog: Info   Running UnrealHeaderTool "F:\Udemy\Unreal\LearnUnreal\BuildingEscape\BuildingEscape.uproject" "F:\Udemy\Unreal\LearnUnreal\BuildingEscape\Intermediate\Build\Win64\BuildingEscapeEditor\Development\BuildingEscapeEditor.uhtmanifest" -LogCmds="loginit warning, logexit warning, logdatabase error" -Unattended -WarningsAsErrors -installed
[2017.07.07-22.10.17:423][708]CompilerResultsLog: Info Reflection code generated for BuildingEscapeEditor in 3.1602331 seconds
[2017.07.07-22.10.17:423][708]CompilerResultsLog: Info Performing 4 actions (9 in parallel)
[2017.07.07-22.10.17:423][708]CompilerResultsLog: Info OpenDoor.cpp
[2017.07.07-22.10.17:423][708]CompilerResultsLog: Info BuildingEscape.generated.cpp
[2017.07.07-22.10.17:423][708]CompilerResultsLog: Info [3/4] Link UE4Editor-BuildingEscape-3605.dll
[2017.07.07-22.10.17:423][708]CompilerResultsLog: Info [4/4] Link UE4Editor-BuildingEscape-3605.lib
[2017.07.07-22.10.17:423][708]CompilerResultsLog: Info    Creating library F:\Udemy\Unreal\LearnUnreal\BuildingEscape\Intermediate\Build\Win64\UE4Editor\Development\UE4Editor-BuildingEscape-3605.lib and object F:\Udemy\Unreal\LearnUnreal\BuildingEscape\Intermediate\Build\Win64\UE4Editor\Development\UE4Editor-BuildingEscape-3605.exp
[2017.07.07-22.10.17:424][708]CompilerResultsLog: Info    Creating library F:\Udemy\Unreal\LearnUnreal\BuildingEscape\Intermediate\Build\Win64\UE4Editor\Development\UE4Editor-BuildingEscape-3605.suppressed.lib and object F:\Udemy\Unreal\LearnUnreal\BuildingEscape\Intermediate\Build\Win64\UE4Editor\Development\UE4Editor-BuildingEscape-3605.suppressed.exp
[2017.07.07-22.10.17:424][708]CompilerResultsLog: Info Total build time: 15.78 seconds (Local executor: 10.58 seconds)
[2017.07.07-22.10.17:424][708]LogMainFrame: MainFrame: Module compiling took 16.246 seconds
[2017.07.07-22.10.17:490][708]LogClass: Could not find existing class OpenDoor in package /Script/BuildingEscape for HotReload, assuming new class
[2017.07.07-22.10.17:493][708]LogHotReload: Re-instancing OpenDoor after hot-reload.
[2017.07.07-22.10.17:526][708]LogContentBrowser: Native class hierarchy updated for 'BuildingEscape' in 0.0014 seconds. Added 3 classes and 2 folders.
[2017.07.07-22.10.17:527][708]Display: HotReload successful (0 functions remapped  0 scriptstructs remapped)
[2017.07.07-22.10.17:551][708]LogContentBrowser: Native class hierarchy populated in 0.0095 seconds. Added 2334 classes and 497 folders.
[2017.07.07-22.10.17:551][708]Display: HotReload took 16.4s.
[2017.07.07-22.15.23:597][473]LogTemp: Repeting last play command: Selected Viewport
[2017.07.07-22.15.23:607][473]LogPlayLevel: PlayLevel: No blueprints needed recompiling
[2017.07.07-22.15.23:607][473]PIE: New page: PIE session: NewMap (8 Jul 2017 00:15:23)
[2017.07.07-22.15.23:607][473]LogPlayLevel: Creating play world package: /Game/UEDPIE_0_NewMap
[2017.07.07-22.15.23:610][473]LogPlayLevel: PIE: StaticDuplicateObject took: (0.002723s)
[2017.07.07-22.15.23:611][473]LogAIModule: Creating AISystem for world NewMap
[2017.07.07-22.15.23:611][473]LogPlayLevel: PIE: World Init took: (0.000967s)
[2017.07.07-22.15.23:612][473]LogPlayLevel: PIE: Created PIE world by copying editor world from /Game/NewMap.NewMap to /Game/UEDPIE_0_NewMap.NewMap (0.004161s)
[2017.07.07-22.15.23:631][473]LogInit: XAudio2 using 'Speakers (Realtek High Definition Audio)' : 2 channels at 48 kHz using 32 bits per sample (channel mask 0x3)
[2017.07.07-22.15.23:642][473]LogInit: FAudioDevice initialized.
[2017.07.07-22.15.23:672][473]LogLoad: Game class is 'GameModeBase'
[2017.07.07-22.15.23:674][473]LogWorld: Bringing World /Game/UEDPIE_0_NewMap.NewMap up for play (max tick rate 0) at 2017.07.07-23.15.23
[2017.07.07-22.15.23:674][473]LogWorld: Bringing up level for play took: 0.001174
[2017.07.07-22.15.23:675][473]LogTemp:Warning: SM_Chair_2 is at X=-335.000 Y=-95.000 Z=20.000
[2017.07.07-22.15.23:675][473]PIE: Info Play in editor start time for /Game/UEDPIE_0_NewMap -0.932
[2017.07.07-22.15.37:129][932]LogEditorViewport: Clicking on Actor (LMB): StaticMeshActor (SM_Door)
[2017.07.07-22.15.56:137][683]LogEditorViewport: Clicking on Actor (LMB): StaticMeshActor (SM_Door)
[2017.07.07-22.16.16:026][ 41]LogEditorViewport: Clicking on Actor (LMB): DefaultPawn (DefaultPawn)
[2017.07.07-22.16.18:027][214]LogEditorViewport: Clicking on Actor (LMB): StaticMeshActor (SM_Door)
[2017.07.07-22.16.38:836][661]Candidate modules for hot reload:
[2017.07.07-22.16.38:836][661]  BuildingEscape
[2017.07.07-22.16.38:836][661]Launching UnrealBuildTool... [F:/Program Files/Epic Games/UE_4.16/Engine/Binaries/DotNET/UnrealBuildTool.exe BuildingEscape -ModuleWithSuffix BuildingEscape 2822 Win64 Development -editorrecompile -canskiplink "F:/Udemy/Unreal/LearnUnreal/BuildingEscape/BuildingEscape.uproject" ]
[2017.07.07-22.16.38:894][661]Warning: Starting HotReload took  0.1s.
[2017.07.07-22.16.56:414][763]CompilerResultsLog: New page: Compilation - 8 Jul 2017 00:16:56
[2017.07.07-22.16.56:414][763]CompilerResultsLog: Info Compiling game modules for hot reload
[2017.07.07-22.16.56:414][763]CompilerResultsLog: Info Parsing headers for BuildingEscapeEditor
[2017.07.07-22.16.56:414][763]CompilerResultsLog: Info   Running UnrealHeaderTool "F:\Udemy\Unreal\LearnUnreal\BuildingEscape\BuildingEscape.uproject" "F:\Udemy\Unreal\LearnUnreal\BuildingEscape\Intermediate\Build\Win64\BuildingEscapeEditor\Development\BuildingEscapeEditor.uhtmanifest" -LogCmds="loginit warning, logexit warning, logdatabase error" -Unattended -WarningsAsErrors -installed
[2017.07.07-22.16.56:414][763]CompilerResultsLog: Info Reflection code generated for BuildingEscapeEditor in 3.0026383 seconds
[2017.07.07-22.16.56:415][763]CompilerResultsLog: Info Performing 4 actions (9 in parallel)
[2017.07.07-22.16.56:415][763]CompilerResultsLog: Info BuildingEscape.generated.cpp
[2017.07.07-22.16.56:415][763]CompilerResultsLog: Info OpenDoor.cpp
[2017.07.07-22.16.56:415][763]CompilerResultsLog: Info [3/4] Link UE4Editor-BuildingEscape-2822.dll
[2017.07.07-22.16.56:415][763]CompilerResultsLog: Info [4/4] Link UE4Editor-BuildingEscape-2822.lib
[2017.07.07-22.16.56:415][763]CompilerResultsLog: Info    Creating library F:\Udemy\Unreal\LearnUnreal\BuildingEscape\Intermediate\Build\Win64\UE4Editor\Development\UE4Editor-BuildingEscape-2822.lib and object F:\Udemy\Unreal\LearnUnreal\BuildingEscape\Intermediate\Build\Win64\UE4Editor\Development\UE4Editor-BuildingEscape-2822.exp
[2017.07.07-22.16.56:415][763]CompilerResultsLog: Info    Creating library F:\Udemy\Unreal\LearnUnreal\BuildingEscape\Intermediate\Build\Win64\UE4Editor\Development\UE4Editor-BuildingEscape-2822.suppressed.lib and object F:\Udemy\Unreal\LearnUnreal\BuildingEscape\Intermediate\Build\Win64\UE4Editor\Development\UE4Editor-BuildingEscape-2822.suppressed.exp
[2017.07.07-22.16.56:415][763]CompilerResultsLog: Info Total build time: 17.32 seconds (Local executor: 12.46 seconds)
[2017.07.07-22.16.56:415][763]LogMainFrame: MainFrame: Module compiling took 17.597 seconds
[2017.07.07-22.16.56:458][763]LogContentBrowser: Native class hierarchy updated for 'BuildingEscape' in 0.0012 seconds. Added 3 classes and 2 folders.
[2017.07.07-22.16.56:459][763]Display: HotReload successful (0 functions remapped  0 scriptstructs remapped)
[2017.07.07-22.16.56:482][763]LogContentBrowser: Native class hierarchy populated in 0.0090 seconds. Added 2334 classes and 497 folders.
[2017.07.07-22.16.56:482][763]Display: HotReload took 17.7s.
[2017.07.07-22.17.03:397][593]LogTemp: Repeting last play command: Selected Viewport
[2017.07.07-22.17.03:407][593]LogPlayLevel: PlayLevel: No blueprints needed recompiling
[2017.07.07-22.17.03:407][593]PIE: New page: PIE session: NewMap (8 Jul 2017 00:17:03)
[2017.07.07-22.17.03:407][593]LogPlayLevel: Creating play world package: /Game/UEDPIE_0_NewMap
[2017.07.07-22.17.03:409][593]LogPlayLevel: PIE: StaticDuplicateObject took: (0.002259s)
[2017.07.07-22.17.03:410][593]LogAIModule: Creating AISystem for world NewMap
[2017.07.07-22.17.03:410][593]LogPlayLevel: PIE: World Init took: (0.000763s)
[2017.07.07-22.17.03:410][593]LogPlayLevel: PIE: Created PIE world by copying editor world from /Game/NewMap.NewMap to /Game/UEDPIE_0_NewMap.NewMap (0.003400s)
[2017.07.07-22.17.03:429][593]LogInit: XAudio2 using 'Speakers (Realtek High Definition Audio)' : 2 channels at 48 kHz using 32 bits per sample (channel mask 0x3)
[2017.07.07-22.17.03:439][593]LogInit: FAudioDevice initialized.
[2017.07.07-22.17.03:470][593]LogLoad: Game class is 'GameModeBase'
[2017.07.07-22.17.03:472][593]LogWorld: Bringing World /Game/UEDPIE_0_NewMap.NewMap up for play (max tick rate 0) at 2017.07.07-23.17.03
[2017.07.07-22.17.03:472][593]LogWorld: Bringing up level for play took: 0.001146
[2017.07.07-22.17.03:473][593]LogTemp:Warning: SM_Chair_2 is at X=-335.000 Y=-95.000 Z=20.000
[2017.07.07-22.17.03:473][593]PIE: Info Play in editor start time for /Game/UEDPIE_0_NewMap 0.866
[2017.07.07-22.18.08:431][554]Cmd: OBJ SAVEPACKAGE PACKAGE="/Game/NewMap" FILE="../../../../../../Udemy/Unreal/LearnUnreal/BuildingEscape/Saved/Autosaves/Game/NewMap_Auto4.umap" SILENT=true AUTOSAVING=true KEEPDIRTY=false
[2017.07.07-22.18.08:465][554]LogSavePackage: Save=31.07ms
[2017.07.07-22.18.08:465][554]LogSavePackage: Moving '../../../../../../Udemy/Unreal/LearnUnreal/BuildingEscape/Saved/NewMap_Auto48EA5050D4D9B2289183B52905D626D57.tmp' to '../../../../../../Udemy/Unreal/LearnUnreal/BuildingEscape/Saved/Autosaves/Game/NewMap_Auto4.umap'
[2017.07.07-22.18.08:466][554]LogSavePackage:Display: Finished SavePackage ../../../../../../Udemy/Unreal/LearnUnreal/BuildingEscape/Saved/Autosaves/Game/NewMap_Auto4.umap
[2017.07.07-22.18.08:468][554]LogFileHelpers: Editor autosave (incl. sublevels) for '/Game/NewMap' took 0.044
[2017.07.07-22.18.08:468][554]LogFileHelpers: Editor autosave (incl. sublevels) for all levels took 0.044
[2017.07.07-22.18.50:157][224]Cmd: OBJ SAVEPACKAGE PACKAGE="/Game/NewMap" FILE="../../../../../../Udemy/Unreal/LearnUnreal/BuildingEscape/Content/NewMap.umap" SILENT=true AUTOSAVING=false KEEPDIRTY=false
[2017.07.07-22.18.50:198][224]LogSavePackage: Save=31.72ms
[2017.07.07-22.18.50:198][224]LogSavePackage: Moving '../../../../../../Udemy/Unreal/LearnUnreal/BuildingEscape/Saved/NewMap5AC6A57C43A187FD74E6A5BD62AEE8B2.tmp' to '../../../../../../Udemy/Unreal/LearnUnreal/BuildingEscape/Content/NewMap.umap'
[2017.07.07-22.18.50:199][224]LogSavePackage:Display: Finished SavePackage ../../../../../../Udemy/Unreal/LearnUnreal/BuildingEscape/Content/NewMap.umap
[2017.07.07-22.18.50:213][224]LogFileHelpers: Saving map 'NewMap' took 3.817
[2017.07.07-22.18.50:248][224]LogWindowsTextInputMethodSystem:Display: IME system now deactivated.
[2017.07.07-22.18.50:426][225]Cmd: QUIT_EDITOR
[2017.07.07-22.18.51:307][225]LogExit: Preparing to exit.
[2017.07.07-22.18.51:961][225]LogDirectoryWatcher: A directory notification for 'F:/Udemy/Unreal/LearnUnreal/BuildingEscape/Content/' was aborted.
[2017.07.07-22.18.51:980][225]LogExit: Editor shut down
[2017.07.07-22.18.51:987][225]LogExit: Transaction tracking system shut down
[2017.07.07-22.18.52:037][225]LogObj: Freed 0b from 0 cluster array pools.
[2017.07.07-22.18.52:037][225]LogExit: Object subsystem successfully closed.
[2017.07.07-22.18.52:062][225]LogD3D11RHI: Shutdown
[2017.07.07-22.18.52:062][225]LogD3D11RHI: CleanupD3DDevice
[2017.07.07-22.18.52:340][225]LogD3D11RHI: ~FD3D11DynamicRHI
[2017.07.07-22.18.52:348][225]LogModuleManager: Shutting down and abandoning module BuildingEscape (533)
[2017.07.07-22.18.52:348][225]LogModuleManager: Shutting down and abandoning module MovieSceneCapture (531)
[2017.07.07-22.18.52:348][225]LogModuleManager: Shutting down and abandoning module MaterialEditor (528)
[2017.07.07-22.18.52:348][225]LogModuleManager: Shutting down and abandoning module HierarchicalLODOutliner (526)
[2017.07.07-22.18.52:348][225]LogModuleManager: Shutting down and abandoning module CrashTracker (524)
[2017.07.07-22.18.52:348][225]LogModuleManager: Shutting down and abandoning module AddContentDialog (522)
[2017.07.07-22.18.52:348][225]LogDirectoryWatcher: A directory notification for 'F:/Program Files/Epic Games/UE_4.16/FeaturePacks/' was aborted.
[2017.07.07-22.18.52:349][225]LogModuleManager: Shutting down and abandoning module WidgetCarousel (521)
[2017.07.07-22.18.52:349][225]LogModuleManager: Shutting down and abandoning module EditorWidgets (518)
[2017.07.07-22.18.52:349][225]LogModuleManager: Shutting down and abandoning module CollectionManager (516)
[2017.07.07-22.18.52:349][225]LogDirectoryWatcher: A directory notification for 'F:/Udemy/Unreal/LearnUnreal/BuildingEscape/Content/Collections/' was aborted.
[2017.07.07-22.18.52:350][225]LogDirectoryWatcher: A directory notification for 'F:/Udemy/Unreal/LearnUnreal/BuildingEscape/Content/Developers/Nial/Collections/' was aborted.
[2017.07.07-22.18.52:350][225]LogDirectoryWatcher: A directory notification for 'F:/Udemy/Unreal/LearnUnreal/BuildingEscape/Saved/Collections/' was aborted.
[2017.07.07-22.18.52:350][225]LogModuleManager: Shutting down and abandoning module SceneOutliner (514)
[2017.07.07-22.18.52:350][225]LogModuleManager: Shutting down and abandoning module StatsViewer (512)
[2017.07.07-22.18.52:350][225]LogModuleManager: Shutting down and abandoning module FoliageEdit (510)
[2017.07.07-22.18.52:350][225]LogModuleManager: Shutting down and abandoning module LandscapeEditor (508)
[2017.07.07-22.18.52:350][225]LogModuleManager: Shutting down and abandoning module MeshPaintMode (506)
[2017.07.07-22.18.52:350][225]LogModuleManager: Shutting down and abandoning module SceneDepthPickerMode (504)
[2017.07.07-22.18.52:350][225]LogModuleManager: Shutting down and abandoning module ActorPickerMode (502)
[2017.07.07-22.18.52:350][225]LogModuleManager: Shutting down and abandoning module GeometryMode (500)
[2017.07.07-22.18.52:350][225]LogModuleManager: Shutting down and abandoning module TextureAlignMode (498)
[2017.07.07-22.18.52:350][225]LogModuleManager: Shutting down and abandoning module BspMode (496)
[2017.07.07-22.18.52:350][225]LogModuleManager: Shutting down and abandoning module HardwareSurvey (494)
[2017.07.07-22.18.52:350][225]LogModuleManager: Shutting down and abandoning module SequenceRecorderSections (492)
[2017.07.07-22.18.52:350][225]LogModuleManager: Shutting down and abandoning module AutomationWorker (490)
[2017.07.07-22.18.52:350][225]LogModuleManager: Shutting down and abandoning module MatineeToLevelSequence (488)
[2017.07.07-22.18.52:350][225]LogModuleManager: Shutting down and abandoning module LevelSequenceEditor (486)
[2017.07.07-22.18.52:350][225]LogModuleManager: Shutting down and abandoning module PlacementMode (485)
[2017.07.07-22.18.52:350][225]LogModuleManager: Shutting down and abandoning module WmfMediaFactory (482)
[2017.07.07-22.18.52:350][225]LogModuleManager: Shutting down and abandoning module WmfMediaEditor (480)
[2017.07.07-22.18.52:350][225]LogModuleManager: Shutting down and abandoning module AvfMediaFactory (478)
[2017.07.07-22.18.52:350][225]LogModuleManager: Shutting down and abandoning module AvfMediaEditor (476)
[2017.07.07-22.18.52:350][225]LogModuleManager: Shutting down and abandoning module AndroidMediaFactory (474)
[2017.07.07-22.18.52:350][225]LogModuleManager: Shutting down and abandoning module Media (473)
[2017.07.07-22.18.52:350][225]LogModuleManager: Shutting down and abandoning module AndroidMediaEditor (470)
[2017.07.07-22.18.52:350][225]LogModuleManager: Shutting down and abandoning module CharacterAI (468)
[2017.07.07-22.18.52:350][225]LogModuleManager: Shutting down and abandoning module AudioCapture (466)
[2017.07.07-22.18.52:350][225]LogModuleManager: Shutting down and abandoning module SequenceRecorder (465)
[2017.07.07-22.18.52:350][225]LogModuleManager: Shutting down and abandoning module SmartSnapping (462)
[2017.07.07-22.18.52:350][225]LogModuleManager: Shutting down and abandoning module SessionServices (460)
[2017.07.07-22.18.52:350][225]LogModuleManager: Shutting down and abandoning module ViewportSnapping (458)
[2017.07.07-22.18.52:350][225]LogModuleManager: Shutting down and abandoning module ViewportInteraction (456)
[2017.07.07-22.18.52:350][225]LogModuleManager: Shutting down and abandoning module ClothPainter (454)
[2017.07.07-22.18.52:350][225]LogModuleManager: Shutting down and abandoning module LogVisualizer (452)
[2017.07.07-22.18.52:351][225]LogModuleManager: Shutting down and abandoning module IntroTutorials (450)
[2017.07.07-22.18.52:351][225]LogModuleManager: Shutting down and abandoning module GameProjectGeneration (449)
[2017.07.07-22.18.52:351][225]LogModuleManager: Shutting down and abandoning module EditorLiveStreaming (446)
[2017.07.07-22.18.52:351][225]LogModuleManager: Shutting down and abandoning module IOSPlatformEditor (444)
[2017.07.07-22.18.52:351][225]LogModuleManager: Shutting down and abandoning module HTML5PlatformEditor (442)
[2017.07.07-22.18.52:351][225]LogModuleManager: Shutting down and abandoning module AndroidPlatformEditor (440)
[2017.07.07-22.18.52:351][225]LogModuleManager: Shutting down and abandoning module AndroidDeviceDetection (439)
[2017.07.07-22.18.53:193][225]LogModuleManager: Shutting down and abandoning module IOSRuntimeSettings (436)
[2017.07.07-22.18.53:193][225]LogModuleManager: Shutting down and abandoning module AndroidRuntimeSettings (434)
[2017.07.07-22.18.53:193][225]LogModuleManager: Shutting down and abandoning module InputBindingEditor (432)
[2017.07.07-22.18.53:193][225]LogModuleManager: Shutting down and abandoning module MergeActors (430)
[2017.07.07-22.18.53:193][225]LogModuleManager: Shutting down and abandoning module SizeMap (428)
[2017.07.07-22.18.53:193][225]LogModuleManager: Shutting down and abandoning module TreeMap (426)
[2017.07.07-22.18.53:193][225]LogModuleManager: Shutting down and abandoning module ReferenceViewer (424)
[2017.07.07-22.18.53:193][225]LogModuleManager: Shutting down and abandoning module LocalizationDashboard (422)
[2017.07.07-22.18.53:193][225]LogModuleManager: Shutting down and abandoning module LocalizationService (421)
[2017.07.07-22.18.53:193][225]LogModuleManager: Shutting down and abandoning module HardwareTargeting (418)
[2017.07.07-22.18.53:193][225]LogModuleManager: Shutting down and abandoning module DeviceProfileEditor (416)
[2017.07.07-22.18.53:193][225]LogModuleManager: Shutting down and abandoning module UndoHistory (414)
[2017.07.07-22.18.53:193][225]LogModuleManager: Shutting down and abandoning module UserFeedback (412)
[2017.07.07-22.18.53:193][225]LogModuleManager: Shutting down and abandoning module XmlParser (410)
[2017.07.07-22.18.53:193][225]LogModuleManager: Shutting down and abandoning module Blutility (408)
[2017.07.07-22.18.53:193][225]LogModuleManager: Shutting down and abandoning module ProjectSettingsViewer (406)
[2017.07.07-22.18.53:193][225]LogModuleManager: Shutting down and abandoning module ProjectTargetPlatformEditor (405)
[2017.07.07-22.18.53:194][225]LogModuleManager: Shutting down and abandoning module EditorSettingsViewer (402)
[2017.07.07-22.18.53:194][225]LogModuleManager: Shutting down and abandoning module SettingsEditor (400)
[2017.07.07-22.18.53:194][225]LogModuleManager: Shutting down and abandoning module ProjectLauncher (398)
[2017.07.07-22.18.53:194][225]LogModuleManager: Shutting down and abandoning module SessionFrontend (396)
[2017.07.07-22.18.53:194][225]LogModuleManager: Shutting down and abandoning module ProfilerClient (394)
[2017.07.07-22.18.53:194][225]LogModuleManager: Shutting down and abandoning module DeviceManager (392)
[2017.07.07-22.18.53:194][225]LogModuleManager: Shutting down and abandoning module TargetDeviceServices (391)
[2017.07.07-22.18.53:257][225]LogModuleManager: Shutting down and abandoning module AutomationController (388)
[2017.07.07-22.18.53:257][225]LogModuleManager: Shutting down and abandoning module AutomationWindow (386)
[2017.07.07-22.18.53:257][225]LogModuleManager: Shutting down and abandoning module Layers (384)
[2017.07.07-22.18.53:257][225]LogModuleManager: Shutting down and abandoning module ComponentVisualizers (382)
[2017.07.07-22.18.53:257][225]LogModuleManager: Shutting down and abandoning module DetailCustomizations (380)
[2017.07.07-22.18.53:257][225]LogModuleManager: Shutting down and abandoning module PackagesDialog (378)
[2017.07.07-22.18.53:257][225]LogModuleManager: Shutting down and abandoning module Persona (376)
[2017.07.07-22.18.53:257][225]LogModuleManager: Shutting down and abandoning module AdvancedPreviewScene (375)
[2017.07.07-22.18.53:257][225]LogModuleManager: Shutting down and abandoning module AnimGraph (373)
[2017.07.07-22.18.53:257][225]LogModuleManager: Shutting down and abandoning module Kismet (370)
[2017.07.07-22.18.53:257][225]LogModuleManager: Shutting down and abandoning module ClassViewer (368)
[2017.07.07-22.18.53:257][225]LogModuleManager: Shutting down and abandoning module Toolbox (366)
[2017.07.07-22.18.53:257][225]LogModuleManager: Shutting down and abandoning module ModuleUI (364)
[2017.07.07-22.18.53:257][225]LogModuleManager: Shutting down and abandoning module MovieSceneTools (362)
[2017.07.07-22.18.53:257][225]LogModuleManager: Shutting down and abandoning module OutputLog (360)
[2017.07.07-22.18.53:258][225]LogModuleManager: Shutting down and abandoning module GammaUI (358)
[2017.07.07-22.18.53:258][225]LogModuleManager: Shutting down and abandoning module Documentation (356)
[2017.07.07-22.18.53:258][225]LogModuleManager: Shutting down and abandoning module MovieSceneTracks (354)
[2017.07.07-22.18.53:258][225]LogModuleManager: Shutting down and abandoning module MovieScene (352)
[2017.07.07-22.18.53:258][225]LogModuleManager: Shutting down and abandoning module Niagara (350)
[2017.07.07-22.18.53:258][225]LogModuleManager: Shutting down and abandoning module NiagaraEditor (349)
[2017.07.07-22.18.53:258][225]LogModuleManager: Shutting down and abandoning module StreamingPauseRendering (346)
[2017.07.07-22.18.53:258][225]LogModuleManager: Shutting down and abandoning module AnalyticsET (344)
[2017.07.07-22.18.53:258][225]LogModuleManager: Shutting down and abandoning module PortalServices (342)
[2017.07.07-22.18.53:258][225]LogModuleManager: Shutting down and abandoning module PortalRpc (340)
[2017.07.07-22.18.53:258][225]LogModuleManager: Shutting down and abandoning module MessagingRpc (338)
[2017.07.07-22.18.53:258][225]LogModuleManager: Shutting down and abandoning module AIModule (336)
[2017.07.07-22.18.53:258][225]LogModuleManager: Shutting down and abandoning module GameplayDebugger (335)
[2017.07.07-22.18.53:258][225]LogModuleManager: Shutting down and abandoning module AITestSuite (333)
[2017.07.07-22.18.53:258][225]LogModuleManager: Shutting down and abandoning module ProfilerService (330)
[2017.07.07-22.18.53:472][225]LogModuleManager: Shutting down and abandoning module TaskGraph (328)
[2017.07.07-22.18.53:472][225]LogModuleManager: Shutting down and abandoning module SteamVRController (326)
[2017.07.07-22.18.53:472][225]LogModuleManager: Shutting down and abandoning module SteamVR (324)
[2017.07.07-22.18.53:472][225]LogModuleManager: Shutting down and abandoning module ProceduralMeshComponentEditor (322)
[2017.07.07-22.18.53:472][225]LogModuleManager: Shutting down and abandoning module ProceduralMeshComponent (320)
[2017.07.07-22.18.53:472][225]LogModuleManager: Shutting down and abandoning module OculusLibrary (318)
[2017.07.07-22.18.53:472][225]LogModuleManager: Shutting down and abandoning module OculusInput (316)
[2017.07.07-22.18.53:472][225]LogModuleManager: Shutting down and abandoning module MobilePatchingUtils (314)
[2017.07.07-22.18.53:472][225]LogModuleManager: Shutting down and abandoning module CustomMeshComponent (312)
[2017.07.07-22.18.53:472][225]LogModuleManager: Shutting down and abandoning module CableComponent (310)
[2017.07.07-22.18.53:472][225]LogModuleManager: Shutting down and abandoning module ArchVisCharacter (308)
[2017.07.07-22.18.53:472][225]LogModuleManager: Shutting down and abandoning module AndroidPermission (306)
[2017.07.07-22.18.53:472][225]LogModuleManager: Shutting down and abandoning module MediaPlayerEditor (302)
[2017.07.07-22.18.53:472][225]LogModuleManager: Shutting down and abandoning module HTML5Networking (300)
[2017.07.07-22.18.53:472][225]LogModuleManager: Shutting down and abandoning module AlembicImporter (298)
[2017.07.07-22.18.53:472][225]LogModuleManager: Shutting down and abandoning module AlembicLibrary (297)
[2017.07.07-22.18.53:472][225]LogModuleManager: Shutting down and abandoning module GeometryCache (296)
[2017.07.07-22.18.53:472][225]LogModuleManager: Shutting down and abandoning module GeometryCacheEd (295)
[2017.07.07-22.18.53:472][225]LogModuleManager: Shutting down and abandoning module SuperSearchEditor (290)
[2017.07.07-22.18.53:472][225]LogModuleManager: Shutting down and abandoning module SuperSearch (289)
[2017.07.07-22.18.53:472][225]LogModuleManager: Shutting down and abandoning module SpeedTreeImporter (286)
[2017.07.07-22.18.53:472][225]LogModuleManager: Shutting down and abandoning module PluginBrowser (284)
[2017.07.07-22.18.53:472][225]LogModuleManager: Shutting down and abandoning module MobileLauncherProfileWizard (282)
[2017.07.07-22.18.53:472][225]LogModuleManager: Shutting down and abandoning module VisualStudioSourceCodeAccess (280)
[2017.07.07-22.18.53:472][225]LogModuleManager: Shutting down and abandoning module DesktopPlatform (279)
[2017.07.07-22.18.53:473][225]LogModuleManager: Shutting down and abandoning module UObjectPlugin (276)
[2017.07.07-22.18.53:473][225]LogModuleManager: Shutting down and abandoning module SubversionSourceControl (274)
[2017.07.07-22.18.53:473][225]LogModuleManager: Shutting down and abandoning module PerforceSourceControl (272)
[2017.07.07-22.18.53:473][225]LogModuleManager: Shutting down and abandoning module GitSourceControl (270)
[2017.07.07-22.18.53:473][225]LogModuleManager: Shutting down and abandoning module SourceControl (269)
[2017.07.07-22.18.53:473][225]LogModuleManager: Shutting down and abandoning module LightPropagationVolumeEditor (266)
[2017.07.07-22.18.53:473][225]LogModuleManager: Shutting down and abandoning module PaperTiledImporter (264)
[2017.07.07-22.18.53:473][225]LogModuleManager: Shutting down and abandoning module PaperSpriteSheetImporter (262)
[2017.07.07-22.18.53:473][225]LogModuleManager: Shutting down and abandoning module Paper2DEditor (260)
[2017.07.07-22.18.53:473][225]LogModuleManager: Shutting down and abandoning module MeshPaint (259)
[2017.07.07-22.18.53:473][225]LogModuleManager: Shutting down and abandoning module LevelEditor (257)
[2017.07.07-22.18.53:473][225]LogModuleManager: Shutting down and abandoning module PixelInspectorModule (256)
[2017.07.07-22.18.53:473][225]LogModuleManager: Shutting down and abandoning module MainFrame (254)
[2017.07.07-22.18.53:474][225]LogModuleManager: Shutting down and abandoning module HotReload (253)
[2017.07.07-22.18.53:474][225]LogDirectoryWatcher: A directory notification for 'F:/Udemy/Unreal/LearnUnreal/BuildingEscape/Binaries/Win64' was aborted.
[2017.07.07-22.18.53:474][225]LogModuleManager: Shutting down and abandoning module PhysXVehiclesEditor (246)
[2017.07.07-22.18.53:474][225]LogModuleManager: Shutting down and abandoning module PhysXVehicles (244)
[2017.07.07-22.18.53:474][225]LogModuleManager: Shutting down and abandoning module LocationServicesBPLibrary (242)
[2017.07.07-22.18.53:474][225]LogModuleManager: Shutting down and abandoning module ImmediatePhysicsEditor (240)
[2017.07.07-22.18.53:474][225]LogModuleManager: Shutting down and abandoning module ImmediatePhysics (238)
[2017.07.07-22.18.53:474][225]LogModuleManager: Shutting down and abandoning module UdpMessaging (236)
[2017.07.07-22.18.53:576][225]LogModuleManager: Shutting down and abandoning module TcpMessaging (234)
[2017.07.07-22.18.53:677][225]LogModuleManager: Shutting down and abandoning module GameplayTagsEditor (232)
[2017.07.07-22.18.53:677][225]LogModuleManager: Shutting down and abandoning module FacialAnimationEditor (230)
[2017.07.07-22.18.53:677][225]LogModuleManager: Shutting down and abandoning module FacialAnimation (228)
[2017.07.07-22.18.53:677][225]LogModuleManager: Shutting down and abandoning module AssetManagerEditor (226)
[2017.07.07-22.18.53:677][225]LogModuleManager: Shutting down and abandoning module GraphEditor (225)
[2017.07.07-22.18.53:677][225]LogModuleManager: Shutting down and abandoning module ContentBrowser (223)
[2017.07.07-22.18.53:678][225]LogModuleManager: Shutting down and abandoning module LightPropagationVolumeRuntime (220)
[2017.07.07-22.18.53:678][225]LogModuleManager: Shutting down and abandoning module Paper2D (218)
[2017.07.07-22.18.53:678][225]LogModuleManager: Shutting down and abandoning module WindowsMoviePlayer (216)
[2017.07.07-22.18.53:678][225]LogModuleManager: Shutting down and abandoning module WmfMedia (214)
[2017.07.07-22.18.53:678][225]LogModuleManager: Shutting down and abandoning module ClothingSystemEditor (212)
[2017.07.07-22.18.53:678][225]LogModuleManager: Shutting down and abandoning module ClothingSystemRuntime (210)
[2017.07.07-22.18.53:678][225]LogModuleManager: Shutting down and abandoning module MediaAssets (208)
[2017.07.07-22.18.53:678][225]LogModuleManager: Shutting down and abandoning module GameLiveStreaming (206)
[2017.07.07-22.18.53:678][225]LogModuleManager: Shutting down and abandoning module VREditor (204)
[2017.07.07-22.18.53:678][225]LogModuleManager: Shutting down and abandoning module StringTableEditor (202)
[2017.07.07-22.18.53:678][225]LogModuleManager: Shutting down and abandoning module GameplayTasksEditor (200)
[2017.07.07-22.18.53:678][225]LogModuleManager: Shutting down and abandoning module BehaviorTreeEditor (198)
[2017.07.07-22.18.53:678][225]LogModuleManager: Shutting down and abandoning module FunctionalTesting (196)
[2017.07.07-22.18.53:678][225]LogModuleManager: Shutting down and abandoning module CollisionAnalyzer (194)
[2017.07.07-22.18.53:678][225]LogModuleManager: Shutting down and abandoning module UMG (192)
[2017.07.07-22.18.53:678][225]LogModuleManager: Shutting down and abandoning module UMGEditor (191)
[2017.07.07-22.18.53:678][225]LogModuleManager: Shutting down and abandoning module Sequencer (190)
[2017.07.07-22.18.53:678][225]LogModuleManager: Shutting down and abandoning module AssetTools (188)
[2017.07.07-22.18.53:678][225]LogModuleManager: Shutting down and abandoning module MessageLog (187)
[2017.07.07-22.18.53:678][225]LogModuleManager: Shutting down and abandoning module WorkspaceMenuStructure (186)
[2017.07.07-22.18.53:678][225]LogModuleManager: Shutting down and abandoning module SlateReflector (180)
[2017.07.07-22.18.53:679][225]LogModuleManager: Shutting down and abandoning module Slate (178)
[2017.07.07-22.18.53:679][225]LogModuleManager: Shutting down and abandoning module EditorStyle (176)
[2017.07.07-22.18.53:681][225]LogModuleManager: Shutting down and abandoning module SourceCodeAccess (174)
[2017.07.07-22.18.53:681][225]LogModuleManager: Shutting down and abandoning module HeadMountedDisplay (172)
[2017.07.07-22.18.53:681][225]LogModuleManager: Shutting down and abandoning module XAudio2 (170)
[2017.07.07-22.18.53:681][225]LogModuleManager: Shutting down and abandoning module Networking (168)
[2017.07.07-22.18.53:681][225]LogModuleManager: Shutting down and abandoning module Core (164)
[2017.07.07-22.18.53:681][225]LogModuleManager: Shutting down and abandoning module AssetRegistry (162)
[2017.07.07-22.18.53:776][225]LogDirectoryWatcher: A directory notification for '../../../Engine/Content/' was aborted.
[2017.07.07-22.18.53:776][225]LogDirectoryWatcher: A directory notification for '../../../../../../Udemy/Unreal/LearnUnreal/BuildingEscape/Content/' was aborted.
[2017.07.07-22.18.53:776][225]LogDirectoryWatcher: A directory notification for '../../../Engine/Plugins/2D/Paper2D/Content/' was aborted.
[2017.07.07-22.18.53:776][225]LogDirectoryWatcher: A directory notification for '../../../Engine/Plugins/Runtime/GearVR/Content/' was aborted.
[2017.07.07-22.18.53:778][225]LogModuleManager: Shutting down and abandoning module DirectoryWatcher (161)
[2017.07.07-22.18.53:779][225]LogModuleManager: Shutting down and abandoning module KismetCompiler (158)
[2017.07.07-22.18.53:779][225]LogModuleManager: Shutting down and abandoning module LevelSequence (156)
[2017.07.07-22.18.53:779][225]LogModuleManager: Shutting down and abandoning module PhysXFormats (154)
[2017.07.07-22.18.53:779][225]LogModuleManager: Shutting down and abandoning module MeshUtilities (152)
[2017.07.07-22.18.53:779][225]LogModuleManager: Shutting down and abandoning module SimplygonSwarm (151)
[2017.07.07-22.18.53:779][225]LogModuleManager: Shutting down and abandoning module SimplygonMeshReduction (149)
[2017.07.07-22.18.53:779][225]LogModuleManager: Shutting down and abandoning module QuadricMeshReduction (147)
[2017.07.07-22.18.53:779][225]LogModuleManager: Shutting down and abandoning module DerivedDataCache (144)
[2017.07.07-22.18.53:825][225]LogDerivedDataCache: Shutdown
[2017.07.07-22.18.53:825][225]LogModuleManager: Shutting down and abandoning module TargetPlatform (142)
[2017.07.07-22.18.53:825][225]LogModuleManager: Shutting down and abandoning module VulkanShaderFormat (141)
[2017.07.07-22.18.53:825][225]LogModuleManager: Shutting down and abandoning module ShaderFormatVectorVM (139)
[2017.07.07-22.18.53:825][225]LogModuleManager: Shutting down and abandoning module ShaderFormatOpenGL (137)
[2017.07.07-22.18.53:825][225]LogModuleManager: Shutting down and abandoning module ShaderFormatD3D (135)
[2017.07.07-22.18.53:825][225]LogModuleManager: Shutting down and abandoning module MetalShaderFormat (133)
[2017.07.07-22.18.53:825][225]LogModuleManager: Shutting down and abandoning module TextureFormatUncompressed (131)
[2017.07.07-22.18.53:825][225]LogModuleManager: Shutting down and abandoning module TextureFormatPVR (129)
[2017.07.07-22.18.53:825][225]LogModuleManager: Shutting down and abandoning module TextureFormatDXT (127)
[2017.07.07-22.18.53:825][225]LogModuleManager: Shutting down and abandoning module TextureFormatIntelISPCTexComp (125)
[2017.07.07-22.18.53:848][225]LogModuleManager: Shutting down and abandoning module TextureFormatASTC (123)
[2017.07.07-22.18.53:848][225]LogModuleManager: Shutting down and abandoning module ImageWrapper (122)
[2017.07.07-22.18.53:848][225]LogModuleManager: Shutting down and abandoning module TextureFormatAndroid (119)
[2017.07.07-22.18.53:848][225]LogModuleManager: Shutting down and abandoning module AudioFormatOpus (117)
[2017.07.07-22.18.53:848][225]LogModuleManager: Shutting down and abandoning module AudioFormatOgg (115)
[2017.07.07-22.18.53:848][225]LogModuleManager: Shutting down and abandoning module AudioFormatADPCM (113)
[2017.07.07-22.18.53:848][225]LogModuleManager: Shutting down and abandoning module LinuxTargetPlatform (111)
[2017.07.07-22.18.53:848][225]LogModuleManager: Shutting down and abandoning module LinuxServerTargetPlatform (109)
[2017.07.07-22.18.53:848][225]LogModuleManager: Shutting down and abandoning module LinuxNoEditorTargetPlatform (107)
[2017.07.07-22.18.53:848][225]LogModuleManager: Shutting down and abandoning module LinuxClientTargetPlatform (105)
[2017.07.07-22.18.53:848][225]LogModuleManager: Shutting down and abandoning module TVOSTargetPlatform (103)
[2017.07.07-22.18.53:848][225]LogModuleManager: Shutting down and abandoning module Messaging (101)
[2017.07.07-22.18.53:848][225]LogModuleManager: Shutting down and abandoning module IOSTargetPlatform (99)
[2017.07.07-22.18.53:848][225]LogModuleManager: Shutting down and abandoning module HTML5TargetPlatform (97)
[2017.07.07-22.18.53:848][225]LogModuleManager: Shutting down and abandoning module Android_PVRTCTargetPlatform (95)
[2017.07.07-22.18.53:848][225]LogModuleManager: Shutting down and abandoning module Android_MultiTargetPlatform (93)
[2017.07.07-22.18.53:848][225]LogModuleManager: Shutting down and abandoning module Android_ETC2TargetPlatform (91)
[2017.07.07-22.18.53:848][225]LogModuleManager: Shutting down and abandoning module Android_ETC1TargetPlatform (89)
[2017.07.07-22.18.53:848][225]LogModuleManager: Shutting down and abandoning module Android_DXTTargetPlatform (87)
[2017.07.07-22.18.53:848][225]LogModuleManager: Shutting down and abandoning module Android_ATCTargetPlatform (85)
[2017.07.07-22.18.53:848][225]LogModuleManager: Shutting down and abandoning module Android_ASTCTargetPlatform (83)
[2017.07.07-22.18.53:848][225]LogModuleManager: Shutting down and abandoning module AndroidTargetPlatform (81)
[2017.07.07-22.18.53:848][225]LogModuleManager: Shutting down and abandoning module WindowsTargetPlatform (79)
[2017.07.07-22.18.53:848][225]LogModuleManager: Shutting down and abandoning module WindowsServerTargetPlatform (77)
[2017.07.07-22.18.53:848][225]LogModuleManager: Shutting down and abandoning module WindowsNoEditorTargetPlatform (75)
[2017.07.07-22.18.53:848][225]LogModuleManager: Shutting down and abandoning module WindowsClientTargetPlatform (73)
[2017.07.07-22.18.53:848][225]LogModuleManager: Shutting down and abandoning module MacTargetPlatform (71)
[2017.07.07-22.18.53:848][225]LogModuleManager: Shutting down and abandoning module MacServerTargetPlatform (69)
[2017.07.07-22.18.53:848][225]LogModuleManager: Shutting down and abandoning module MacNoEditorTargetPlatform (67)
[2017.07.07-22.18.53:848][225]LogModuleManager: Shutting down and abandoning module MacClientTargetPlatform (65)
[2017.07.07-22.18.53:848][225]LogModuleManager: Shutting down and abandoning module AllDesktopTargetPlatform (63)
[2017.07.07-22.18.53:848][225]LogModuleManager: Shutting down and abandoning module InputCore (60)
[2017.07.07-22.18.53:848][225]LogModuleManager: Shutting down and abandoning module Settings (58)
[2017.07.07-22.18.53:848][225]LogModuleManager: Shutting down and abandoning module OculusRift (56)
[2017.07.07-22.18.53:848][225]LogModuleManager: Shutting down and abandoning module GearVRController (54)
[2017.07.07-22.18.53:848][225]LogModuleManager: Shutting down and abandoning module GearVR (52)
[2017.07.07-22.18.53:848][225]LogModuleManager: Shutting down and abandoning module ExampleDeviceProfileSelector (50)
[2017.07.07-22.18.53:848][225]LogModuleManager: Shutting down and abandoning module OnlineBlueprintSupport (48)
[2017.07.07-22.18.53:848][225]LogModuleManager: Shutting down and abandoning module OnlineSubsystem (44)
[2017.07.07-22.18.53:848][225]LogOnline:Display: Unloading online subsystem: NULL
[2017.07.07-22.18.53:848][225]LogModuleManager: Shutting down and abandoning module XMPP (43)
[2017.07.07-22.18.53:848][225]LogModuleManager: Shutting down and abandoning module HTTP (41)
[2017.07.07-22.18.53:848][225]LogHttp:Display: Http module shutting down, but needs to wait on 1 outstanding Http requests:
[2017.07.07-22.18.53:848][225]LogHttp:Display: 	verb=[POST] url=[https://datarouter.ol.epicgames.com/datarouter/api/v1/public/data?SessionID=%7BDD97809A-4863-2B8A-3E66-47A206B985B5%7D&AppID=UEEditor.Rocket.Release&AppVersion=4.16.2-3514769%2B%2B%2BUE4%2BRelease-4.16&UserID=da22addb45dbf246ba89d3bb8512caa0%7Cac3a6a9ec5994764aaf4a8e42b8e8634%7C1fa4ed1c-3eb9-407e-b2b0-903e4a27e1b1&AppEnvironment=datacollector-binary&UploadType=eteventstream] status=Processing
[2017.07.07-22.18.53:878][225]LogModuleManager: Shutting down and abandoning module SSL (40)
[2017.07.07-22.18.53:879][225]LogModuleManager: Shutting down and abandoning module HTTPChunkInstaller (36)
[2017.07.07-22.18.53:879][225]LogModuleManager: Shutting down and abandoning module AnimationModifiers (34)
[2017.07.07-22.18.53:879][225]LogModuleManager: Shutting down and abandoning module PropertyEditor (33)
[2017.07.07-22.18.53:879][225]LogModuleManager: Shutting down and abandoning module AudioEditor (30)
[2017.07.07-22.18.53:879][225]LogModuleManager: Shutting down and abandoning module TextureCompressor (28)
[2017.07.07-22.18.53:887][225]LogModuleManager: Shutting down and abandoning module ShaderCore (26)
[2017.07.07-22.18.53:887][225]LogModuleManager: Shutting down and abandoning module Landscape (24)
[2017.07.07-22.18.53:887][225]LogModuleManager: Shutting down and abandoning module SlateRHIRenderer (22)
[2017.07.07-22.18.53:889][225]LogModuleManager: Shutting down and abandoning module OpenGLDrv (20)
[2017.07.07-22.18.53:889][225]LogModuleManager: Shutting down and abandoning module D3D11RHI (18)
[2017.07.07-22.18.53:889][225]LogModuleManager: Shutting down and abandoning module AnimGraphRuntime (16)
[2017.07.07-22.18.53:889][225]LogModuleManager: Shutting down and abandoning module Renderer (14)
[2017.07.07-22.18.53:889][225]LogModuleManager: Shutting down and abandoning module Engine (12)
[2017.07.07-22.18.53:889][225]LogModuleManager: Shutting down and abandoning module CoreUObject (10)
[2017.07.07-22.18.53:889][225]LogModuleManager: Shutting down and abandoning module NetworkFile (8)
[2017.07.07-22.18.53:889][225]LogModuleManager: Shutting down and abandoning module StreamingFile (6)
[2017.07.07-22.18.53:889][225]LogModuleManager: Shutting down and abandoning module SandboxFile (4)
[2017.07.07-22.18.53:889][225]LogModuleManager: Shutting down and abandoning module PakFile (2)
[2017.07.07-22.18.53:890][225]LogExit: Exiting.
[2017.07.07-22.18.53:897][225]Log file closed, 07/07/17 23:18:53
